TN:
SF:src/database/mock/data.ts
FNF:0
FNH:0
DA:3,0
DA:40,0
DA:114,0
DA:182,0
DA:290,0
DA:623,0
LF:6
LH:0
BRF:0
BRH:0
end_of_record
TN:
SF:src/lambda/dummy.ts
FNF:0
FNH:0
LF:0
LH:0
BRF:0
BRH:0
end_of_record
TN:
SF:src/lambda/admin-lambda/admin-controller.ts
FN:5,getUsers
FN:11,getAdminById
FN:17,addUser
FN:25,deleteUserById
FN:37,addAdmins
FN:44,getAdminDashboard
FN:50,checkAdminAuth
FN:56,isEmailExist
FNF:8
FNH:0
FNDA:0,getUsers
FNDA:0,getAdminById
FNDA:0,addUser
FNDA:0,deleteUserById
FNDA:0,addAdmins
FNDA:0,getAdminDashboard
FNDA:0,checkAdminAuth
FNDA:0,isEmailExist
DA:2,0
DA:3,0
DA:5,0
DA:6,0
DA:7,0
DA:8,0
DA:11,0
DA:12,0
DA:13,0
DA:14,0
DA:17,0
DA:18,0
DA:19,0
DA:20,0
DA:21,0
DA:22,0
DA:25,0
DA:26,0
DA:27,0
DA:28,0
DA:29,0
DA:30,0
DA:31,0
DA:33,0
DA:37,0
DA:38,0
DA:39,0
DA:40,0
DA:41,0
DA:44,0
DA:45,0
DA:46,0
DA:47,0
DA:51,0
DA:52,0
DA:57,0
DA:58,0
DA:60,0
DA:61,0
DA:65,0
DA:66,0
LF:41
LH:0
BRDA:30,0,0,0
BRDA:30,0,1,0
BRDA:51,1,0,0
BRDA:51,1,1,0
BRDA:57,2,0,0
BRDA:57,2,1,0
BRDA:60,3,0,0
BRDA:60,3,1,0
BRF:8
BRH:0
end_of_record
TN:
SF:src/lambda/admin-lambda/admin-model.ts
FN:4,(anonymous_0)
FN:24,(anonymous_1)
FN:29,(anonymous_2)
FN:34,(anonymous_3)
FN:39,(anonymous_4)
FN:44,(anonymous_5)
FN:49,(anonymous_6)
FN:53,(anonymous_7)
FNF:8
FNH:0
FNDA:0,(anonymous_0)
FNDA:0,(anonymous_1)
FNDA:0,(anonymous_2)
FNDA:0,(anonymous_3)
FNDA:0,(anonymous_4)
FNDA:0,(anonymous_5)
FNDA:0,(anonymous_6)
FNDA:0,(anonymous_7)
DA:1,0
DA:5,0
DA:21,0
DA:25,0
DA:26,0
DA:30,0
DA:31,0
DA:35,0
DA:36,0
DA:40,0
DA:41,0
DA:45,0
DA:46,0
DA:54,0
DA:70,0
LF:15
LH:0
BRF:0
BRH:0
end_of_record
TN:
SF:src/lambda/admin-lambda/admin-service.ts
FN:8,(anonymous_1)
FN:13,(anonymous_2)
FN:19,(anonymous_3)
FN:24,(anonymous_4)
FN:28,(anonymous_5)
FN:33,(anonymous_6)
FN:37,(anonymous_7)
FN:42,(anonymous_8)
FN:47,(anonymous_9)
FNF:9
FNH:0
FNDA:0,(anonymous_1)
FNDA:0,(anonymous_2)
FNDA:0,(anonymous_3)
FNDA:0,(anonymous_4)
FNDA:0,(anonymous_5)
FNDA:0,(anonymous_6)
FNDA:0,(anonymous_7)
FNDA:0,(anonymous_8)
FNDA:0,(anonymous_9)
DA:1,0
DA:9,0
DA:10,0
DA:14,0
DA:15,0
DA:16,0
DA:20,0
DA:21,0
DA:25,0
DA:29,0
DA:30,0
DA:34,0
DA:38,0
DA:39,0
DA:43,0
DA:44,0
DA:52,0
LF:17
LH:0
BRF:0
BRH:0
end_of_record
TN:
SF:src/lambda/admin-lambda/index.ts
FN:11,(anonymous_0)
FN:24,handling
FN:25,(anonymous_2)
FN:39,getAdminL
FN:44,getUsersL
FN:49,addUserL
FN:54,deleteUserL
FN:59,getAdminDashboardL
FN:64,requestValidation
FNF:9
FNH:0
FNDA:0,(anonymous_0)
FNDA:0,handling
FNDA:0,(anonymous_2)
FNDA:0,getAdminL
FNDA:0,getUsersL
FNDA:0,addUserL
FNDA:0,deleteUserL
FNDA:0,getAdminDashboardL
FNDA:0,requestValidation
DA:9,0
DA:11,0
DA:12,0
DA:13,0
DA:14,0
DA:17,0
DA:18,0
DA:19,0
DA:20,0
DA:21,0
DA:25,0
DA:26,0
DA:27,0
DA:28,0
DA:33,0
DA:34,0
DA:40,0
DA:41,0
DA:45,0
DA:46,0
DA:50,0
DA:51,0
DA:55,0
DA:56,0
DA:60,0
DA:61,0
DA:65,0
DA:66,0
DA:67,0
DA:68,0
DA:69,0
DA:70,0
DA:72,0
LF:33
LH:0
BRDA:29,0,0,0
BRDA:29,0,1,0
BRDA:65,1,0,0
BRDA:65,1,1,0
BRDA:65,2,0,0
BRDA:65,2,1,0
BRDA:66,3,0,0
BRDA:66,3,1,0
BRDA:66,4,0,0
BRDA:66,4,1,0
BRDA:68,5,0,0
BRDA:68,5,1,0
BRDA:69,6,0,0
BRDA:69,6,1,0
BRDA:69,7,0,0
BRDA:69,7,1,0
BRDA:72,8,0,0
BRDA:72,8,1,0
BRF:18
BRH:0
end_of_record
TN:
SF:src/lambda/auth-lambda/index.ts
FN:5,(anonymous_0)
FN:10,authorizeLogin
FNF:2
FNH:1
FNDA:0,(anonymous_0)
FNDA:3,authorizeLogin
DA:1,1
DA:2,1
DA:5,1
DA:6,0
DA:10,1
DA:12,3
DA:13,3
DA:15,1
DA:17,2
DA:19,2
DA:20,0
DA:21,0
DA:22,0
DA:24,0
DA:25,0
LF:15
LH:9
BRDA:21,0,0,0
BRDA:21,0,1,0
BRF:2
BRH:0
end_of_record
TN:
SF:src/lambda/carts-lambda/carts-controller.ts
FN:5,getCartItems
FN:10,addCartItem
FN:22,updateCartItems
FN:25,(anonymous_4)
FN:29,deleteCartItem
FNF:5
FNH:0
FNDA:0,getCartItems
FNDA:0,addCartItem
FNDA:0,updateCartItems
FNDA:0,(anonymous_4)
FNDA:0,deleteCartItem
DA:3,0
DA:5,0
DA:6,0
DA:7,0
DA:10,0
DA:11,0
DA:12,0
DA:13,0
DA:18,0
DA:19,0
DA:22,0
DA:23,0
DA:24,0
DA:25,0
DA:26,0
DA:29,0
DA:30,0
DA:31,0
DA:32,0
LF:19
LH:0
BRF:0
BRH:0
end_of_record
TN:
SF:src/lambda/carts-lambda/carts-model.ts
FN:4,(anonymous_0)
FN:14,(anonymous_1)
FN:21,(anonymous_2)
FN:26,(anonymous_3)
FN:32,(anonymous_4)
FN:38,(anonymous_5)
FN:46,(anonymous_6)
FNF:7
FNH:0
FNDA:0,(anonymous_0)
FNDA:0,(anonymous_1)
FNDA:0,(anonymous_2)
FNDA:0,(anonymous_3)
FNDA:0,(anonymous_4)
FNDA:0,(anonymous_5)
FNDA:0,(anonymous_6)
DA:1,0
DA:5,0
DA:11,0
DA:15,0
DA:16,0
DA:17,0
DA:18,0
DA:22,0
DA:23,0
DA:28,0
DA:29,0
DA:33,0
DA:34,0
DA:35,0
DA:39,0
DA:40,0
DA:47,0
DA:50,0
DA:54,0
LF:19
LH:0
BRF:0
BRH:0
end_of_record
TN:
SF:src/lambda/carts-lambda/carts-service.ts
FN:5,(anonymous_1)
FN:11,(anonymous_2)
FN:21,(anonymous_3)
FN:26,(anonymous_4)
FNF:4
FNH:0
FNDA:0,(anonymous_1)
FNDA:0,(anonymous_2)
FNDA:0,(anonymous_3)
FNDA:0,(anonymous_4)
DA:1,0
DA:2,0
DA:6,0
DA:7,0
DA:8,0
DA:12,0
DA:13,0
DA:14,0
DA:15,0
DA:17,0
DA:22,0
DA:23,0
DA:27,0
DA:28,0
DA:32,0
LF:15
LH:0
BRDA:14,0,0,0
BRDA:14,0,1,0
BRF:2
BRH:0
end_of_record
TN:
SF:src/lambda/carts-lambda/index.ts
FN:11,(anonymous_0)
FN:23,handling
FN:24,(anonymous_2)
FN:39,getCartItemsL
FN:44,addCartItemL
FN:49,updateCartItemsL
FN:54,deleteCartItemL
FN:59,requestValidation
FNF:8
FNH:0
FNDA:0,(anonymous_0)
FNDA:0,handling
FNDA:0,(anonymous_2)
FNDA:0,getCartItemsL
FNDA:0,addCartItemL
FNDA:0,updateCartItemsL
FNDA:0,deleteCartItemL
FNDA:0,requestValidation
DA:1,0
DA:2,0
DA:8,0
DA:11,0
DA:12,0
DA:13,0
DA:14,0
DA:17,0
DA:18,0
DA:19,0
DA:20,0
DA:24,0
DA:25,0
DA:26,0
DA:27,0
DA:32,0
DA:33,0
DA:40,0
DA:41,0
DA:45,0
DA:46,0
DA:50,0
DA:51,0
DA:55,0
DA:56,0
DA:60,0
DA:61,0
DA:63,0
LF:28
LH:0
BRDA:28,0,0,0
BRDA:28,0,1,0
BRDA:60,1,0,0
BRDA:60,1,1,0
BRDA:60,2,0,0
BRDA:60,2,1,0
BRDA:61,3,0,0
BRDA:61,3,1,0
BRDA:61,4,0,0
BRDA:61,4,1,0
BRDA:63,5,0,0
BRDA:63,5,1,0
BRF:12
BRH:0
end_of_record
TN:
SF:src/lambda/products-lambda/index.ts
FN:13,(anonymous_0)
FN:18,addProduct
FN:30,(anonymous_2)
FN:34,(anonymous_3)
FN:40,deleteProductById
FN:49,(anonymous_5)
FN:54,(anonymous_6)
FN:61,getProductInfoById
FN:70,(anonymous_8)
FN:75,(anonymous_9)
FN:82,updateProductInfoById
FN:97,(anonymous_11)
FN:102,(anonymous_12)
FN:109,getProductsInfo
FN:117,validateProductInformation
FNF:15
FNH:3
FNDA:0,(anonymous_0)
FNDA:1,addProduct
FNDA:0,(anonymous_2)
FNDA:1,(anonymous_3)
FNDA:0,deleteProductById
FNDA:0,(anonymous_5)
FNDA:0,(anonymous_6)
FNDA:0,getProductInfoById
FNDA:0,(anonymous_8)
FNDA:0,(anonymous_9)
FNDA:0,updateProductInfoById
FNDA:0,(anonymous_11)
FNDA:0,(anonymous_12)
FNDA:0,getProductsInfo
FNDA:1,validateProductInformation
DA:1,1
DA:4,1
DA:6,1
DA:7,1
DA:8,1
DA:9,1
DA:10,1
DA:13,1
DA:14,0
DA:18,1
DA:19,1
DA:20,0
DA:26,1
DA:27,1
DA:29,1
DA:30,0
DA:34,1
DA:41,0
DA:42,0
DA:44,0
DA:45,0
DA:47,0
DA:49,0
DA:54,0
DA:62,0
DA:63,0
DA:65,0
DA:66,0
DA:68,0
DA:70,0
DA:75,0
DA:83,0
DA:84,0
DA:85,0
DA:86,0
DA:91,0
DA:92,0
DA:93,0
DA:95,0
DA:97,0
DA:102,0
DA:110,0
DA:111,0
DA:112,0
DA:113,0
DA:118,1
LF:46
LH:15
BRDA:19,0,0,0
BRDA:19,0,1,1
BRDA:41,1,0,0
BRDA:41,1,1,0
BRDA:62,2,0,0
BRDA:62,2,1,0
BRDA:83,3,0,0
BRDA:83,3,1,0
BRDA:83,4,0,0
BRDA:83,4,1,0
BRDA:85,5,0,0
BRDA:85,5,1,0
BRF:12
BRH:1
end_of_record
TN:
SF:src/lambda/shipping-lambda/index.ts
FNF:0
FNH:0
LF:0
LH:0
BRF:0
BRH:0
end_of_record
TN:
SF:src/lambda/users-lambda/UserController.ts
FN:6,(anonymous_0)
FN:9,(anonymous_1)
FN:14,(anonymous_2)
FN:21,(anonymous_3)
FN:27,(anonymous_4)
FN:33,(anonymous_5)
FN:49,(anonymous_6)
FN:55,(anonymous_7)
FN:62,(anonymous_8)
FN:68,(anonymous_9)
FN:74,(anonymous_10)
FN:80,(anonymous_11)
FN:93,(anonymous_12)
FN:99,(anonymous_13)
FN:117,(anonymous_14)
FN:123,(anonymous_15)
FN:132,(anonymous_16)
FN:139,(anonymous_17)
FN:145,(anonymous_18)
FNF:19
FNH:0
FNDA:0,(anonymous_0)
FNDA:0,(anonymous_1)
FNDA:0,(anonymous_2)
FNDA:0,(anonymous_3)
FNDA:0,(anonymous_4)
FNDA:0,(anonymous_5)
FNDA:0,(anonymous_6)
FNDA:0,(anonymous_7)
FNDA:0,(anonymous_8)
FNDA:0,(anonymous_9)
FNDA:0,(anonymous_10)
FNDA:0,(anonymous_11)
FNDA:0,(anonymous_12)
FNDA:0,(anonymous_13)
FNDA:0,(anonymous_14)
FNDA:0,(anonymous_15)
FNDA:0,(anonymous_16)
FNDA:0,(anonymous_17)
FNDA:0,(anonymous_18)
DA:2,0
DA:3,0
DA:5,0
DA:10,0
DA:11,0
DA:15,0
DA:16,0
DA:17,0
DA:22,0
DA:23,0
DA:24,0
DA:28,0
DA:29,0
DA:30,0
DA:34,0
DA:35,0
DA:36,0
DA:40,0
DA:50,0
DA:51,0
DA:52,0
DA:56,0
DA:57,0
DA:58,0
DA:63,0
DA:64,0
DA:65,0
DA:69,0
DA:70,0
DA:71,0
DA:75,0
DA:76,0
DA:77,0
DA:81,0
DA:82,0
DA:83,0
DA:84,0
DA:94,0
DA:95,0
DA:96,0
DA:100,0
DA:101,0
DA:102,0
DA:107,0
DA:118,0
DA:119,0
DA:120,0
DA:124,0
DA:125,0
DA:129,0
DA:133,0
DA:134,0
DA:135,0
DA:136,0
DA:140,0
DA:141,0
DA:142,0
DA:146,0
DA:147,0
DA:148,0
DA:149,0
DA:153,0
LF:62
LH:0
BRF:0
BRH:0
end_of_record
TN:
SF:src/lambda/users-lambda/UserModel.ts
FN:12,(anonymous_0)
FN:17,(anonymous_1)
FN:24,(anonymous_2)
FN:31,(anonymous_3)
FN:37,(anonymous_4)
FN:44,(anonymous_5)
FN:93,(anonymous_6)
FN:112,(anonymous_7)
FN:145,(anonymous_8)
FN:151,(anonymous_9)
FN:157,(anonymous_10)
FN:175,(anonymous_11)
FN:191,(anonymous_12)
FN:197,(anonymous_13)
FN:203,(anonymous_14)
FN:211,(anonymous_15)
FN:224,(anonymous_16)
FN:230,(anonymous_17)
FN:234,(anonymous_18)
FN:240,(anonymous_19)
FN:245,(anonymous_20)
FNF:21
FNH:0
FNDA:0,(anonymous_0)
FNDA:0,(anonymous_1)
FNDA:0,(anonymous_2)
FNDA:0,(anonymous_3)
FNDA:0,(anonymous_4)
FNDA:0,(anonymous_5)
FNDA:0,(anonymous_6)
FNDA:0,(anonymous_7)
FNDA:0,(anonymous_8)
FNDA:0,(anonymous_9)
FNDA:0,(anonymous_10)
FNDA:0,(anonymous_11)
FNDA:0,(anonymous_12)
FNDA:0,(anonymous_13)
FNDA:0,(anonymous_14)
FNDA:0,(anonymous_15)
FNDA:0,(anonymous_16)
FNDA:0,(anonymous_17)
FNDA:0,(anonymous_18)
FNDA:0,(anonymous_19)
FNDA:0,(anonymous_20)
DA:1,0
DA:8,0
DA:10,0
DA:13,0
DA:14,0
DA:18,0
DA:19,0
DA:20,0
DA:25,0
DA:26,0
DA:27,0
DA:28,0
DA:32,0
DA:33,0
DA:34,0
DA:38,0
DA:39,0
DA:40,0
DA:41,0
DA:46,0
DA:88,0
DA:89,0
DA:90,0
DA:94,0
DA:107,0
DA:108,0
DA:114,0
DA:137,0
DA:138,0
DA:139,0
DA:140,0
DA:141,0
DA:146,0
DA:147,0
DA:148,0
DA:152,0
DA:153,0
DA:154,0
DA:158,0
DA:159,0
DA:161,0
DA:162,0
DA:163,0
DA:164,0
DA:165,0
DA:170,0
DA:172,0
DA:176,0
DA:177,0
DA:182,0
DA:184,0
DA:185,0
DA:186,0
DA:187,0
DA:188,0
DA:192,0
DA:193,0
DA:198,0
DA:200,0
DA:201,0
DA:204,0
DA:207,0
DA:208,0
DA:212,0
DA:213,0
DA:214,0
DA:215,0
DA:220,0
DA:221,0
DA:225,0
DA:226,0
DA:227,0
DA:231,0
DA:232,0
DA:235,0
DA:236,0
DA:237,0
DA:241,0
DA:242,0
DA:246,0
DA:247,0
DA:248,0
DA:250,0
DA:251,0
DA:257,0
LF:85
LH:0
BRDA:164,0,0,0
BRDA:164,0,1,0
BRDA:176,1,0,0
BRDA:176,1,1,0
BRF:4
BRH:0
end_of_record
TN:
SF:src/lambda/users-lambda/UserService.ts
FN:7,(anonymous_0)
FN:11,(anonymous_1)
FN:15,(anonymous_2)
FN:20,(anonymous_3)
FN:24,(anonymous_4)
FN:30,(anonymous_5)
FN:35,(anonymous_6)
FN:40,(anonymous_7)
FN:46,(anonymous_8)
FN:51,(anonymous_9)
FN:56,(anonymous_10)
FN:62,(anonymous_11)
FN:68,(anonymous_12)
FN:76,(anonymous_13)
FN:83,(anonymous_14)
FN:94,(anonymous_15)
FN:121,(anonymous_16)
FN:126,(anonymous_17)
FN:133,(anonymous_18)
FN:144,(anonymous_19)
FN:149,(anonymous_20)
FN:154,(anonymous_21)
FN:197,(anonymous_22)
FN:208,(anonymous_23)
FNF:24
FNH:0
FNDA:0,(anonymous_0)
FNDA:0,(anonymous_1)
FNDA:0,(anonymous_2)
FNDA:0,(anonymous_3)
FNDA:0,(anonymous_4)
FNDA:0,(anonymous_5)
FNDA:0,(anonymous_6)
FNDA:0,(anonymous_7)
FNDA:0,(anonymous_8)
FNDA:0,(anonymous_9)
FNDA:0,(anonymous_10)
FNDA:0,(anonymous_11)
FNDA:0,(anonymous_12)
FNDA:0,(anonymous_13)
FNDA:0,(anonymous_14)
FNDA:0,(anonymous_15)
FNDA:0,(anonymous_16)
FNDA:0,(anonymous_17)
FNDA:0,(anonymous_18)
FNDA:0,(anonymous_19)
FNDA:0,(anonymous_20)
FNDA:0,(anonymous_21)
FNDA:0,(anonymous_22)
FNDA:0,(anonymous_23)
DA:1,0
DA:2,0
DA:3,0
DA:6,0
DA:12,0
DA:16,0
DA:21,0
DA:25,0
DA:26,0
DA:27,0
DA:31,0
DA:32,0
DA:36,0
DA:37,0
DA:41,0
DA:42,0
DA:47,0
DA:48,0
DA:52,0
DA:53,0
DA:57,0
DA:58,0
DA:59,0
DA:63,0
DA:64,0
DA:65,0
DA:69,0
DA:70,0
DA:72,0
DA:73,0
DA:77,0
DA:79,0
DA:80,0
DA:85,0
DA:86,0
DA:91,0
DA:95,0
DA:96,0
DA:101,0
DA:112,0
DA:117,0
DA:122,0
DA:123,0
DA:127,0
DA:128,0
DA:130,0
DA:134,0
DA:135,0
DA:136,0
DA:137,0
DA:138,0
DA:140,0
DA:145,0
DA:146,0
DA:150,0
DA:151,0
DA:155,0
DA:156,0
DA:161,0
DA:162,0
DA:163,0
DA:173,0
DA:174,0
DA:181,0
DA:187,0
DA:188,0
DA:194,0
DA:198,0
DA:199,0
DA:200,0
DA:205,0
DA:209,0
DA:213,0
LF:73
LH:0
BRDA:85,0,0,0
BRDA:85,0,1,0
BRDA:85,1,0,0
BRDA:85,1,1,0
BRDA:95,2,0,0
BRDA:95,2,1,0
BRDA:95,3,0,0
BRDA:95,3,1,0
BRDA:101,4,0,0
BRDA:101,4,1,0
BRDA:102,5,0,0
BRDA:102,5,1,0
BRDA:102,5,2,0
BRDA:102,5,3,0
BRDA:102,5,4,0
BRDA:102,5,5,0
BRDA:102,5,6,0
BRDA:102,5,7,0
BRDA:102,5,8,0
BRDA:137,6,0,0
BRDA:137,6,1,0
BRDA:155,7,0,0
BRDA:155,7,1,0
BRDA:155,8,0,0
BRDA:155,8,1,0
BRDA:162,9,0,0
BRDA:162,9,1,0
BRDA:162,10,0,0
BRDA:162,10,1,0
BRDA:173,11,0,0
BRDA:173,11,1,0
BRDA:174,12,0,0
BRDA:174,12,1,0
BRDA:175,13,0,0
BRDA:175,13,1,0
BRDA:175,13,2,0
BRDA:175,13,3,0
BRDA:175,13,4,0
BRDA:187,14,0,0
BRDA:187,14,1,0
BRDA:187,15,0,0
BRDA:187,15,1,0
BRDA:199,16,0,0
BRDA:199,16,1,0
BRDA:209,17,0,0
BRDA:209,17,1,0
BRF:46
BRH:0
end_of_record
TN:
SF:src/lambda/users-lambda/index.ts
FN:76,(anonymous_0)
FNF:1
FNH:0
FNDA:0,(anonymous_0)
DA:4,0
DA:5,0
DA:10,0
DA:11,0
DA:14,0
DA:15,0
DA:17,0
DA:18,0
DA:21,0
DA:25,0
DA:26,0
DA:30,0
DA:34,0
DA:40,0
DA:44,0
DA:48,0
DA:52,0
DA:76,0
DA:77,0
DA:78,0
DA:79,0
DA:80,0
DA:81,0
DA:82,0
LF:24
LH:0
BRF:0
BRH:0
end_of_record
TN:
SF:src/layer/asyncWrap-layer/asyncWrap-layer.ts
FN:3,(anonymous_0)
FN:9,(anonymous_1)
FN:14,asyncWrap
FN:15,(anonymous_3)
FNF:4
FNH:0
FNDA:0,(anonymous_0)
FNDA:0,(anonymous_1)
FNDA:0,asyncWrap
FNDA:0,(anonymous_3)
DA:4,0
DA:5,0
DA:6,0
DA:10,0
DA:14,0
DA:15,0
DA:16,0
DA:17,0
DA:18,0
DA:19,0
DA:20,0
DA:25,0
DA:26,0
LF:13
LH:0
BRDA:21,0,0,0
BRDA:21,0,1,0
BRDA:27,1,0,0
BRDA:27,1,1,0
BRDA:29,2,0,0
BRDA:29,2,1,0
BRF:6
BRH:0
end_of_record
TN:
SF:src/layer/customError-layer/customError-layer.ts
FN:11,(anonymous_0)
FN:17,(anonymous_1)
FN:22,(anonymous_2)
FNF:3
FNH:0
FNDA:0,(anonymous_0)
FNDA:0,(anonymous_1)
FNDA:0,(anonymous_2)
DA:9,1
DA:12,0
DA:13,0
DA:14,0
DA:18,0
DA:22,1
DA:23,0
DA:24,0
DA:25,0
LF:9
LH:2
BRF:0
BRH:0
end_of_record
TN:
SF:src/layer/queryBuilder-layer/queryBuilder-layer.ts
FN:3,(anonymous_0)
FN:7,(anonymous_1)
FN:21,(anonymous_2)
FN:28,(anonymous_3)
FN:35,(anonymous_4)
FN:38,(anonymous_5)
FN:46,(anonymous_6)
FN:52,(anonymous_7)
FN:58,(anonymous_8)
FN:65,(anonymous_9)
FN:74,(anonymous_10)
FN:93,(anonymous_11)
FN:100,(anonymous_12)
FN:114,(anonymous_13)
FN:126,(anonymous_14)
FN:138,(anonymous_15)
FN:152,(anonymous_16)
FNF:17
FNH:0
FNDA:0,(anonymous_0)
FNDA:0,(anonymous_1)
FNDA:0,(anonymous_2)
FNDA:0,(anonymous_3)
FNDA:0,(anonymous_4)
FNDA:0,(anonymous_5)
FNDA:0,(anonymous_6)
FNDA:0,(anonymous_7)
FNDA:0,(anonymous_8)
FNDA:0,(anonymous_9)
FNDA:0,(anonymous_10)
FNDA:0,(anonymous_11)
FNDA:0,(anonymous_12)
FNDA:0,(anonymous_13)
FNDA:0,(anonymous_14)
FNDA:0,(anonymous_15)
FNDA:0,(anonymous_16)
DA:1,0
DA:3,0
DA:4,0
DA:7,0
DA:12,0
DA:13,0
DA:14,0
DA:15,0
DA:18,0
DA:21,0
DA:22,0
DA:23,0
DA:25,0
DA:28,0
DA:31,0
DA:32,0
DA:33,0
DA:34,0
DA:35,0
DA:36,0
DA:38,0
DA:39,0
DA:41,0
DA:42,0
DA:43,0
DA:46,0
DA:49,0
DA:50,0
DA:51,0
DA:52,0
DA:53,0
DA:55,0
DA:58,0
DA:62,0
DA:63,0
DA:64,0
DA:65,0
DA:66,0
DA:68,0
DA:69,0
DA:71,0
DA:74,0
DA:78,0
DA:79,0
DA:84,0
DA:89,0
DA:90,0
DA:91,0
DA:92,0
DA:93,0
DA:94,0
DA:96,0
DA:98,0
DA:100,0
DA:107,0
DA:110,0
DA:111,0
DA:114,0
DA:118,0
DA:123,0
DA:126,0
DA:131,0
DA:135,0
DA:138,0
DA:143,0
DA:149,0
DA:152,0
DA:157,0
DA:160,0
LF:69
LH:0
BRDA:14,0,0,0
BRDA:14,0,1,0
BRDA:22,1,0,0
BRDA:22,1,1,0
BRDA:68,2,0,0
BRDA:68,2,1,0
BRDA:68,3,0,0
BRDA:68,3,1,0
BRDA:75,4,0,0
BRDA:76,5,0,0
BRDA:79,6,0,0
BRDA:79,6,1,0
BRDA:80,7,0,0
BRDA:80,7,1,0
BRDA:80,7,2,0
BRDA:89,8,0,0
BRDA:89,8,1,0
BRDA:103,9,0,0
BRDA:104,10,0,0
BRF:19
BRH:0
end_of_record
TN:
SF:src/layer/sql-layer/sql-layer.ts
FN:8,(anonymous_6)
FN:18,(anonymous_7)
FN:39,(anonymous_8)
FN:59,(anonymous_9)
FN:82,(anonymous_10)
FN:83,(anonymous_11)
FN:96,(anonymous_12)
FN:103,(anonymous_13)
FN:104,(anonymous_14)
FN:111,(anonymous_15)
FN:118,(anonymous_16)
FN:133,(anonymous_17)
FN:149,(anonymous_18)
FN:153,(anonymous_19)
FN:157,(anonymous_20)
FN:161,(anonymous_21)
FN:165,(anonymous_22)
FN:187,(anonymous_23)
FN:211,(anonymous_24)
FN:223,(anonymous_25)
FNF:20
FNH:14
FNDA:1,(anonymous_6)
FNDA:1,(anonymous_7)
FNDA:1,(anonymous_8)
FNDA:1,(anonymous_9)
FNDA:3,(anonymous_10)
FNDA:3,(anonymous_11)
FNDA:3,(anonymous_12)
FNDA:0,(anonymous_13)
FNDA:0,(anonymous_14)
FNDA:0,(anonymous_15)
FNDA:0,(anonymous_16)
FNDA:1,(anonymous_17)
FNDA:1,(anonymous_18)
FNDA:2,(anonymous_19)
FNDA:1,(anonymous_20)
FNDA:1,(anonymous_21)
FNDA:0,(anonymous_22)
FNDA:0,(anonymous_23)
FNDA:5,(anonymous_24)
FNDA:3,(anonymous_25)
DA:1,1
DA:3,1
DA:5,1
DA:9,1
DA:24,1
DA:25,0
DA:27,1
DA:46,1
DA:66,1
DA:67,1
DA:68,1
DA:75,0
DA:78,0
DA:83,3
DA:84,3
DA:85,0
DA:96,3
DA:98,3
DA:104,0
DA:105,0
DA:106,0
DA:107,0
DA:109,0
DA:111,0
DA:112,0
DA:114,0
DA:115,0
DA:116,0
DA:118,0
DA:120,0
DA:122,0
DA:123,0
DA:124,0
DA:126,0
DA:127,0
DA:134,1
DA:135,1
DA:146,1
DA:147,1
DA:150,1
DA:154,2
DA:158,1
DA:162,1
DA:166,0
DA:167,0
DA:168,0
DA:171,0
DA:172,0
DA:174,0
DA:175,0
DA:182,0
DA:190,0
DA:191,0
DA:192,0
DA:193,0
DA:194,0
DA:197,0
DA:198,0
DA:200,0
DA:201,0
DA:203,0
DA:206,0
DA:212,5
DA:213,2
DA:216,5
DA:220,1
DA:224,3
DA:228,1
DA:229,0
DA:232,1
DA:233,3
DA:237,0
DA:241,0
DA:244,1
LF:74
LH:31
BRDA:24,0,0,0
BRDA:24,0,1,1
BRDA:60,1,0,0
BRDA:67,2,0,1
BRDA:67,2,1,0
BRDA:84,3,0,0
BRDA:84,3,1,3
BRDA:98,4,0,3
BRDA:98,4,1,0
BRDA:105,5,0,0
BRDA:105,5,1,0
BRDA:112,6,0,0
BRDA:112,6,1,0
BRDA:122,7,0,0
BRDA:122,7,1,0
BRDA:134,8,0,1
BRDA:134,8,1,0
BRDA:167,9,0,0
BRDA:167,9,1,0
BRDA:174,10,0,0
BRDA:174,10,1,0
BRDA:174,11,0,0
BRDA:174,11,1,0
BRDA:192,12,0,0
BRDA:192,12,1,0
BRDA:200,13,0,0
BRDA:200,13,1,0
BRDA:200,14,0,0
BRDA:200,14,1,0
BRDA:203,15,0,0
BRDA:203,15,1,0
BRDA:212,16,0,2
BRDA:212,16,1,3
BRF:33
BRH:7
end_of_record
