{"/Users/mgbalantzyan/projects/cpsc319/JungleCart/backend/dist/tests/integration/lambda/auth-lambda/index.test.js":{"path":"/Users/mgbalantzyan/projects/cpsc319/JungleCart/backend/dist/tests/integration/lambda/auth-lambda/index.test.js","statementMap":{"0":{"start":{"line":2,"column":22},"end":{"line":12,"column":3}},"1":{"start":{"line":3,"column":4},"end":{"line":3,"column":33}},"2":{"start":{"line":3,"column":26},"end":{"line":3,"column":33}},"3":{"start":{"line":4,"column":15},"end":{"line":4,"column":52}},"4":{"start":{"line":5,"column":4},"end":{"line":7,"column":5}},"5":{"start":{"line":6,"column":6},"end":{"line":6,"column":68}},"6":{"start":{"line":6,"column":51},"end":{"line":6,"column":63}},"7":{"start":{"line":8,"column":4},"end":{"line":8,"column":39}},"8":{"start":{"line":10,"column":4},"end":{"line":10,"column":33}},"9":{"start":{"line":10,"column":26},"end":{"line":10,"column":33}},"10":{"start":{"line":11,"column":4},"end":{"line":11,"column":17}},"11":{"start":{"line":13,"column":25},"end":{"line":17,"column":2}},"12":{"start":{"line":14,"column":4},"end":{"line":14,"column":72}},"13":{"start":{"line":16,"column":4},"end":{"line":16,"column":21}},"14":{"start":{"line":18,"column":19},"end":{"line":24,"column":1}},"15":{"start":{"line":19,"column":4},"end":{"line":19,"column":42}},"16":{"start":{"line":19,"column":31},"end":{"line":19,"column":42}},"17":{"start":{"line":20,"column":17},"end":{"line":20,"column":19}},"18":{"start":{"line":21,"column":4},"end":{"line":21,"column":141}},"19":{"start":{"line":21,"column":21},"end":{"line":21,"column":141}},"20":{"start":{"line":21,"column":40},"end":{"line":21,"column":141}},"21":{"start":{"line":21,"column":109},"end":{"line":21,"column":141}},"22":{"start":{"line":22,"column":4},"end":{"line":22,"column":36}},"23":{"start":{"line":23,"column":4},"end":{"line":23,"column":18}},"24":{"start":{"line":25,"column":22},"end":{"line":27,"column":1}},"25":{"start":{"line":26,"column":4},"end":{"line":26,"column":62}},"26":{"start":{"line":28,"column":0},"end":{"line":28,"column":62}},"27":{"start":{"line":29,"column":22},"end":{"line":29,"column":67}},"28":{"start":{"line":30,"column":14},"end":{"line":30,"column":83}},"29":{"start":{"line":31,"column":14},"end":{"line":31,"column":83}},"30":{"start":{"line":32,"column":13},"end":{"line":32,"column":42}},"31":{"start":{"line":33,"column":27},"end":{"line":33,"column":71}},"32":{"start":{"line":34,"column":15},"end":{"line":34,"column":30}},"33":{"start":{"line":35,"column":20},"end":{"line":35,"column":75}},"34":{"start":{"line":36,"column":0},"end":{"line":36,"column":37}},"35":{"start":{"line":37,"column":0},"end":{"line":50,"column":3}},"36":{"start":{"line":38,"column":4},"end":{"line":41,"column":7}},"37":{"start":{"line":39,"column":22},"end":{"line":39,"column":27}},"38":{"start":{"line":40,"column":8},"end":{"line":40,"column":95}},"39":{"start":{"line":42,"column":4},"end":{"line":45,"column":7}},"40":{"start":{"line":43,"column":22},"end":{"line":43,"column":27}},"41":{"start":{"line":44,"column":8},"end":{"line":44,"column":99}},"42":{"start":{"line":46,"column":4},"end":{"line":46,"column":59}},"43":{"start":{"line":47,"column":4},"end":{"line":49,"column":7}},"44":{"start":{"line":48,"column":8},"end":{"line":48,"column":59}}},"fnMap":{"0":{"name":"(anonymous_0)","decl":{"start":{"line":2,"column":74},"end":{"line":2,"column":75}},"loc":{"start":{"line":2,"column":96},"end":{"line":9,"column":1}},"line":2},"1":{"name":"(anonymous_1)","decl":{"start":{"line":6,"column":38},"end":{"line":6,"column":39}},"loc":{"start":{"line":6,"column":49},"end":{"line":6,"column":65}},"line":6},"2":{"name":"(anonymous_2)","decl":{"start":{"line":9,"column":6},"end":{"line":9,"column":7}},"loc":{"start":{"line":9,"column":28},"end":{"line":12,"column":1}},"line":9},"3":{"name":"(anonymous_3)","decl":{"start":{"line":13,"column":80},"end":{"line":13,"column":81}},"loc":{"start":{"line":13,"column":95},"end":{"line":15,"column":1}},"line":13},"4":{"name":"(anonymous_4)","decl":{"start":{"line":15,"column":5},"end":{"line":15,"column":6}},"loc":{"start":{"line":15,"column":20},"end":{"line":17,"column":1}},"line":15},"5":{"name":"(anonymous_5)","decl":{"start":{"line":18,"column":50},"end":{"line":18,"column":51}},"loc":{"start":{"line":18,"column":65},"end":{"line":24,"column":1}},"line":18},"6":{"name":"(anonymous_6)","decl":{"start":{"line":25,"column":56},"end":{"line":25,"column":57}},"loc":{"start":{"line":25,"column":71},"end":{"line":27,"column":1}},"line":25},"7":{"name":"(anonymous_7)","decl":{"start":{"line":37,"column":49},"end":{"line":37,"column":50}},"loc":{"start":{"line":37,"column":61},"end":{"line":50,"column":1}},"line":37},"8":{"name":"(anonymous_8)","decl":{"start":{"line":38,"column":62},"end":{"line":38,"column":63}},"loc":{"start":{"line":38,"column":74},"end":{"line":41,"column":5}},"line":38},"9":{"name":"(anonymous_9)","decl":{"start":{"line":42,"column":59},"end":{"line":42,"column":60}},"loc":{"start":{"line":42,"column":71},"end":{"line":45,"column":5}},"line":42},"10":{"name":"(anonymous_10)","decl":{"start":{"line":47,"column":10},"end":{"line":47,"column":11}},"loc":{"start":{"line":47,"column":22},"end":{"line":49,"column":5}},"line":47}},"branchMap":{"0":{"loc":{"start":{"line":2,"column":22},"end":{"line":12,"column":3}},"type":"binary-expr","locations":[{"start":{"line":2,"column":23},"end":{"line":2,"column":27}},{"start":{"line":2,"column":31},"end":{"line":2,"column":51}},{"start":{"line":2,"column":57},"end":{"line":12,"column":2}}],"line":2},"1":{"loc":{"start":{"line":2,"column":57},"end":{"line":12,"column":2}},"type":"cond-expr","locations":[{"start":{"line":2,"column":74},"end":{"line":9,"column":1}},{"start":{"line":9,"column":6},"end":{"line":12,"column":1}}],"line":2},"2":{"loc":{"start":{"line":3,"column":4},"end":{"line":3,"column":33}},"type":"if","locations":[{"start":{"line":3,"column":4},"end":{"line":3,"column":33}},{"start":{"line":3,"column":4},"end":{"line":3,"column":33}}],"line":3},"3":{"loc":{"start":{"line":5,"column":4},"end":{"line":7,"column":5}},"type":"if","locations":[{"start":{"line":5,"column":4},"end":{"line":7,"column":5}},{"start":{"line":5,"column":4},"end":{"line":7,"column":5}}],"line":5},"4":{"loc":{"start":{"line":5,"column":8},"end":{"line":5,"column":85}},"type":"binary-expr","locations":[{"start":{"line":5,"column":8},"end":{"line":5,"column":13}},{"start":{"line":5,"column":18},"end":{"line":5,"column":84}}],"line":5},"5":{"loc":{"start":{"line":5,"column":18},"end":{"line":5,"column":84}},"type":"cond-expr","locations":[{"start":{"line":5,"column":34},"end":{"line":5,"column":47}},{"start":{"line":5,"column":50},"end":{"line":5,"column":84}}],"line":5},"6":{"loc":{"start":{"line":5,"column":50},"end":{"line":5,"column":84}},"type":"binary-expr","locations":[{"start":{"line":5,"column":50},"end":{"line":5,"column":63}},{"start":{"line":5,"column":67},"end":{"line":5,"column":84}}],"line":5},"7":{"loc":{"start":{"line":10,"column":4},"end":{"line":10,"column":33}},"type":"if","locations":[{"start":{"line":10,"column":4},"end":{"line":10,"column":33}},{"start":{"line":10,"column":4},"end":{"line":10,"column":33}}],"line":10},"8":{"loc":{"start":{"line":13,"column":25},"end":{"line":17,"column":2}},"type":"binary-expr","locations":[{"start":{"line":13,"column":26},"end":{"line":13,"column":30}},{"start":{"line":13,"column":34},"end":{"line":13,"column":57}},{"start":{"line":13,"column":63},"end":{"line":17,"column":1}}],"line":13},"9":{"loc":{"start":{"line":13,"column":63},"end":{"line":17,"column":1}},"type":"cond-expr","locations":[{"start":{"line":13,"column":80},"end":{"line":15,"column":1}},{"start":{"line":15,"column":5},"end":{"line":17,"column":1}}],"line":13},"10":{"loc":{"start":{"line":18,"column":19},"end":{"line":24,"column":1}},"type":"binary-expr","locations":[{"start":{"line":18,"column":20},"end":{"line":18,"column":24}},{"start":{"line":18,"column":28},"end":{"line":18,"column":45}},{"start":{"line":18,"column":50},"end":{"line":24,"column":1}}],"line":18},"11":{"loc":{"start":{"line":19,"column":4},"end":{"line":19,"column":42}},"type":"if","locations":[{"start":{"line":19,"column":4},"end":{"line":19,"column":42}},{"start":{"line":19,"column":4},"end":{"line":19,"column":42}}],"line":19},"12":{"loc":{"start":{"line":19,"column":8},"end":{"line":19,"column":29}},"type":"binary-expr","locations":[{"start":{"line":19,"column":8},"end":{"line":19,"column":11}},{"start":{"line":19,"column":15},"end":{"line":19,"column":29}}],"line":19},"13":{"loc":{"start":{"line":21,"column":4},"end":{"line":21,"column":141}},"type":"if","locations":[{"start":{"line":21,"column":4},"end":{"line":21,"column":141}},{"start":{"line":21,"column":4},"end":{"line":21,"column":141}}],"line":21},"14":{"loc":{"start":{"line":21,"column":40},"end":{"line":21,"column":141}},"type":"if","locations":[{"start":{"line":21,"column":40},"end":{"line":21,"column":141}},{"start":{"line":21,"column":40},"end":{"line":21,"column":141}}],"line":21},"15":{"loc":{"start":{"line":21,"column":44},"end":{"line":21,"column":107}},"type":"binary-expr","locations":[{"start":{"line":21,"column":44},"end":{"line":21,"column":59}},{"start":{"line":21,"column":63},"end":{"line":21,"column":107}}],"line":21},"16":{"loc":{"start":{"line":25,"column":22},"end":{"line":27,"column":1}},"type":"binary-expr","locations":[{"start":{"line":25,"column":23},"end":{"line":25,"column":27}},{"start":{"line":25,"column":31},"end":{"line":25,"column":51}},{"start":{"line":25,"column":56},"end":{"line":27,"column":1}}],"line":25},"17":{"loc":{"start":{"line":26,"column":11},"end":{"line":26,"column":61}},"type":"cond-expr","locations":[{"start":{"line":26,"column":37},"end":{"line":26,"column":40}},{"start":{"line":26,"column":43},"end":{"line":26,"column":61}}],"line":26},"18":{"loc":{"start":{"line":26,"column":12},"end":{"line":26,"column":33}},"type":"binary-expr","locations":[{"start":{"line":26,"column":12},"end":{"line":26,"column":15}},{"start":{"line":26,"column":19},"end":{"line":26,"column":33}}],"line":26}},"s":{"0":1,"1":12,"2":12,"3":12,"4":12,"5":12,"6":3,"7":12,"8":0,"9":0,"10":0,"11":1,"12":3,"13":0,"14":1,"15":3,"16":0,"17":3,"18":3,"19":3,"20":12,"21":12,"22":3,"23":3,"24":1,"25":1,"26":1,"27":1,"28":1,"29":1,"30":1,"31":1,"32":1,"33":1,"34":1,"35":1,"36":1,"37":1,"38":1,"39":1,"40":1,"41":1,"42":1,"43":1,"44":1},"f":{"0":12,"1":3,"2":0,"3":3,"4":0,"5":3,"6":1,"7":1,"8":1,"9":1,"10":1},"b":{"0":[1,1,1],"1":[1,0],"2":[12,0],"3":[12,0],"4":[12,12],"5":[0,12],"6":[12,0],"7":[0,0],"8":[1,1,1],"9":[1,0],"10":[1,1,1],"11":[0,3],"12":[3,3],"13":[3,0],"14":[12,0],"15":[12,12],"16":[1,1,1],"17":[0,1],"18":[1,1]},"inputSourceMap":{"version":3,"file":"index.test.js","sourceRoot":"","sources":["../../../../../tests/integration/lambda/auth-lambda/index.test.ts"],"names":[],"mappings":";;;;;;;;;;;;;;;;;;;;;;;;;;;;AAAA,uDAAuD;AACvD,wEAA0D;AAC1D,wEAA0D;AAC1D,2CAA6B;AAC7B,wEAA8C;AAC9C,+BAA8B;AAC9B,8CAAsD;AACtD,IAAI,CAAC,GAAG,CAAC,0BAAc,CAAC,CAAC;AAEzB,QAAQ,CAAC,sCAAsC,EAAE;IAC/C,EAAE,CAAC,qDAAqD,EAAE,KAAK,IAAI,EAAE;QACnE,MAAM,KAAK,GAAG,KAAK,CAAC;QACpB,IAAA,aAAM,EAAC,IAAA,4BAAc,EAAC,KAAK,CAAC,CAAC,CAAC,EAAE,CAAC,UAAU,CAAC,EAAE,CAAC,QAAQ,CAAC;IAC1D,CAAC,CAAC,CAAC;IAEH,EAAE,CAAC,kDAAkD,EAAE,KAAK,IAAI,EAAE;QAChE,MAAM,KAAK,GAAG,KAAK,CAAC;QACpB,IAAA,aAAM,EAAC,IAAA,4BAAc,EAAC,KAAK,CAAC,CAAC,CAAC,EAAE,CAAC,GAAG,CAAC,UAAU,CAAC,EAAE,CAAC,QAAQ,CAAC;IAC9D,CAAC,CAAC,CAAC;IAEH,EAAE,CAAC,kDAAkD,CAAC,CAAC;IAEvD,KAAK,CAAC,KAAK,IAAI,EAAE;QACf,gCAAoB,CAAC,eAAe,EAAE,CAAC;IACzC,CAAC,CAAC,CAAC;AACL,CAAC,CAAC,CAAC","sourcesContent":["import { authorizeLogin } from '@/lambdas/auth-lambda';\nimport * as data2 from 'tests/events/event-sign-in2.json';\nimport * as data3 from 'tests/events/event-sign-in3.json';\nimport * as chai from 'chai';\nimport chaiAsPromised from 'chai-as-promised';\nimport { expect } from 'chai';\nimport { SQLConnectionManager } from '/opt/sql-layer';\nchai.use(chaiAsPromised);\n\ndescribe('Integration tests for Authentication', function () {\n  it('should throw if user email is not a registered user', async () => {\n    const event = data2;\n    expect(authorizeLogin(event)).to.eventually.be.rejected;\n  });\n\n  it('should return if user email is a registered user', async () => {\n    const event = data3;\n    expect(authorizeLogin(event)).to.not.eventually.be.rejected;\n  });\n\n  it('should throw an error if server user query fails');\n\n  after(async () => {\n    SQLConnectionManager.closeConnection();\n  });\n});\n"]},"_coverageSchema":"1a1c01bbd47fc00a2c39e90264f33305004495a9","hash":"2bb35f68a7e2e906106124cdc7c485678b757fe1","contentHash":"d4e48e38a9d8440df7d1538286bc1cbd594895d016d0ed1dcf12fee1f17bba23"},"/Users/mgbalantzyan/projects/cpsc319/JungleCart/backend/dist/src/lambda/auth-lambda/index.js":{"path":"/Users/mgbalantzyan/projects/cpsc319/JungleCart/backend/dist/src/lambda/auth-lambda/index.js","statementMap":{"0":{"start":{"line":2,"column":0},"end":{"line":2,"column":62}},"1":{"start":{"line":3,"column":0},"end":{"line":3,"column":32}},"2":{"start":{"line":4,"column":20},"end":{"line":4,"column":65}},"3":{"start":{"line":5,"column":0},"end":{"line":5,"column":56}},"4":{"start":{"line":7,"column":0},"end":{"line":9,"column":2}},"5":{"start":{"line":8,"column":4},"end":{"line":8,"column":33}},"6":{"start":{"line":13,"column":4},"end":{"line":18,"column":5}},"7":{"start":{"line":14,"column":8},"end":{"line":14,"column":55}},"8":{"start":{"line":17,"column":8},"end":{"line":17,"column":41}},"9":{"start":{"line":19,"column":16},"end":{"line":19,"column":60}},"10":{"start":{"line":20,"column":21},"end":{"line":20,"column":83}},"11":{"start":{"line":21,"column":17},"end":{"line":21,"column":25}},"12":{"start":{"line":22,"column":4},"end":{"line":28,"column":5}},"13":{"start":{"line":23,"column":8},"end":{"line":23,"column":21}},"14":{"start":{"line":26,"column":8},"end":{"line":26,"column":46}},"15":{"start":{"line":27,"column":8},"end":{"line":27,"column":36}},"16":{"start":{"line":30,"column":0},"end":{"line":30,"column":40}}},"fnMap":{"0":{"name":"(anonymous_0)","decl":{"start":{"line":7,"column":18},"end":{"line":7,"column":19}},"loc":{"start":{"line":7,"column":41},"end":{"line":9,"column":1}},"line":7},"1":{"name":"authorizeLogin","decl":{"start":{"line":11,"column":15},"end":{"line":11,"column":29}},"loc":{"start":{"line":11,"column":37},"end":{"line":29,"column":1}},"line":11}},"branchMap":{"0":{"loc":{"start":{"line":22,"column":4},"end":{"line":28,"column":5}},"type":"if","locations":[{"start":{"line":22,"column":4},"end":{"line":28,"column":5}},{"start":{"line":22,"column":4},"end":{"line":28,"column":5}}],"line":22}},"s":{"0":1,"1":1,"2":1,"3":1,"4":1,"5":0,"6":3,"7":3,"8":1,"9":2,"10":2,"11":0,"12":0,"13":0,"14":0,"15":0,"16":1},"f":{"0":0,"1":3},"b":{"0":[0,0]},"inputSourceMap":{"version":3,"file":"index.js","sourceRoot":"","sources":["../../../../src/lambda/auth-lambda/index.ts"],"names":[],"mappings":";;;AAAA,8CAAsD;AACtD,gCAAoB,CAAC,gBAAgB,CAAC,IAAI,CAAC,CAAC;AAE5C,oCAAoC;AACpC,OAAO,CAAC,OAAO,GAAG,KAAK,WAAW,KAAK;IACrC,OAAO,cAAc,CAAC,KAAK,CAAC,CAAC;AAC/B,CAAC,CAAC;AAEF,WAAW;AACJ,KAAK,UAAU,cAAc,CAAC,KAAK;IACxC,IAAI,SAAS,CAAC;IACd,IAAI;QACF,SAAS,GAAG,KAAK,CAAC,OAAO,CAAC,cAAc,CAAC,KAAK,CAAC;KAChD;IAAC,OAAO,CAAC,EAAE;QACV,MAAM,IAAI,KAAK,CAAC,eAAe,CAAC,CAAC;KAClC;IACD,MAAM,GAAG,GAAG,4CAA4C,CAAC;IAEzD,MAAM,QAAQ,GAAG,MAAM,gCAAoB,CAAC,KAAK,CAAC,GAAG,EAAE,CAAC,SAAS,CAAC,CAAC,CAAC;IACpE,MAAM,IAAI,GAAG,QAAiB,CAAC;IAC/B,IAAI,IAAI,CAAC,MAAM,GAAG,CAAC,EAAE;QACnB,OAAO,KAAK,CAAC;KACd;SAAM;QACL,OAAO,CAAC,GAAG,CAAC,GAAG,SAAS,YAAY,CAAC,CAAC;QACtC,MAAM,IAAI,KAAK,CAAC,UAAU,CAAC,CAAC;KAC7B;AACH,CAAC;AAjBD,wCAiBC","sourcesContent":["import { SQLConnectionManager } from '/opt/sql-layer';\nSQLConnectionManager.createConnection(true);\n\n// handles routing and sends request\nexports.handler = async function (event) {\n  return authorizeLogin(event);\n};\n\n// handlers\nexport async function authorizeLogin(event): Promise<any> {\n  let userEmail;\n  try {\n    userEmail = event.request.userAttributes.email;\n  } catch (e) {\n    throw new Error('Missing Email');\n  }\n  const sql = 'SELECT email FROM dev.user WHERE email = ?';\n\n  const response = await SQLConnectionManager.query(sql, [userEmail]);\n  const rows = response as any[];\n  if (rows.length > 0) {\n    return event;\n  } else {\n    console.log(`${userEmail} not in db`);\n    throw new Error('NOT USER');\n  }\n}\n"]},"_coverageSchema":"1a1c01bbd47fc00a2c39e90264f33305004495a9","hash":"d1ffbef90aaaf01f530413877485a954450c90c6","contentHash":"609e7d1c34b6dd478b475d53cf412fa00b2ad108660069a8081db6681a197612"},"/Users/mgbalantzyan/projects/cpsc319/JungleCart/backend/dist/src/layer/sql-layer/sql-layer.js":{"path":"/Users/mgbalantzyan/projects/cpsc319/JungleCart/backend/dist/src/layer/sql-layer/sql-layer.js","statementMap":{"0":{"start":{"line":2,"column":22},"end":{"line":12,"column":3}},"1":{"start":{"line":3,"column":4},"end":{"line":3,"column":33}},"2":{"start":{"line":3,"column":26},"end":{"line":3,"column":33}},"3":{"start":{"line":4,"column":15},"end":{"line":4,"column":52}},"4":{"start":{"line":5,"column":4},"end":{"line":7,"column":5}},"5":{"start":{"line":6,"column":6},"end":{"line":6,"column":68}},"6":{"start":{"line":6,"column":51},"end":{"line":6,"column":63}},"7":{"start":{"line":8,"column":4},"end":{"line":8,"column":39}},"8":{"start":{"line":10,"column":4},"end":{"line":10,"column":33}},"9":{"start":{"line":10,"column":26},"end":{"line":10,"column":33}},"10":{"start":{"line":11,"column":4},"end":{"line":11,"column":17}},"11":{"start":{"line":13,"column":25},"end":{"line":17,"column":2}},"12":{"start":{"line":14,"column":4},"end":{"line":14,"column":72}},"13":{"start":{"line":16,"column":4},"end":{"line":16,"column":21}},"14":{"start":{"line":18,"column":19},"end":{"line":24,"column":1}},"15":{"start":{"line":19,"column":4},"end":{"line":19,"column":42}},"16":{"start":{"line":19,"column":31},"end":{"line":19,"column":42}},"17":{"start":{"line":20,"column":17},"end":{"line":20,"column":19}},"18":{"start":{"line":21,"column":4},"end":{"line":21,"column":141}},"19":{"start":{"line":21,"column":21},"end":{"line":21,"column":141}},"20":{"start":{"line":21,"column":40},"end":{"line":21,"column":141}},"21":{"start":{"line":21,"column":109},"end":{"line":21,"column":141}},"22":{"start":{"line":22,"column":4},"end":{"line":22,"column":36}},"23":{"start":{"line":23,"column":4},"end":{"line":23,"column":18}},"24":{"start":{"line":25,"column":0},"end":{"line":25,"column":62}},"25":{"start":{"line":26,"column":0},"end":{"line":26,"column":144}},"26":{"start":{"line":27,"column":14},"end":{"line":27,"column":44}},"27":{"start":{"line":28,"column":28},"end":{"line":28,"column":80}},"28":{"start":{"line":33,"column":8},"end":{"line":33,"column":122}},"29":{"start":{"line":36,"column":8},"end":{"line":38,"column":9}},"30":{"start":{"line":37,"column":12},"end":{"line":37,"column":19}},"31":{"start":{"line":39,"column":8},"end":{"line":48,"column":11}},"32":{"start":{"line":51,"column":8},"end":{"line":61,"column":11}},"33":{"start":{"line":64,"column":8},"end":{"line":74,"column":9}},"34":{"start":{"line":65,"column":12},"end":{"line":70,"column":13}},"35":{"start":{"line":66,"column":16},"end":{"line":66,"column":112}},"36":{"start":{"line":69,"column":16},"end":{"line":69,"column":65}},"37":{"start":{"line":73,"column":12},"end":{"line":73,"column":20}},"38":{"start":{"line":77,"column":8},"end":{"line":93,"column":11}},"39":{"start":{"line":78,"column":12},"end":{"line":80,"column":13}},"40":{"start":{"line":79,"column":16},"end":{"line":79,"column":76}},"41":{"start":{"line":89,"column":12},"end":{"line":92,"column":15}},"42":{"start":{"line":91,"column":16},"end":{"line":91,"column":78}},"43":{"start":{"line":96,"column":8},"end":{"line":120,"column":11}},"44":{"start":{"line":97,"column":12},"end":{"line":100,"column":13}},"45":{"start":{"line":98,"column":16},"end":{"line":98,"column":69}},"46":{"start":{"line":99,"column":16},"end":{"line":99,"column":23}},"47":{"start":{"line":101,"column":12},"end":{"line":101,"column":40}},"48":{"start":{"line":102,"column":12},"end":{"line":119,"column":15}},"49":{"start":{"line":103,"column":16},"end":{"line":108,"column":17}},"50":{"start":{"line":105,"column":20},"end":{"line":105,"column":47}},"51":{"start":{"line":106,"column":20},"end":{"line":106,"column":71}},"52":{"start":{"line":107,"column":20},"end":{"line":107,"column":27}},"53":{"start":{"line":109,"column":16},"end":{"line":118,"column":19}},"54":{"start":{"line":111,"column":20},"end":{"line":111,"column":56}},"55":{"start":{"line":112,"column":20},"end":{"line":115,"column":21}},"56":{"start":{"line":113,"column":24},"end":{"line":113,"column":62}},"57":{"start":{"line":114,"column":24},"end":{"line":114,"column":31}},"58":{"start":{"line":116,"column":20},"end":{"line":116,"column":35}},"59":{"start":{"line":117,"column":20},"end":{"line":117,"column":37}},"60":{"start":{"line":123,"column":8},"end":{"line":125,"column":9}},"61":{"start":{"line":124,"column":12},"end":{"line":124,"column":34}},"62":{"start":{"line":128,"column":0},"end":{"line":128,"column":32}},"63":{"start":{"line":131,"column":18},"end":{"line":131,"column":20}},"64":{"start":{"line":133,"column":8},"end":{"line":133,"column":52}},"65":{"start":{"line":136,"column":8},"end":{"line":136,"column":49}},"66":{"start":{"line":139,"column":8},"end":{"line":139,"column":50}},"67":{"start":{"line":142,"column":8},"end":{"line":142,"column":49}},"68":{"start":{"line":145,"column":8},"end":{"line":145,"column":38}},"69":{"start":{"line":146,"column":8},"end":{"line":148,"column":9}},"70":{"start":{"line":147,"column":12},"end":{"line":147,"column":80}},"71":{"start":{"line":149,"column":21},"end":{"line":149,"column":54}},"72":{"start":{"line":150,"column":23},"end":{"line":150,"column":54}},"73":{"start":{"line":151,"column":8},"end":{"line":156,"column":9}},"74":{"start":{"line":152,"column":12},"end":{"line":155,"column":14}},"75":{"start":{"line":158,"column":8},"end":{"line":158,"column":107}},"76":{"start":{"line":161,"column":8},"end":{"line":161,"column":38}},"77":{"start":{"line":162,"column":18},"end":{"line":162,"column":20}},"78":{"start":{"line":163,"column":8},"end":{"line":166,"column":9}},"79":{"start":{"line":164,"column":12},"end":{"line":164,"column":52}},"80":{"start":{"line":165,"column":12},"end":{"line":165,"column":87}},"81":{"start":{"line":167,"column":21},"end":{"line":167,"column":54}},"82":{"start":{"line":168,"column":23},"end":{"line":168,"column":54}},"83":{"start":{"line":169,"column":8},"end":{"line":171,"column":9}},"84":{"start":{"line":170,"column":12},"end":{"line":170,"column":60}},"85":{"start":{"line":172,"column":8},"end":{"line":173,"column":87}},"86":{"start":{"line":173,"column":12},"end":{"line":173,"column":87}},"87":{"start":{"line":175,"column":8},"end":{"line":175,"column":107}},"88":{"start":{"line":178,"column":8},"end":{"line":180,"column":9}},"89":{"start":{"line":179,"column":12},"end":{"line":179,"column":48}},"90":{"start":{"line":181,"column":8},"end":{"line":181,"column":58}},"91":{"start":{"line":184,"column":0},"end":{"line":184,"column":24}},"92":{"start":{"line":188,"column":8},"end":{"line":188,"column":19}},"93":{"start":{"line":191,"column":0},"end":{"line":191,"column":36}},"94":{"start":{"line":193,"column":17},"end":{"line":193,"column":20}},"95":{"start":{"line":195,"column":0},"end":{"line":195,"column":38}},"96":{"start":{"line":197,"column":17},"end":{"line":197,"column":20}},"97":{"start":{"line":199,"column":0},"end":{"line":199,"column":32}},"98":{"start":{"line":201,"column":17},"end":{"line":201,"column":20}},"99":{"start":{"line":204,"column":17},"end":{"line":204,"column":20}},"100":{"start":{"line":206,"column":0},"end":{"line":206,"column":48}}},"fnMap":{"0":{"name":"(anonymous_0)","decl":{"start":{"line":2,"column":74},"end":{"line":2,"column":75}},"loc":{"start":{"line":2,"column":96},"end":{"line":9,"column":1}},"line":2},"1":{"name":"(anonymous_1)","decl":{"start":{"line":6,"column":38},"end":{"line":6,"column":39}},"loc":{"start":{"line":6,"column":49},"end":{"line":6,"column":65}},"line":6},"2":{"name":"(anonymous_2)","decl":{"start":{"line":9,"column":6},"end":{"line":9,"column":7}},"loc":{"start":{"line":9,"column":28},"end":{"line":12,"column":1}},"line":9},"3":{"name":"(anonymous_3)","decl":{"start":{"line":13,"column":80},"end":{"line":13,"column":81}},"loc":{"start":{"line":13,"column":95},"end":{"line":15,"column":1}},"line":13},"4":{"name":"(anonymous_4)","decl":{"start":{"line":15,"column":5},"end":{"line":15,"column":6}},"loc":{"start":{"line":15,"column":20},"end":{"line":17,"column":1}},"line":15},"5":{"name":"(anonymous_5)","decl":{"start":{"line":18,"column":50},"end":{"line":18,"column":51}},"loc":{"start":{"line":18,"column":65},"end":{"line":24,"column":1}},"line":18},"6":{"name":"(anonymous_6)","decl":{"start":{"line":32,"column":4},"end":{"line":32,"column":5}},"loc":{"start":{"line":32,"column":18},"end":{"line":34,"column":5}},"line":32},"7":{"name":"(anonymous_7)","decl":{"start":{"line":35,"column":4},"end":{"line":35,"column":5}},"loc":{"start":{"line":35,"column":48},"end":{"line":49,"column":5}},"line":35},"8":{"name":"(anonymous_8)","decl":{"start":{"line":50,"column":4},"end":{"line":50,"column":5}},"loc":{"start":{"line":50,"column":67},"end":{"line":62,"column":5}},"line":50},"9":{"name":"(anonymous_9)","decl":{"start":{"line":63,"column":4},"end":{"line":63,"column":5}},"loc":{"start":{"line":63,"column":73},"end":{"line":75,"column":5}},"line":63},"10":{"name":"(anonymous_10)","decl":{"start":{"line":76,"column":4},"end":{"line":76,"column":5}},"loc":{"start":{"line":76,"column":22},"end":{"line":94,"column":5}},"line":76},"11":{"name":"(anonymous_11)","decl":{"start":{"line":77,"column":27},"end":{"line":77,"column":28}},"loc":{"start":{"line":77,"column":48},"end":{"line":93,"column":9}},"line":77},"12":{"name":"(anonymous_12)","decl":{"start":{"line":89,"column":46},"end":{"line":89,"column":47}},"loc":{"start":{"line":89,"column":66},"end":{"line":92,"column":13}},"line":89},"13":{"name":"(anonymous_13)","decl":{"start":{"line":95,"column":4},"end":{"line":95,"column":5}},"loc":{"start":{"line":95,"column":26},"end":{"line":121,"column":5}},"line":95},"14":{"name":"(anonymous_14)","decl":{"start":{"line":96,"column":27},"end":{"line":96,"column":28}},"loc":{"start":{"line":96,"column":48},"end":{"line":120,"column":9}},"line":96},"15":{"name":"(anonymous_15)","decl":{"start":{"line":102,"column":36},"end":{"line":102,"column":37}},"loc":{"start":{"line":102,"column":53},"end":{"line":119,"column":13}},"line":102},"16":{"name":"(anonymous_16)","decl":{"start":{"line":109,"column":39},"end":{"line":109,"column":40}},"loc":{"start":{"line":109,"column":59},"end":{"line":118,"column":17}},"line":109},"17":{"name":"(anonymous_17)","decl":{"start":{"line":122,"column":4},"end":{"line":122,"column":5}},"loc":{"start":{"line":122,"column":22},"end":{"line":126,"column":5}},"line":122},"18":{"name":"(anonymous_18)","decl":{"start":{"line":132,"column":4},"end":{"line":132,"column":5}},"loc":{"start":{"line":132,"column":31},"end":{"line":134,"column":5}},"line":132},"19":{"name":"(anonymous_19)","decl":{"start":{"line":135,"column":4},"end":{"line":135,"column":5}},"loc":{"start":{"line":135,"column":28},"end":{"line":137,"column":5}},"line":135},"20":{"name":"(anonymous_20)","decl":{"start":{"line":138,"column":4},"end":{"line":138,"column":5}},"loc":{"start":{"line":138,"column":29},"end":{"line":140,"column":5}},"line":138},"21":{"name":"(anonymous_21)","decl":{"start":{"line":141,"column":4},"end":{"line":141,"column":5}},"loc":{"start":{"line":141,"column":28},"end":{"line":143,"column":5}},"line":141},"22":{"name":"(anonymous_22)","decl":{"start":{"line":144,"column":4},"end":{"line":144,"column":5}},"loc":{"start":{"line":144,"column":23},"end":{"line":159,"column":5}},"line":144},"23":{"name":"(anonymous_23)","decl":{"start":{"line":160,"column":4},"end":{"line":160,"column":5}},"loc":{"start":{"line":160,"column":33},"end":{"line":176,"column":5}},"line":160},"24":{"name":"(anonymous_24)","decl":{"start":{"line":177,"column":4},"end":{"line":177,"column":5}},"loc":{"start":{"line":177,"column":45},"end":{"line":182,"column":5}},"line":177},"25":{"name":"(anonymous_25)","decl":{"start":{"line":187,"column":4},"end":{"line":187,"column":5}},"loc":{"start":{"line":187,"column":21},"end":{"line":189,"column":5}},"line":187}},"branchMap":{"0":{"loc":{"start":{"line":2,"column":22},"end":{"line":12,"column":3}},"type":"binary-expr","locations":[{"start":{"line":2,"column":23},"end":{"line":2,"column":27}},{"start":{"line":2,"column":31},"end":{"line":2,"column":51}},{"start":{"line":2,"column":57},"end":{"line":12,"column":2}}],"line":2},"1":{"loc":{"start":{"line":2,"column":57},"end":{"line":12,"column":2}},"type":"cond-expr","locations":[{"start":{"line":2,"column":74},"end":{"line":9,"column":1}},{"start":{"line":9,"column":6},"end":{"line":12,"column":1}}],"line":2},"2":{"loc":{"start":{"line":3,"column":4},"end":{"line":3,"column":33}},"type":"if","locations":[{"start":{"line":3,"column":4},"end":{"line":3,"column":33}},{"start":{"line":3,"column":4},"end":{"line":3,"column":33}}],"line":3},"3":{"loc":{"start":{"line":5,"column":4},"end":{"line":7,"column":5}},"type":"if","locations":[{"start":{"line":5,"column":4},"end":{"line":7,"column":5}},{"start":{"line":5,"column":4},"end":{"line":7,"column":5}}],"line":5},"4":{"loc":{"start":{"line":5,"column":8},"end":{"line":5,"column":85}},"type":"binary-expr","locations":[{"start":{"line":5,"column":8},"end":{"line":5,"column":13}},{"start":{"line":5,"column":18},"end":{"line":5,"column":84}}],"line":5},"5":{"loc":{"start":{"line":5,"column":18},"end":{"line":5,"column":84}},"type":"cond-expr","locations":[{"start":{"line":5,"column":34},"end":{"line":5,"column":47}},{"start":{"line":5,"column":50},"end":{"line":5,"column":84}}],"line":5},"6":{"loc":{"start":{"line":5,"column":50},"end":{"line":5,"column":84}},"type":"binary-expr","locations":[{"start":{"line":5,"column":50},"end":{"line":5,"column":63}},{"start":{"line":5,"column":67},"end":{"line":5,"column":84}}],"line":5},"7":{"loc":{"start":{"line":10,"column":4},"end":{"line":10,"column":33}},"type":"if","locations":[{"start":{"line":10,"column":4},"end":{"line":10,"column":33}},{"start":{"line":10,"column":4},"end":{"line":10,"column":33}}],"line":10},"8":{"loc":{"start":{"line":13,"column":25},"end":{"line":17,"column":2}},"type":"binary-expr","locations":[{"start":{"line":13,"column":26},"end":{"line":13,"column":30}},{"start":{"line":13,"column":34},"end":{"line":13,"column":57}},{"start":{"line":13,"column":63},"end":{"line":17,"column":1}}],"line":13},"9":{"loc":{"start":{"line":13,"column":63},"end":{"line":17,"column":1}},"type":"cond-expr","locations":[{"start":{"line":13,"column":80},"end":{"line":15,"column":1}},{"start":{"line":15,"column":5},"end":{"line":17,"column":1}}],"line":13},"10":{"loc":{"start":{"line":18,"column":19},"end":{"line":24,"column":1}},"type":"binary-expr","locations":[{"start":{"line":18,"column":20},"end":{"line":18,"column":24}},{"start":{"line":18,"column":28},"end":{"line":18,"column":45}},{"start":{"line":18,"column":50},"end":{"line":24,"column":1}}],"line":18},"11":{"loc":{"start":{"line":19,"column":4},"end":{"line":19,"column":42}},"type":"if","locations":[{"start":{"line":19,"column":4},"end":{"line":19,"column":42}},{"start":{"line":19,"column":4},"end":{"line":19,"column":42}}],"line":19},"12":{"loc":{"start":{"line":19,"column":8},"end":{"line":19,"column":29}},"type":"binary-expr","locations":[{"start":{"line":19,"column":8},"end":{"line":19,"column":11}},{"start":{"line":19,"column":15},"end":{"line":19,"column":29}}],"line":19},"13":{"loc":{"start":{"line":21,"column":4},"end":{"line":21,"column":141}},"type":"if","locations":[{"start":{"line":21,"column":4},"end":{"line":21,"column":141}},{"start":{"line":21,"column":4},"end":{"line":21,"column":141}}],"line":21},"14":{"loc":{"start":{"line":21,"column":40},"end":{"line":21,"column":141}},"type":"if","locations":[{"start":{"line":21,"column":40},"end":{"line":21,"column":141}},{"start":{"line":21,"column":40},"end":{"line":21,"column":141}}],"line":21},"15":{"loc":{"start":{"line":21,"column":44},"end":{"line":21,"column":107}},"type":"binary-expr","locations":[{"start":{"line":21,"column":44},"end":{"line":21,"column":59}},{"start":{"line":21,"column":63},"end":{"line":21,"column":107}}],"line":21},"16":{"loc":{"start":{"line":36,"column":8},"end":{"line":38,"column":9}},"type":"if","locations":[{"start":{"line":36,"column":8},"end":{"line":38,"column":9}},{"start":{"line":36,"column":8},"end":{"line":38,"column":9}}],"line":36},"17":{"loc":{"start":{"line":63,"column":21},"end":{"line":63,"column":39}},"type":"default-arg","locations":[{"start":{"line":63,"column":34},"end":{"line":63,"column":39}}],"line":63},"18":{"loc":{"start":{"line":65,"column":12},"end":{"line":70,"column":13}},"type":"if","locations":[{"start":{"line":65,"column":12},"end":{"line":70,"column":13}},{"start":{"line":65,"column":12},"end":{"line":70,"column":13}}],"line":65},"19":{"loc":{"start":{"line":78,"column":12},"end":{"line":80,"column":13}},"type":"if","locations":[{"start":{"line":78,"column":12},"end":{"line":80,"column":13}},{"start":{"line":78,"column":12},"end":{"line":80,"column":13}}],"line":78},"20":{"loc":{"start":{"line":91,"column":16},"end":{"line":91,"column":77}},"type":"cond-expr","locations":[{"start":{"line":91,"column":24},"end":{"line":91,"column":58}},{"start":{"line":91,"column":61},"end":{"line":91,"column":77}}],"line":91},"21":{"loc":{"start":{"line":97,"column":12},"end":{"line":100,"column":13}},"type":"if","locations":[{"start":{"line":97,"column":12},"end":{"line":100,"column":13}},{"start":{"line":97,"column":12},"end":{"line":100,"column":13}}],"line":97},"22":{"loc":{"start":{"line":103,"column":16},"end":{"line":108,"column":17}},"type":"if","locations":[{"start":{"line":103,"column":16},"end":{"line":108,"column":17}},{"start":{"line":103,"column":16},"end":{"line":108,"column":17}}],"line":103},"23":{"loc":{"start":{"line":112,"column":20},"end":{"line":115,"column":21}},"type":"if","locations":[{"start":{"line":112,"column":20},"end":{"line":115,"column":21}},{"start":{"line":112,"column":20},"end":{"line":115,"column":21}}],"line":112},"24":{"loc":{"start":{"line":123,"column":8},"end":{"line":125,"column":9}},"type":"if","locations":[{"start":{"line":123,"column":8},"end":{"line":125,"column":9}},{"start":{"line":123,"column":8},"end":{"line":125,"column":9}}],"line":123},"25":{"loc":{"start":{"line":146,"column":8},"end":{"line":148,"column":9}},"type":"if","locations":[{"start":{"line":146,"column":8},"end":{"line":148,"column":9}},{"start":{"line":146,"column":8},"end":{"line":148,"column":9}}],"line":146},"26":{"loc":{"start":{"line":151,"column":8},"end":{"line":156,"column":9}},"type":"if","locations":[{"start":{"line":151,"column":8},"end":{"line":156,"column":9}},{"start":{"line":151,"column":8},"end":{"line":156,"column":9}}],"line":151},"27":{"loc":{"start":{"line":151,"column":12},"end":{"line":151,"column":70}},"type":"binary-expr","locations":[{"start":{"line":151,"column":12},"end":{"line":151,"column":35}},{"start":{"line":151,"column":39},"end":{"line":151,"column":70}}],"line":151},"28":{"loc":{"start":{"line":163,"column":8},"end":{"line":166,"column":9}},"type":"if","locations":[{"start":{"line":163,"column":8},"end":{"line":166,"column":9}},{"start":{"line":163,"column":8},"end":{"line":166,"column":9}}],"line":163},"29":{"loc":{"start":{"line":169,"column":8},"end":{"line":171,"column":9}},"type":"if","locations":[{"start":{"line":169,"column":8},"end":{"line":171,"column":9}},{"start":{"line":169,"column":8},"end":{"line":171,"column":9}}],"line":169},"30":{"loc":{"start":{"line":169,"column":12},"end":{"line":169,"column":70}},"type":"binary-expr","locations":[{"start":{"line":169,"column":12},"end":{"line":169,"column":35}},{"start":{"line":169,"column":39},"end":{"line":169,"column":70}}],"line":169},"31":{"loc":{"start":{"line":172,"column":8},"end":{"line":173,"column":87}},"type":"if","locations":[{"start":{"line":172,"column":8},"end":{"line":173,"column":87}},{"start":{"line":172,"column":8},"end":{"line":173,"column":87}}],"line":172},"32":{"loc":{"start":{"line":178,"column":8},"end":{"line":180,"column":9}},"type":"if","locations":[{"start":{"line":178,"column":8},"end":{"line":180,"column":9}},{"start":{"line":178,"column":8},"end":{"line":180,"column":9}}],"line":178}},"s":{"0":1,"1":8,"2":8,"3":8,"4":8,"5":8,"6":2,"7":8,"8":0,"9":0,"10":0,"11":1,"12":1,"13":0,"14":1,"15":1,"16":0,"17":1,"18":1,"19":1,"20":8,"21":8,"22":1,"23":1,"24":1,"25":1,"26":1,"27":1,"28":1,"29":1,"30":0,"31":1,"32":1,"33":1,"34":1,"35":1,"36":0,"37":0,"38":3,"39":3,"40":0,"41":3,"42":3,"43":0,"44":0,"45":0,"46":0,"47":0,"48":0,"49":0,"50":0,"51":0,"52":0,"53":0,"54":0,"55":0,"56":0,"57":0,"58":0,"59":0,"60":1,"61":1,"62":1,"63":1,"64":1,"65":2,"66":1,"67":1,"68":0,"69":0,"70":0,"71":0,"72":0,"73":0,"74":0,"75":0,"76":0,"77":0,"78":0,"79":0,"80":0,"81":0,"82":0,"83":0,"84":0,"85":0,"86":0,"87":0,"88":5,"89":2,"90":5,"91":1,"92":3,"93":1,"94":0,"95":1,"96":3,"97":1,"98":0,"99":0,"100":1},"f":{"0":8,"1":2,"2":0,"3":1,"4":0,"5":1,"6":1,"7":1,"8":1,"9":1,"10":3,"11":3,"12":3,"13":0,"14":0,"15":0,"16":0,"17":1,"18":1,"19":2,"20":1,"21":1,"22":0,"23":0,"24":5,"25":3},"b":{"0":[1,1,1],"1":[1,0],"2":[8,0],"3":[8,0],"4":[8,8],"5":[0,8],"6":[8,0],"7":[0,0],"8":[1,1,1],"9":[1,0],"10":[1,1,1],"11":[0,1],"12":[1,1],"13":[1,0],"14":[8,0],"15":[8,8],"16":[0,1],"17":[0],"18":[1,0],"19":[0,3],"20":[3,0],"21":[0,0],"22":[0,0],"23":[0,0],"24":[1,0],"25":[0,0],"26":[0,0],"27":[0,0],"28":[0,0],"29":[0,0],"30":[0,0],"31":[0,0],"32":[2,3]},"inputSourceMap":{"version":3,"file":"sql-layer.js","sourceRoot":"","sources":["../../../../src/layer/sql-layer/sql-layer.ts"],"names":[],"mappings":";;;;;;;;;;;;;;;;;;;;;;;;;;AAAA,6CAA+B;AAE/B,8DAAwD;AAExD,MAAa,UAAU;IACb,UAAU,CAA0B;IACpC,IAAI,CAAoB;IAChC;QACE,IAAI,CAAC,oBAAoB,CACvB,gDAAgD,EAChD,OAAO,EACP,UAAU,EACV,MAAM,EACN,OAAO,CACR,CAAC;IACJ,CAAC;IAEO,WAAW,CACjB,QAAgB,EAChB,IAAY,EACZ,QAAgB,EAChB,IAAY;QAEZ,IAAI,IAAI,CAAC,UAAU,EAAE,KAAK,KAAK,WAAW,EAAE;YAC1C,OAAO;SACR;QACD,IAAI,CAAC,UAAU,GAAG,KAAK,CAAC,gBAAgB,CAAC;YACvC,IAAI,EAAE,QAAQ;YACd,IAAI,EAAE,IAAI;YACV,QAAQ,EAAE,QAAQ;YAClB,IAAI,EAAE,MAAM,CAAC,IAAI,CAAC;YAClB,kBAAkB,EAAE,IAAI;YACxB,cAAc,EAAE,EAAE,GAAG,EAAE,GAAG,IAAI;YAC9B,OAAO,EAAE,EAAE,GAAG,EAAE,GAAG,IAAI;YACvB,KAAK,EAAE,KAAK;SACb,CAAC,CAAC;IACL,CAAC;IAED,oBAAoB,CAClB,QAAgB,EAChB,IAAY,EACZ,QAAgB,EAChB,IAAY,EACZ,QAAgB;QAEhB,IAAI,CAAC,IAAI,GAAG,KAAK,CAAC,UAAU,CAAC;YAC3B,IAAI,EAAE,QAAQ;YACd,IAAI,EAAE,IAAI;YACV,QAAQ,EAAE,QAAQ;YAClB,QAAQ,EAAE,QAAQ;YAClB,IAAI,EAAE,MAAM,CAAC,IAAI,CAAC;YAClB,kBAAkB,EAAE,IAAI;YACxB,eAAe,EAAE,EAAE;YACnB,UAAU,EAAE,CAAC;YACb,KAAK,EAAE,IAAI;SACZ,CAAC,CAAC;IACL,CAAC;IAED,gBAAgB,CACd,UAAU,GAAG,KAAK,EAClB,QAAiB,EACjB,IAAa,EACb,QAAiB,EACjB,IAAa;QAEb,IAAI;YACF,IAAI,UAAU,EAAE;gBACd,IAAI,CAAC,WAAW,CACd,gDAAgD,EAChD,OAAO,EACP,UAAU,EACV,MAAM,CACP,CAAC;aACH;iBAAM;gBACL,IAAI,CAAC,WAAW,CAAC,QAAS,EAAE,IAAK,EAAE,QAAS,EAAE,IAAK,CAAC,CAAC;aACtD;SACF;QAAC,OAAO,CAAC,EAAE;YACV,MAAM,CAAU,CAAC;SAClB;IACH,CAAC;IAED,KAAK,CAAC,KAAa,EAAE,GAAI;QACvB,OAAO,IAAI,OAAO,CAAC,CAAC,OAAO,EAAE,MAAM,EAAE,EAAE;YACrC,IAAI,CAAC,IAAI,CAAC,UAAU,EAAE;gBACpB,OAAO,MAAM,CAAC,IAAI,qBAAqB,CAAC,iBAAiB,CAAC,CAAC,CAAC;aAC7D;YACD,+CAA+C;YAC/C,qDAAqD;YACrD,mBAAmB;YACnB,eAAe;YACf,4DAA4D;YAC5D,QAAQ;YACR,QAAQ;YACR,IAAI;YAEJ,IAAI,CAAC,UAAU,CAAC,KAAK,CAAC,KAAK,EAAE,GAAG,EAAE,CAAC,KAAK,EAAE,OAAO,EAAE,EAAE;gBACnD,gEAAgE;gBAChE,KAAK,CAAC,CAAC,CAAC,MAAM,CAAC,IAAI,UAAU,CAAC,KAAK,CAAC,IAAI,CAAC,CAAC,CAAC,CAAC,CAAC,OAAO,CAAC,OAAO,CAAC,CAAC;YAChE,CAAC,CAAC,CAAC;QACL,CAAC,CAAC,CAAC;IACL,CAAC;IAED,SAAS,CAAC,KAAa,EAAE,GAAI;QAC3B,OAAO,IAAI,OAAO,CAAC,CAAC,OAAO,EAAE,MAAM,EAAE,EAAE;YACrC,IAAI,CAAC,IAAI,CAAC,IAAI,EAAE;gBACd,MAAM,CAAC,IAAI,qBAAqB,CAAC,iBAAiB,CAAC,CAAC,CAAC;gBACrD,OAAO;aACR;YACD,OAAO,CAAC,GAAG,CAAC,cAAc,CAAC,CAAC;YAE5B,IAAI,CAAC,IAAI,CAAC,aAAa,CAAC,CAAC,KAAiB,EAAE,IAAI,EAAE,EAAE;gBAClD,IAAI,KAAK,EAAE;oBACT,MAAM;oBACN,OAAO,CAAC,GAAG,CAAC,MAAM,EAAE,KAAK,CAAC,CAAC;oBAC3B,MAAM,CAAC,IAAI,0BAA0B,CAAC,KAAK,CAAC,IAAI,CAAC,CAAC,CAAC;oBACnD,OAAO;iBACR;gBACD,IAAI,CAAC,KAAK,CAAC,KAAK,EAAE,GAAG,EAAE,CAAC,KAAK,EAAE,OAAO,EAAE,EAAE;oBACxC,gEAAgE;oBAChE,OAAO,CAAC,GAAG,CAAC,eAAe,EAAE,KAAK,CAAC,CAAC;oBAEpC,IAAI,KAAK,EAAE;wBACT,MAAM,CAAC,IAAI,UAAU,CAAC,aAAa,CAAC,CAAC,CAAC;wBACtC,OAAO;qBACR;oBACD,IAAI,CAAC,OAAO,EAAE,CAAC;oBACf,OAAO,CAAC,OAAO,CAAC,CAAC;gBACnB,CAAC,CAAC,CAAC;YACL,CAAC,CAAC,CAAC;QACL,CAAC,CAAC,CAAC;IACL,CAAC;IAED,eAAe;QACb,IAAI,IAAI,CAAC,UAAU,EAAE;YACnB,IAAI,CAAC,UAAU,CAAC,GAAG,EAAE,CAAC;SACvB;IACH,CAAC;CACF;AArID,gCAqIC;AAOD,oDAAoD;AACpD,MAAa,MAAM;IACT,WAAW,GAAwB,EAAE,CAAC;IAEvC,MAAM,CAAC,YAAoB,EAAE,IAAa;QAC/C,IAAI,CAAC,QAAQ,CAAC,YAAY,EAAE,QAAQ,EAAE,IAAI,CAAC,CAAC;IAC9C,CAAC;IAEM,GAAG,CAAC,YAAoB,EAAE,IAAa;QAC5C,IAAI,CAAC,QAAQ,CAAC,YAAY,EAAE,KAAK,EAAE,IAAI,CAAC,CAAC;IAC3C,CAAC;IAEM,IAAI,CAAC,YAAoB,EAAE,IAAa;QAC7C,IAAI,CAAC,QAAQ,CAAC,YAAY,EAAE,MAAM,EAAE,IAAI,CAAC,CAAC;IAC5C,CAAC;IAEM,GAAG,CAAC,YAAoB,EAAE,IAAa;QAC5C,IAAI,CAAC,QAAQ,CAAC,YAAY,EAAE,KAAK,EAAE,IAAI,CAAC,CAAC;IAC3C,CAAC;IAEM,KAAK,CAAC,KAAK,CAAC,KAAK;QACtB,OAAO,CAAC,GAAG,CAAC,IAAI,CAAC,WAAW,CAAC,CAAC;QAC9B,IAAI,CAAC,KAAK,CAAC,cAAc,EAAE;YACzB,OAAO,EAAE,UAAU,EAAE,GAAG,EAAE,IAAI,EAAE,iCAAiC,EAAE,CAAC;SACrE;QAED,MAAM,IAAI,GAAG,KAAK,CAAC,cAAc,CAAC,YAAY,CAAC;QAC/C,MAAM,MAAM,GAAG,KAAK,CAAC,cAAc,CAAC,UAAU,CAAC;QAE/C,IAAI,CAAC,IAAI,CAAC,WAAW,CAAC,IAAI,CAAC,IAAI,CAAC,IAAI,CAAC,WAAW,CAAC,IAAI,CAAC,CAAC,MAAM,CAAC,EAAE;YAC9D,OAAO;gBACL,UAAU,EAAE,GAAG;gBACf,IAAI,EAAE,yBAAyB,GAAG,IAAI,GAAG,MAAM;aAChD,CAAC;SACH;QAED,2DAA2D;QAC3D,OAAO,IAAI,CAAC,WAAW,CAAC,KAAK,CAAC,cAAc,CAAC,YAAY,CAAC,CACxD,KAAK,CAAC,cAAc,CAAC,UAAU,CAChC,CAAC,KAAK,CAAC,CAAC;IACX,CAAC;IAEM,KAAK,CAAC,eAAe,CAC1B,KAAK;QAEL,OAAO,CAAC,GAAG,CAAC,IAAI,CAAC,WAAW,CAAC,CAAC;QAC9B,IAAI,GAAG,GAAG,EAAE,CAAC;QACb,IAAI,CAAC,KAAK,CAAC,cAAc,EAAE;YACzB,GAAG,GAAG,iCAAiC,CAAC;YACxC,IAAA,kCAAc,EAAC,EAAE,UAAU,EAAE,GAAG,EAAE,OAAO,EAAE,GAAG,EAAE,CAAC,CAAC;SACnD;QAED,MAAM,IAAI,GAAG,KAAK,CAAC,cAAc,CAAC,YAAY,CAAC;QAC/C,MAAM,MAAM,GAAG,KAAK,CAAC,cAAc,CAAC,UAAU,CAAC;QAE/C,IAAI,CAAC,IAAI,CAAC,WAAW,CAAC,IAAI,CAAC,IAAI,CAAC,IAAI,CAAC,WAAW,CAAC,IAAI,CAAC,CAAC,MAAM,CAAC,EAAE;YAC9D,GAAG,GAAG,yBAAyB,GAAG,IAAI,GAAG,MAAM,CAAC;SACjD;QACD,IAAI,GAAG,IAAI,EAAE;YAAE,IAAA,kCAAc,EAAC,EAAE,UAAU,EAAE,GAAG,EAAE,OAAO,EAAE,GAAG,EAAE,CAAC,CAAC;QAEjE,2DAA2D;QAC3D,OAAO,IAAI,CAAC,WAAW,CAAC,KAAK,CAAC,cAAc,CAAC,YAAY,CAAC,CACxD,KAAK,CAAC,cAAc,CAAC,UAAU,CAChC,CAAC,KAAK,CAAC,CAAC;IACX,CAAC;IAEO,QAAQ,CAAC,YAAoB,EAAE,UAAkB,EAAE,IAAa;QACtE,IAAI,CAAC,IAAI,CAAC,WAAW,CAAC,YAAY,CAAC,EAAE;YACnC,IAAI,CAAC,WAAW,CAAC,YAAY,CAAC,GAAG,EAAE,CAAC;SACrC;QAED,IAAI,CAAC,WAAW,CAAC,YAAY,CAAC,CAAC,UAAU,CAAC,GAAG,IAAI,CAAC;IACpD,CAAC;CACF;AAxED,wBAwEC;AAED,MAAa,YAAa,SAAQ,KAAK;IACrC,UAAU,CAAS;IAEnB,YAAY,GAAW;QACrB,KAAK,CAAC,GAAG,CAAC,CAAC;IACb,CAAC;CACF;AAND,oCAMC;AAED,MAAa,aAAc,SAAQ,YAAY;IAC7C,UAAU,GAAG,GAAG,CAAC;CAClB;AAFD,sCAEC;AAED,MAAa,UAAW,SAAQ,YAAY;IAC1C,UAAU,GAAG,GAAG,CAAC;CAClB;AAFD,gCAEC;AAED,MAAM,0BAA2B,SAAQ,YAAY;IACnD,UAAU,GAAG,GAAG,CAAC;CAClB;AAED,MAAM,qBAAsB,SAAQ,YAAY;IAC9C,UAAU,GAAG,GAAG,CAAC;CAClB;AAEY,QAAA,oBAAoB,GAAG,IAAI,UAAU,EAAE,CAAC","sourcesContent":["import * as mysql from 'mysql';\nimport { MysqlError, Query } from 'mysql';\nimport { errorGenerator } from '/opt/customError-layer';\n\nexport class SQLManager {\n  private connection: null | mysql.Connection;\n  private pool: null | mysql.Pool;\n  constructor() {\n    this.createConnectionPool(\n      'sqldb.cyg4txabxn5r.us-west-2.rds.amazonaws.com',\n      'admin',\n      'password',\n      '3306',\n      'sqlDB'\n    );\n  }\n\n  private connectToDB(\n    hostname: string,\n    user: string,\n    password: string,\n    port: string\n  ): void {\n    if (this.connection?.state === 'connected') {\n      return;\n    }\n    this.connection = mysql.createConnection({\n      host: hostname,\n      user: user,\n      password: password,\n      port: Number(port),\n      multipleStatements: true,\n      connectTimeout: 60 * 60 * 1000,\n      timeout: 60 * 60 * 1000,\n      debug: false,\n    });\n  }\n\n  createConnectionPool(\n    hostname: string,\n    user: string,\n    password: string,\n    port: string,\n    database: string\n  ): void {\n    this.pool = mysql.createPool({\n      host: hostname,\n      user: user,\n      database: database,\n      password: password,\n      port: Number(port),\n      waitForConnections: true,\n      connectionLimit: 10,\n      queueLimit: 0,\n      debug: true,\n    });\n  }\n\n  createConnection(\n    useDefault = false,\n    hostname?: string,\n    user?: string,\n    password?: string,\n    port?: string\n  ): void {\n    try {\n      if (useDefault) {\n        this.connectToDB(\n          'sqldb.cyg4txabxn5r.us-west-2.rds.amazonaws.com',\n          'admin',\n          'password',\n          '3306'\n        );\n      } else {\n        this.connectToDB(hostname!, user!, password!, port!);\n      }\n    } catch (e) {\n      throw e as Error;\n    }\n  }\n\n  query(query: string, set?): Promise<Query | any[]> {\n    return new Promise((resolve, reject) => {\n      if (!this.connection) {\n        return reject(new FailedDependencyError('Connection Null'));\n      }\n      // if (this.connection.state !== 'connected') {\n      //   this.connection.connect((error: MysqlError) => {\n      //     if (error) {\n      //       // 599\n      //       reject(new NetworkConnectTimeoutError(error.code));\n      //     }\n      //   });\n      // }\n\n      this.connection.query(query, set, (error, results) => {\n        // todo find types of query errors to return correct status code\n        error ? reject(new BadRequest(error.code)) : resolve(results);\n      });\n    });\n  }\n\n  queryPool(query: string, set?): Promise<Query> {\n    return new Promise((resolve, reject) => {\n      if (!this.pool) {\n        reject(new FailedDependencyError('Connection Null'));\n        return;\n      }\n      console.log('in queryPool');\n\n      this.pool.getConnection((error: MysqlError, conn) => {\n        if (error) {\n          // 599\n          console.log('err1', error);\n          reject(new NetworkConnectTimeoutError(error.code));\n          return;\n        }\n        conn.query(query, set, (error, results) => {\n          // todo find types of query errors to return correct status code\n          console.log('<<query :::: ', query);\n\n          if (error) {\n            reject(new BadRequest('Bad Request'));\n            return;\n          }\n          conn.release();\n          resolve(results);\n        });\n      });\n    });\n  }\n\n  closeConnection(): void {\n    if (this.connection) {\n      this.connection.end();\n    }\n  }\n}\n\n// Promise<{ statusCode: number; body: string } |\nexport type handler = (event?) => Promise<any>;\nexport type response = Promise<any>;\ntype Dict<T> = { [key: string]: T };\n\n// A router to manage routes in the style of express\nexport class Router {\n  private route_table: Dict<Dict<handler>> = {};\n\n  public delete(resourcePath: string, func: handler) {\n    this.addRoute(resourcePath, 'DELETE', func);\n  }\n\n  public get(resourcePath: string, func: handler) {\n    this.addRoute(resourcePath, 'GET', func);\n  }\n\n  public post(resourcePath: string, func: handler) {\n    this.addRoute(resourcePath, 'POST', func);\n  }\n\n  public put(resourcePath: string, func: handler) {\n    this.addRoute(resourcePath, 'PUT', func);\n  }\n\n  public async route(event): Promise<{ statusCode: number; body: string }> {\n    console.log(this.route_table);\n    if (!event.requestContext) {\n      return { statusCode: 407, body: 'ROUTE - expected requestContext' };\n    }\n\n    const path = event.requestContext.resourcePath;\n    const method = event.requestContext.httpMethod;\n\n    if (!this.route_table[path] || !this.route_table[path][method]) {\n      return {\n        statusCode: 405,\n        body: 'ROUTE - Invalid route: ' + path + method,\n      };\n    }\n\n    // calls the function assigned based on the path and method\n    return this.route_table[event.requestContext.resourcePath][\n      event.requestContext.httpMethod\n    ](event);\n  }\n\n  public async routeThrowError(\n    event\n  ): Promise<{ statusCode: number; body: string }> {\n    console.log(this.route_table);\n    let msg = '';\n    if (!event.requestContext) {\n      msg = 'ROUTE - expected requestContext';\n      errorGenerator({ statusCode: 406, message: msg });\n    }\n\n    const path = event.requestContext.resourcePath;\n    const method = event.requestContext.httpMethod;\n\n    if (!this.route_table[path] || !this.route_table[path][method]) {\n      msg = 'ROUTE - Invalid route: ' + path + method;\n    }\n    if (msg != '') errorGenerator({ statusCode: 405, message: msg });\n\n    // calls the function assigned based on the path and method\n    return this.route_table[event.requestContext.resourcePath][\n      event.requestContext.httpMethod\n    ](event);\n  }\n\n  private addRoute(resourcePath: string, httpMethod: string, func: handler) {\n    if (!this.route_table[resourcePath]) {\n      this.route_table[resourcePath] = {};\n    }\n\n    this.route_table[resourcePath][httpMethod] = func;\n  }\n}\n\nexport class NetworkError extends Error {\n  statusCode: number;\n\n  constructor(msg: string) {\n    super(msg);\n  }\n}\n\nexport class NotFoundError extends NetworkError {\n  statusCode = 404;\n}\n\nexport class BadRequest extends NetworkError {\n  statusCode = 400;\n}\n\nclass NetworkConnectTimeoutError extends NetworkError {\n  statusCode = 599;\n}\n\nclass FailedDependencyError extends NetworkError {\n  statusCode = 424;\n}\n\nexport const SQLConnectionManager = new SQLManager();\n"]},"_coverageSchema":"1a1c01bbd47fc00a2c39e90264f33305004495a9","hash":"09b8d47b01ab512b77972d95c302c486b5e66440","contentHash":"74bf9a1da200c52d91f5feca74fc384cb3596a6036f7a2e4e667a28df774afd9"},"/Users/mgbalantzyan/projects/cpsc319/JungleCart/backend/dist/src/layer/customError-layer/customError-layer.js":{"path":"/Users/mgbalantzyan/projects/cpsc319/JungleCart/backend/dist/src/layer/customError-layer/customError-layer.js","statementMap":{"0":{"start":{"line":2,"column":0},"end":{"line":2,"column":62}},"1":{"start":{"line":3,"column":0},"end":{"line":3,"column":54}},"2":{"start":{"line":7,"column":8},"end":{"line":7,"column":23}},"3":{"start":{"line":8,"column":8},"end":{"line":8,"column":37}},"4":{"start":{"line":9,"column":8},"end":{"line":9,"column":59}},"5":{"start":{"line":12,"column":8},"end":{"line":12,"column":55}},"6":{"start":{"line":15,"column":0},"end":{"line":15,"column":34}},"7":{"start":{"line":16,"column":23},"end":{"line":20,"column":1}},"8":{"start":{"line":17,"column":18},"end":{"line":17,"column":40}},"9":{"start":{"line":18,"column":4},"end":{"line":18,"column":38}},"10":{"start":{"line":19,"column":4},"end":{"line":19,"column":16}},"11":{"start":{"line":21,"column":0},"end":{"line":21,"column":40}}},"fnMap":{"0":{"name":"(anonymous_0)","decl":{"start":{"line":6,"column":4},"end":{"line":6,"column":5}},"loc":{"start":{"line":6,"column":37},"end":{"line":10,"column":5}},"line":6},"1":{"name":"(anonymous_1)","decl":{"start":{"line":11,"column":4},"end":{"line":11,"column":5}},"loc":{"start":{"line":11,"column":22},"end":{"line":13,"column":5}},"line":11},"2":{"name":"(anonymous_2)","decl":{"start":{"line":16,"column":23},"end":{"line":16,"column":24}},"loc":{"start":{"line":16,"column":32},"end":{"line":20,"column":1}},"line":16}},"branchMap":{},"s":{"0":1,"1":1,"2":0,"3":0,"4":0,"5":0,"6":1,"7":1,"8":0,"9":0,"10":0,"11":1},"f":{"0":0,"1":0,"2":0},"b":{},"inputSourceMap":{"version":3,"file":"customError-layer.js","sourceRoot":"","sources":["../../../../src/layer/customError-layer/customError-layer.ts"],"names":[],"mappings":";;;AAQA,MAAa,WAAY,SAAQ,KAAK;IACpC,UAAU,CAAS;IACnB,YAAY,OAAe,EAAE,UAAkB;QAC7C,KAAK,CAAC,OAAO,CAAC,CAAC;QACf,IAAI,CAAC,UAAU,GAAG,UAAU,CAAC;QAC7B,MAAM,CAAC,cAAc,CAAC,IAAI,EAAE,WAAW,CAAC,SAAS,CAAC,CAAC;IACrD,CAAC;IAED,eAAe;QACb,OAAO,wBAAwB,GAAG,IAAI,CAAC,OAAO,CAAC;IACjD,CAAC;CACF;AAXD,kCAWC;AAEM,MAAM,cAAc,GAAG,CAAC,GAAsB,EAAE,EAAE;IACvD,MAAM,KAAK,GAAiB,IAAI,KAAK,CAAC,GAAG,CAAC,OAAO,CAAC,CAAC;IACnD,KAAK,CAAC,UAAU,GAAG,GAAG,CAAC,UAAU,CAAC;IAClC,MAAM,KAAK,CAAC;AACd,CAAC,CAAC;AAJW,QAAA,cAAc,kBAIzB","sourcesContent":["export interface ICustomErrorSetup {\n  statusCode: number;\n  message: string;\n}\nexport interface ICustomError extends Error {\n  statusCode?: number;\n  message: string;\n}\nexport class CustomError extends Error {\n  statusCode: number;\n  constructor(message: string, statusCode: number) {\n    super(message);\n    this.statusCode = statusCode;\n    Object.setPrototypeOf(this, CustomError.prototype);\n  }\n\n  getErrorMessage() {\n    return 'Something went wrong: ' + this.message;\n  }\n}\n\nexport const errorGenerator = (obj: ICustomErrorSetup) => {\n  const error: ICustomError = new Error(obj.message);\n  error.statusCode = obj.statusCode;\n  throw error;\n};\n"]},"_coverageSchema":"1a1c01bbd47fc00a2c39e90264f33305004495a9","hash":"f9eb1bce5ae1ef3ac522338b5eae77ed1bd95384","contentHash":"9e506e4436a99dd9ab56247a3cc52c7357d019d8c275787c1d50313db21e7fe3"},"/Users/mgbalantzyan/projects/cpsc319/JungleCart/backend/dist/tests/integration/lambda/products-lambda/index.test.js":{"path":"/Users/mgbalantzyan/projects/cpsc319/JungleCart/backend/dist/tests/integration/lambda/products-lambda/index.test.js","statementMap":{"0":{"start":{"line":2,"column":22},"end":{"line":12,"column":3}},"1":{"start":{"line":3,"column":4},"end":{"line":3,"column":33}},"2":{"start":{"line":3,"column":26},"end":{"line":3,"column":33}},"3":{"start":{"line":4,"column":15},"end":{"line":4,"column":52}},"4":{"start":{"line":5,"column":4},"end":{"line":7,"column":5}},"5":{"start":{"line":6,"column":6},"end":{"line":6,"column":68}},"6":{"start":{"line":6,"column":51},"end":{"line":6,"column":63}},"7":{"start":{"line":8,"column":4},"end":{"line":8,"column":39}},"8":{"start":{"line":10,"column":4},"end":{"line":10,"column":33}},"9":{"start":{"line":10,"column":26},"end":{"line":10,"column":33}},"10":{"start":{"line":11,"column":4},"end":{"line":11,"column":17}},"11":{"start":{"line":13,"column":25},"end":{"line":17,"column":2}},"12":{"start":{"line":14,"column":4},"end":{"line":14,"column":72}},"13":{"start":{"line":16,"column":4},"end":{"line":16,"column":21}},"14":{"start":{"line":18,"column":19},"end":{"line":24,"column":1}},"15":{"start":{"line":19,"column":4},"end":{"line":19,"column":42}},"16":{"start":{"line":19,"column":31},"end":{"line":19,"column":42}},"17":{"start":{"line":20,"column":17},"end":{"line":20,"column":19}},"18":{"start":{"line":21,"column":4},"end":{"line":21,"column":141}},"19":{"start":{"line":21,"column":21},"end":{"line":21,"column":141}},"20":{"start":{"line":21,"column":40},"end":{"line":21,"column":141}},"21":{"start":{"line":21,"column":109},"end":{"line":21,"column":141}},"22":{"start":{"line":22,"column":4},"end":{"line":22,"column":36}},"23":{"start":{"line":23,"column":4},"end":{"line":23,"column":18}},"24":{"start":{"line":25,"column":22},"end":{"line":27,"column":1}},"25":{"start":{"line":26,"column":4},"end":{"line":26,"column":62}},"26":{"start":{"line":28,"column":0},"end":{"line":28,"column":62}},"27":{"start":{"line":29,"column":13},"end":{"line":29,"column":42}},"28":{"start":{"line":30,"column":27},"end":{"line":30,"column":71}},"29":{"start":{"line":31,"column":0},"end":{"line":31,"column":37}},"30":{"start":{"line":32,"column":0},"end":{"line":45,"column":3}},"31":{"start":{"line":33,"column":4},"end":{"line":35,"column":7}},"32":{"start":{"line":34,"column":8},"end":{"line":34,"column":15}},"33":{"start":{"line":36,"column":4},"end":{"line":38,"column":7}},"34":{"start":{"line":37,"column":8},"end":{"line":37,"column":15}},"35":{"start":{"line":39,"column":4},"end":{"line":41,"column":7}},"36":{"start":{"line":40,"column":8},"end":{"line":40,"column":15}},"37":{"start":{"line":42,"column":4},"end":{"line":44,"column":7}},"38":{"start":{"line":43,"column":8},"end":{"line":43,"column":15}}},"fnMap":{"0":{"name":"(anonymous_0)","decl":{"start":{"line":2,"column":74},"end":{"line":2,"column":75}},"loc":{"start":{"line":2,"column":96},"end":{"line":9,"column":1}},"line":2},"1":{"name":"(anonymous_1)","decl":{"start":{"line":6,"column":38},"end":{"line":6,"column":39}},"loc":{"start":{"line":6,"column":49},"end":{"line":6,"column":65}},"line":6},"2":{"name":"(anonymous_2)","decl":{"start":{"line":9,"column":6},"end":{"line":9,"column":7}},"loc":{"start":{"line":9,"column":28},"end":{"line":12,"column":1}},"line":9},"3":{"name":"(anonymous_3)","decl":{"start":{"line":13,"column":80},"end":{"line":13,"column":81}},"loc":{"start":{"line":13,"column":95},"end":{"line":15,"column":1}},"line":13},"4":{"name":"(anonymous_4)","decl":{"start":{"line":15,"column":5},"end":{"line":15,"column":6}},"loc":{"start":{"line":15,"column":20},"end":{"line":17,"column":1}},"line":15},"5":{"name":"(anonymous_5)","decl":{"start":{"line":18,"column":50},"end":{"line":18,"column":51}},"loc":{"start":{"line":18,"column":65},"end":{"line":24,"column":1}},"line":18},"6":{"name":"(anonymous_6)","decl":{"start":{"line":25,"column":56},"end":{"line":25,"column":57}},"loc":{"start":{"line":25,"column":71},"end":{"line":27,"column":1}},"line":25},"7":{"name":"(anonymous_7)","decl":{"start":{"line":32,"column":36},"end":{"line":32,"column":37}},"loc":{"start":{"line":32,"column":48},"end":{"line":45,"column":1}},"line":32},"8":{"name":"(anonymous_8)","decl":{"start":{"line":33,"column":38},"end":{"line":33,"column":39}},"loc":{"start":{"line":33,"column":50},"end":{"line":35,"column":5}},"line":33},"9":{"name":"(anonymous_9)","decl":{"start":{"line":36,"column":37},"end":{"line":36,"column":38}},"loc":{"start":{"line":36,"column":49},"end":{"line":38,"column":5}},"line":36},"10":{"name":"(anonymous_10)","decl":{"start":{"line":39,"column":39},"end":{"line":39,"column":40}},"loc":{"start":{"line":39,"column":45},"end":{"line":41,"column":5}},"line":39},"11":{"name":"(anonymous_11)","decl":{"start":{"line":42,"column":39},"end":{"line":42,"column":40}},"loc":{"start":{"line":42,"column":45},"end":{"line":44,"column":5}},"line":42}},"branchMap":{"0":{"loc":{"start":{"line":2,"column":22},"end":{"line":12,"column":3}},"type":"binary-expr","locations":[{"start":{"line":2,"column":23},"end":{"line":2,"column":27}},{"start":{"line":2,"column":31},"end":{"line":2,"column":51}},{"start":{"line":2,"column":57},"end":{"line":12,"column":2}}],"line":2},"1":{"loc":{"start":{"line":2,"column":57},"end":{"line":12,"column":2}},"type":"cond-expr","locations":[{"start":{"line":2,"column":74},"end":{"line":9,"column":1}},{"start":{"line":9,"column":6},"end":{"line":12,"column":1}}],"line":2},"2":{"loc":{"start":{"line":3,"column":4},"end":{"line":3,"column":33}},"type":"if","locations":[{"start":{"line":3,"column":4},"end":{"line":3,"column":33}},{"start":{"line":3,"column":4},"end":{"line":3,"column":33}}],"line":3},"3":{"loc":{"start":{"line":5,"column":4},"end":{"line":7,"column":5}},"type":"if","locations":[{"start":{"line":5,"column":4},"end":{"line":7,"column":5}},{"start":{"line":5,"column":4},"end":{"line":7,"column":5}}],"line":5},"4":{"loc":{"start":{"line":5,"column":8},"end":{"line":5,"column":85}},"type":"binary-expr","locations":[{"start":{"line":5,"column":8},"end":{"line":5,"column":13}},{"start":{"line":5,"column":18},"end":{"line":5,"column":84}}],"line":5},"5":{"loc":{"start":{"line":5,"column":18},"end":{"line":5,"column":84}},"type":"cond-expr","locations":[{"start":{"line":5,"column":34},"end":{"line":5,"column":47}},{"start":{"line":5,"column":50},"end":{"line":5,"column":84}}],"line":5},"6":{"loc":{"start":{"line":5,"column":50},"end":{"line":5,"column":84}},"type":"binary-expr","locations":[{"start":{"line":5,"column":50},"end":{"line":5,"column":63}},{"start":{"line":5,"column":67},"end":{"line":5,"column":84}}],"line":5},"7":{"loc":{"start":{"line":10,"column":4},"end":{"line":10,"column":33}},"type":"if","locations":[{"start":{"line":10,"column":4},"end":{"line":10,"column":33}},{"start":{"line":10,"column":4},"end":{"line":10,"column":33}}],"line":10},"8":{"loc":{"start":{"line":13,"column":25},"end":{"line":17,"column":2}},"type":"binary-expr","locations":[{"start":{"line":13,"column":26},"end":{"line":13,"column":30}},{"start":{"line":13,"column":34},"end":{"line":13,"column":57}},{"start":{"line":13,"column":63},"end":{"line":17,"column":1}}],"line":13},"9":{"loc":{"start":{"line":13,"column":63},"end":{"line":17,"column":1}},"type":"cond-expr","locations":[{"start":{"line":13,"column":80},"end":{"line":15,"column":1}},{"start":{"line":15,"column":5},"end":{"line":17,"column":1}}],"line":13},"10":{"loc":{"start":{"line":18,"column":19},"end":{"line":24,"column":1}},"type":"binary-expr","locations":[{"start":{"line":18,"column":20},"end":{"line":18,"column":24}},{"start":{"line":18,"column":28},"end":{"line":18,"column":45}},{"start":{"line":18,"column":50},"end":{"line":24,"column":1}}],"line":18},"11":{"loc":{"start":{"line":19,"column":4},"end":{"line":19,"column":42}},"type":"if","locations":[{"start":{"line":19,"column":4},"end":{"line":19,"column":42}},{"start":{"line":19,"column":4},"end":{"line":19,"column":42}}],"line":19},"12":{"loc":{"start":{"line":19,"column":8},"end":{"line":19,"column":29}},"type":"binary-expr","locations":[{"start":{"line":19,"column":8},"end":{"line":19,"column":11}},{"start":{"line":19,"column":15},"end":{"line":19,"column":29}}],"line":19},"13":{"loc":{"start":{"line":21,"column":4},"end":{"line":21,"column":141}},"type":"if","locations":[{"start":{"line":21,"column":4},"end":{"line":21,"column":141}},{"start":{"line":21,"column":4},"end":{"line":21,"column":141}}],"line":21},"14":{"loc":{"start":{"line":21,"column":40},"end":{"line":21,"column":141}},"type":"if","locations":[{"start":{"line":21,"column":40},"end":{"line":21,"column":141}},{"start":{"line":21,"column":40},"end":{"line":21,"column":141}}],"line":21},"15":{"loc":{"start":{"line":21,"column":44},"end":{"line":21,"column":107}},"type":"binary-expr","locations":[{"start":{"line":21,"column":44},"end":{"line":21,"column":59}},{"start":{"line":21,"column":63},"end":{"line":21,"column":107}}],"line":21},"16":{"loc":{"start":{"line":25,"column":22},"end":{"line":27,"column":1}},"type":"binary-expr","locations":[{"start":{"line":25,"column":23},"end":{"line":25,"column":27}},{"start":{"line":25,"column":31},"end":{"line":25,"column":51}},{"start":{"line":25,"column":56},"end":{"line":27,"column":1}}],"line":25},"17":{"loc":{"start":{"line":26,"column":11},"end":{"line":26,"column":61}},"type":"cond-expr","locations":[{"start":{"line":26,"column":37},"end":{"line":26,"column":40}},{"start":{"line":26,"column":43},"end":{"line":26,"column":61}}],"line":26},"18":{"loc":{"start":{"line":26,"column":12},"end":{"line":26,"column":33}},"type":"binary-expr","locations":[{"start":{"line":26,"column":12},"end":{"line":26,"column":15}},{"start":{"line":26,"column":19},"end":{"line":26,"column":33}}],"line":26}},"s":{"0":1,"1":10,"2":10,"3":10,"4":10,"5":10,"6":1,"7":10,"8":0,"9":0,"10":0,"11":1,"12":1,"13":0,"14":1,"15":1,"16":0,"17":1,"18":1,"19":1,"20":10,"21":10,"22":1,"23":1,"24":1,"25":1,"26":1,"27":1,"28":1,"29":1,"30":1,"31":1,"32":1,"33":1,"34":1,"35":1,"36":1,"37":1,"38":1},"f":{"0":10,"1":1,"2":0,"3":1,"4":0,"5":1,"6":1,"7":1,"8":1,"9":1,"10":1,"11":1},"b":{"0":[1,1,1],"1":[1,0],"2":[10,0],"3":[10,0],"4":[10,10],"5":[0,10],"6":[10,0],"7":[0,0],"8":[1,1,1],"9":[1,0],"10":[1,1,1],"11":[0,1],"12":[1,1],"13":[1,0],"14":[10,0],"15":[10,10],"16":[1,1,1],"17":[0,1],"18":[1,1]},"inputSourceMap":{"version":3,"file":"index.test.js","sourceRoot":"","sources":["../../../../../tests/integration/lambda/products-lambda/index.test.ts"],"names":[],"mappings":";;;;;;;;;;;;;;;;;;;;;;;;;;;;AAAA,2CAA6B;AAC7B,wEAA8C;AAC9C,IAAI,CAAC,GAAG,CAAC,0BAAc,CAAC,CAAC;AAEzB,QAAQ,CAAC,yBAAyB,EAAE;IAClC,QAAQ,CAAC,uBAAuB,EAAE;QAChC,OAAO;IACT,CAAC,CAAC,CAAC;IAEH,QAAQ,CAAC,sBAAsB,EAAE;QAC/B,OAAO;IACT,CAAC,CAAC,CAAC;IAEH,QAAQ,CAAC,wBAAwB,EAAE,GAAG,EAAE;QACtC,OAAO;IACT,CAAC,CAAC,CAAC;IACH,QAAQ,CAAC,wBAAwB,EAAE,GAAG,EAAE;QACtC,OAAO;IACT,CAAC,CAAC,CAAC;AACL,CAAC,CAAC,CAAC","sourcesContent":["import * as chai from 'chai';\nimport chaiAsPromised from 'chai-as-promised';\nchai.use(chaiAsPromised);\n\ndescribe('Unit tests for Products', function () {\n  describe('When getting Products', function () {\n    return;\n  });\n\n  describe('When adding Products', function () {\n    return;\n  });\n\n  describe('When deleting Products', () => {\n    return;\n  });\n  describe('When updating Products', () => {\n    return;\n  });\n});\n"]},"_coverageSchema":"1a1c01bbd47fc00a2c39e90264f33305004495a9","hash":"413bd9fe8506eeabf3b606abbbc7df08c3cac876","contentHash":"6d9b66f632bbf19f307da6ce8bacf83f14523fe6b0a3e6de548e296d4d90dfa5"},"/Users/mgbalantzyan/projects/cpsc319/JungleCart/backend/dist/tests/unit/lambda/admin-lambda/index.test.js":{"path":"/Users/mgbalantzyan/projects/cpsc319/JungleCart/backend/dist/tests/unit/lambda/admin-lambda/index.test.js","statementMap":{},"fnMap":{},"branchMap":{},"s":{},"f":{},"b":{},"inputSourceMap":{"version":3,"file":"index.test.js","sourceRoot":"","sources":["../../../../../tests/unit/lambda/admin-lambda/index.test.ts"],"names":[],"mappings":"","sourcesContent":[""]},"_coverageSchema":"1a1c01bbd47fc00a2c39e90264f33305004495a9","hash":"d165df0b8e670827ab718a4c868a5385c3225251","contentHash":"c70c97a30b5cc33a5e804b36444571c743d9ece2a7607f563229689798f7898c"},"/Users/mgbalantzyan/projects/cpsc319/JungleCart/backend/dist/tests/unit/lambda/auth-lambda/index.test.js":{"path":"/Users/mgbalantzyan/projects/cpsc319/JungleCart/backend/dist/tests/unit/lambda/auth-lambda/index.test.js","statementMap":{"0":{"start":{"line":2,"column":22},"end":{"line":12,"column":3}},"1":{"start":{"line":3,"column":4},"end":{"line":3,"column":33}},"2":{"start":{"line":3,"column":26},"end":{"line":3,"column":33}},"3":{"start":{"line":4,"column":15},"end":{"line":4,"column":52}},"4":{"start":{"line":5,"column":4},"end":{"line":7,"column":5}},"5":{"start":{"line":6,"column":6},"end":{"line":6,"column":68}},"6":{"start":{"line":6,"column":51},"end":{"line":6,"column":63}},"7":{"start":{"line":8,"column":4},"end":{"line":8,"column":39}},"8":{"start":{"line":10,"column":4},"end":{"line":10,"column":33}},"9":{"start":{"line":10,"column":26},"end":{"line":10,"column":33}},"10":{"start":{"line":11,"column":4},"end":{"line":11,"column":17}},"11":{"start":{"line":13,"column":25},"end":{"line":17,"column":2}},"12":{"start":{"line":14,"column":4},"end":{"line":14,"column":72}},"13":{"start":{"line":16,"column":4},"end":{"line":16,"column":21}},"14":{"start":{"line":18,"column":19},"end":{"line":24,"column":1}},"15":{"start":{"line":19,"column":4},"end":{"line":19,"column":42}},"16":{"start":{"line":19,"column":31},"end":{"line":19,"column":42}},"17":{"start":{"line":20,"column":17},"end":{"line":20,"column":19}},"18":{"start":{"line":21,"column":4},"end":{"line":21,"column":141}},"19":{"start":{"line":21,"column":21},"end":{"line":21,"column":141}},"20":{"start":{"line":21,"column":40},"end":{"line":21,"column":141}},"21":{"start":{"line":21,"column":109},"end":{"line":21,"column":141}},"22":{"start":{"line":22,"column":4},"end":{"line":22,"column":36}},"23":{"start":{"line":23,"column":4},"end":{"line":23,"column":18}},"24":{"start":{"line":25,"column":22},"end":{"line":27,"column":1}},"25":{"start":{"line":26,"column":4},"end":{"line":26,"column":62}},"26":{"start":{"line":28,"column":0},"end":{"line":28,"column":62}},"27":{"start":{"line":29,"column":22},"end":{"line":29,"column":67}},"28":{"start":{"line":30,"column":13},"end":{"line":30,"column":81}},"29":{"start":{"line":31,"column":13},"end":{"line":31,"column":42}},"30":{"start":{"line":32,"column":27},"end":{"line":32,"column":71}},"31":{"start":{"line":33,"column":15},"end":{"line":33,"column":30}},"32":{"start":{"line":34,"column":0},"end":{"line":34,"column":37}},"33":{"start":{"line":35,"column":14},"end":{"line":35,"column":44}},"34":{"start":{"line":36,"column":20},"end":{"line":36,"column":75}},"35":{"start":{"line":37,"column":0},"end":{"line":49,"column":3}},"36":{"start":{"line":39,"column":4},"end":{"line":41,"column":7}},"37":{"start":{"line":40,"column":8},"end":{"line":40,"column":80}},"38":{"start":{"line":42,"column":4},"end":{"line":45,"column":7}},"39":{"start":{"line":43,"column":22},"end":{"line":43,"column":26}},"40":{"start":{"line":44,"column":8},"end":{"line":44,"column":95}},"41":{"start":{"line":46,"column":4},"end":{"line":48,"column":7}},"42":{"start":{"line":47,"column":8},"end":{"line":47,"column":23}}},"fnMap":{"0":{"name":"(anonymous_0)","decl":{"start":{"line":2,"column":74},"end":{"line":2,"column":75}},"loc":{"start":{"line":2,"column":96},"end":{"line":9,"column":1}},"line":2},"1":{"name":"(anonymous_1)","decl":{"start":{"line":6,"column":38},"end":{"line":6,"column":39}},"loc":{"start":{"line":6,"column":49},"end":{"line":6,"column":65}},"line":6},"2":{"name":"(anonymous_2)","decl":{"start":{"line":9,"column":6},"end":{"line":9,"column":7}},"loc":{"start":{"line":9,"column":28},"end":{"line":12,"column":1}},"line":9},"3":{"name":"(anonymous_3)","decl":{"start":{"line":13,"column":80},"end":{"line":13,"column":81}},"loc":{"start":{"line":13,"column":95},"end":{"line":15,"column":1}},"line":13},"4":{"name":"(anonymous_4)","decl":{"start":{"line":15,"column":5},"end":{"line":15,"column":6}},"loc":{"start":{"line":15,"column":20},"end":{"line":17,"column":1}},"line":15},"5":{"name":"(anonymous_5)","decl":{"start":{"line":18,"column":50},"end":{"line":18,"column":51}},"loc":{"start":{"line":18,"column":65},"end":{"line":24,"column":1}},"line":18},"6":{"name":"(anonymous_6)","decl":{"start":{"line":25,"column":56},"end":{"line":25,"column":57}},"loc":{"start":{"line":25,"column":71},"end":{"line":27,"column":1}},"line":25},"7":{"name":"(anonymous_7)","decl":{"start":{"line":37,"column":42},"end":{"line":37,"column":43}},"loc":{"start":{"line":37,"column":54},"end":{"line":49,"column":1}},"line":37},"8":{"name":"(anonymous_8)","decl":{"start":{"line":39,"column":11},"end":{"line":39,"column":12}},"loc":{"start":{"line":39,"column":17},"end":{"line":41,"column":5}},"line":39},"9":{"name":"(anonymous_9)","decl":{"start":{"line":42,"column":68},"end":{"line":42,"column":69}},"loc":{"start":{"line":42,"column":80},"end":{"line":45,"column":5}},"line":42},"10":{"name":"(anonymous_10)","decl":{"start":{"line":46,"column":10},"end":{"line":46,"column":11}},"loc":{"start":{"line":46,"column":16},"end":{"line":48,"column":5}},"line":46}},"branchMap":{"0":{"loc":{"start":{"line":2,"column":22},"end":{"line":12,"column":3}},"type":"binary-expr","locations":[{"start":{"line":2,"column":23},"end":{"line":2,"column":27}},{"start":{"line":2,"column":31},"end":{"line":2,"column":51}},{"start":{"line":2,"column":57},"end":{"line":12,"column":2}}],"line":2},"1":{"loc":{"start":{"line":2,"column":57},"end":{"line":12,"column":2}},"type":"cond-expr","locations":[{"start":{"line":2,"column":74},"end":{"line":9,"column":1}},{"start":{"line":9,"column":6},"end":{"line":12,"column":1}}],"line":2},"2":{"loc":{"start":{"line":3,"column":4},"end":{"line":3,"column":33}},"type":"if","locations":[{"start":{"line":3,"column":4},"end":{"line":3,"column":33}},{"start":{"line":3,"column":4},"end":{"line":3,"column":33}}],"line":3},"3":{"loc":{"start":{"line":5,"column":4},"end":{"line":7,"column":5}},"type":"if","locations":[{"start":{"line":5,"column":4},"end":{"line":7,"column":5}},{"start":{"line":5,"column":4},"end":{"line":7,"column":5}}],"line":5},"4":{"loc":{"start":{"line":5,"column":8},"end":{"line":5,"column":85}},"type":"binary-expr","locations":[{"start":{"line":5,"column":8},"end":{"line":5,"column":13}},{"start":{"line":5,"column":18},"end":{"line":5,"column":84}}],"line":5},"5":{"loc":{"start":{"line":5,"column":18},"end":{"line":5,"column":84}},"type":"cond-expr","locations":[{"start":{"line":5,"column":34},"end":{"line":5,"column":47}},{"start":{"line":5,"column":50},"end":{"line":5,"column":84}}],"line":5},"6":{"loc":{"start":{"line":5,"column":50},"end":{"line":5,"column":84}},"type":"binary-expr","locations":[{"start":{"line":5,"column":50},"end":{"line":5,"column":63}},{"start":{"line":5,"column":67},"end":{"line":5,"column":84}}],"line":5},"7":{"loc":{"start":{"line":10,"column":4},"end":{"line":10,"column":33}},"type":"if","locations":[{"start":{"line":10,"column":4},"end":{"line":10,"column":33}},{"start":{"line":10,"column":4},"end":{"line":10,"column":33}}],"line":10},"8":{"loc":{"start":{"line":13,"column":25},"end":{"line":17,"column":2}},"type":"binary-expr","locations":[{"start":{"line":13,"column":26},"end":{"line":13,"column":30}},{"start":{"line":13,"column":34},"end":{"line":13,"column":57}},{"start":{"line":13,"column":63},"end":{"line":17,"column":1}}],"line":13},"9":{"loc":{"start":{"line":13,"column":63},"end":{"line":17,"column":1}},"type":"cond-expr","locations":[{"start":{"line":13,"column":80},"end":{"line":15,"column":1}},{"start":{"line":15,"column":5},"end":{"line":17,"column":1}}],"line":13},"10":{"loc":{"start":{"line":18,"column":19},"end":{"line":24,"column":1}},"type":"binary-expr","locations":[{"start":{"line":18,"column":20},"end":{"line":18,"column":24}},{"start":{"line":18,"column":28},"end":{"line":18,"column":45}},{"start":{"line":18,"column":50},"end":{"line":24,"column":1}}],"line":18},"11":{"loc":{"start":{"line":19,"column":4},"end":{"line":19,"column":42}},"type":"if","locations":[{"start":{"line":19,"column":4},"end":{"line":19,"column":42}},{"start":{"line":19,"column":4},"end":{"line":19,"column":42}}],"line":19},"12":{"loc":{"start":{"line":19,"column":8},"end":{"line":19,"column":29}},"type":"binary-expr","locations":[{"start":{"line":19,"column":8},"end":{"line":19,"column":11}},{"start":{"line":19,"column":15},"end":{"line":19,"column":29}}],"line":19},"13":{"loc":{"start":{"line":21,"column":4},"end":{"line":21,"column":141}},"type":"if","locations":[{"start":{"line":21,"column":4},"end":{"line":21,"column":141}},{"start":{"line":21,"column":4},"end":{"line":21,"column":141}}],"line":21},"14":{"loc":{"start":{"line":21,"column":40},"end":{"line":21,"column":141}},"type":"if","locations":[{"start":{"line":21,"column":40},"end":{"line":21,"column":141}},{"start":{"line":21,"column":40},"end":{"line":21,"column":141}}],"line":21},"15":{"loc":{"start":{"line":21,"column":44},"end":{"line":21,"column":107}},"type":"binary-expr","locations":[{"start":{"line":21,"column":44},"end":{"line":21,"column":59}},{"start":{"line":21,"column":63},"end":{"line":21,"column":107}}],"line":21},"16":{"loc":{"start":{"line":25,"column":22},"end":{"line":27,"column":1}},"type":"binary-expr","locations":[{"start":{"line":25,"column":23},"end":{"line":25,"column":27}},{"start":{"line":25,"column":31},"end":{"line":25,"column":51}},{"start":{"line":25,"column":56},"end":{"line":27,"column":1}}],"line":25},"17":{"loc":{"start":{"line":26,"column":11},"end":{"line":26,"column":61}},"type":"cond-expr","locations":[{"start":{"line":26,"column":37},"end":{"line":26,"column":40}},{"start":{"line":26,"column":43},"end":{"line":26,"column":61}}],"line":26},"18":{"loc":{"start":{"line":26,"column":12},"end":{"line":26,"column":33}},"type":"binary-expr","locations":[{"start":{"line":26,"column":12},"end":{"line":26,"column":15}},{"start":{"line":26,"column":19},"end":{"line":26,"column":33}}],"line":26}},"s":{"0":1,"1":49,"2":49,"3":49,"4":49,"5":49,"6":2,"7":49,"8":0,"9":0,"10":0,"11":1,"12":3,"13":0,"14":1,"15":3,"16":0,"17":3,"18":3,"19":3,"20":49,"21":49,"22":3,"23":3,"24":1,"25":1,"26":1,"27":1,"28":1,"29":1,"30":1,"31":1,"32":1,"33":1,"34":1,"35":1,"36":1,"37":1,"38":1,"39":1,"40":1,"41":1,"42":1},"f":{"0":49,"1":2,"2":0,"3":3,"4":0,"5":3,"6":1,"7":1,"8":1,"9":1,"10":1},"b":{"0":[1,1,1],"1":[1,0],"2":[49,0],"3":[49,0],"4":[49,49],"5":[0,49],"6":[49,0],"7":[0,0],"8":[1,1,1],"9":[1,0],"10":[1,1,1],"11":[0,3],"12":[3,3],"13":[3,0],"14":[49,0],"15":[49,49],"16":[1,1,1],"17":[0,1],"18":[1,1]},"inputSourceMap":{"version":3,"file":"index.test.js","sourceRoot":"","sources":["../../../../../tests/unit/lambda/auth-lambda/index.test.ts"],"names":[],"mappings":";;;;;;;;;;;;;;;;;;;;;;;;;;;;AAAA,uDAAuD;AACvD,sEAAwD;AACxD,2CAA6B;AAC7B,wEAA8C;AAC9C,+BAA8B;AAC9B,IAAI,CAAC,GAAG,CAAC,0BAAc,CAAC,CAAC;AACzB,6CAA+B;AAC/B,8CAAsD;AAEtD,QAAQ,CAAC,+BAA+B,EAAE;IACxC,IAAI,IAAI,CAAC;IAET,MAAM,CAAC,GAAG,EAAE;QACV,IAAI,GAAG,KAAK,CAAC,IAAI,CAAC,gCAAoB,EAAE,kBAAkB,CAAC,CAAC;IAC9D,CAAC,CAAC,CAAC;IACH,EAAE,CAAC,2DAA2D,EAAE,KAAK,IAAI,EAAE;QACzE,MAAM,KAAK,GAAG,IAAI,CAAC;QACnB,IAAA,aAAM,EAAC,IAAA,4BAAc,EAAC,KAAK,CAAC,CAAC,CAAC,EAAE,CAAC,UAAU,CAAC,EAAE,CAAC,QAAQ,CAAC;IAC1D,CAAC,CAAC,CAAC;IAEH,KAAK,CAAC,GAAG,EAAE;QACT,IAAI,CAAC,OAAO,EAAE,CAAC;IACjB,CAAC,CAAC,CAAC;AACL,CAAC,CAAC,CAAC","sourcesContent":["import { authorizeLogin } from '@/lambdas/auth-lambda';\nimport * as data from 'tests/events/event-sign-in.json';\nimport * as chai from 'chai';\nimport chaiAsPromised from 'chai-as-promised';\nimport { expect } from 'chai';\nchai.use(chaiAsPromised);\nimport * as sinon from 'sinon';\nimport { SQLConnectionManager } from '/opt/sql-layer';\n\ndescribe('Unit tests for Authentication', function () {\n  let stub;\n\n  before(() => {\n    stub = sinon.stub(SQLConnectionManager, 'createConnection');\n  });\n  it('should throw an error if user email is missing from event', async () => {\n    const event = data;\n    expect(authorizeLogin(event)).to.eventually.be.rejected;\n  });\n\n  after(() => {\n    stub.restore();\n  });\n});\n"]},"_coverageSchema":"1a1c01bbd47fc00a2c39e90264f33305004495a9","hash":"71c879657ced8c6bfd0d0771d0c1a215f3fef145","contentHash":"a95b40b0f32e384f347bd072b0b2b49dd9c61d9346fde3c96031ef8b4283e09f"},"/Users/mgbalantzyan/projects/cpsc319/JungleCart/backend/dist/tests/unit/lambda/carts-lambda/index.test.js":{"path":"/Users/mgbalantzyan/projects/cpsc319/JungleCart/backend/dist/tests/unit/lambda/carts-lambda/index.test.js","statementMap":{},"fnMap":{},"branchMap":{},"s":{},"f":{},"b":{},"inputSourceMap":{"version":3,"file":"index.test.js","sourceRoot":"","sources":["../../../../../tests/unit/lambda/carts-lambda/index.test.ts"],"names":[],"mappings":"","sourcesContent":[""]},"_coverageSchema":"1a1c01bbd47fc00a2c39e90264f33305004495a9","hash":"e8d8728b79b471b36fc7d291f8d1647cfdef706a","contentHash":"191350322a6944068bde10c5802554a08ba56b5622d941928cd220348e779052"},"/Users/mgbalantzyan/projects/cpsc319/JungleCart/backend/dist/tests/unit/lambda/products-lambda/index.test.js":{"path":"/Users/mgbalantzyan/projects/cpsc319/JungleCart/backend/dist/tests/unit/lambda/products-lambda/index.test.js","statementMap":{"0":{"start":{"line":2,"column":22},"end":{"line":12,"column":3}},"1":{"start":{"line":3,"column":4},"end":{"line":3,"column":33}},"2":{"start":{"line":3,"column":26},"end":{"line":3,"column":33}},"3":{"start":{"line":4,"column":15},"end":{"line":4,"column":52}},"4":{"start":{"line":5,"column":4},"end":{"line":7,"column":5}},"5":{"start":{"line":6,"column":6},"end":{"line":6,"column":68}},"6":{"start":{"line":6,"column":51},"end":{"line":6,"column":63}},"7":{"start":{"line":8,"column":4},"end":{"line":8,"column":39}},"8":{"start":{"line":10,"column":4},"end":{"line":10,"column":33}},"9":{"start":{"line":10,"column":26},"end":{"line":10,"column":33}},"10":{"start":{"line":11,"column":4},"end":{"line":11,"column":17}},"11":{"start":{"line":13,"column":25},"end":{"line":17,"column":2}},"12":{"start":{"line":14,"column":4},"end":{"line
[...]
ond-expr","locations":[{"start":{"line":26,"column":37},"end":{"line":26,"column":40}},{"start":{"line":26,"column":43},"end":{"line":26,"column":61}}],"line":26},"18":{"loc":{"start":{"line":26,"column":12},"end":{"line":26,"column":33}},"type":"binary-expr","locations":[{"start":{"line":26,"column":12},"end":{"line":26,"column":15}},{"start":{"line":26,"column":19},"end":{"line":26,"column":33}}],"line":26}},"s":{"0":1,"1":49,"2":49,"3":49,"4":49,"5":49,"6":2,"7":49,"8":0,"9":0,"10":0,"11":1,"12":3,"13":0,"14":1,"15":3,"16":0,"17":3,"18":3,"19":3,"20":49,"21":49,"22":3,"23":3,"24":1,"25":1,"26":1,"27":1,"28":1,"29":1,"30":1,"31":1,"32":1,"33":1,"34":1,"35":1,"36":1,"37":1,"38":1,"39":1,"40":1,"41":1,"42":1,"43":1,"44":1,"45":1,"46":1,"47":1,"48":1,"49":1,"50":1,"51":1},"f":{"0":49,"1":2,"2":0,"3":3,"4":0,"5":3,"6":1,"7":1,"8":1,"9":1,"10":1,"11":1,"12":1,"13":1,"14":1},"b":{"0":[1,1,1],"1":[1,0],"2":[49,0],"3":[49,0],"4":[49,49],"5":[0,49],"6":[49,0],"7":[0,0],"8":[1,1,1],"9":[1,0],"10":[1,1,1],"11":[0,3],"12":[3,3],"13":[3,0],"14":[49,0],"15":[49,49],"16":[1,1,1],"17":[0,1],"18":[1,1]},"inputSourceMap":{"version":3,"file":"index.test.js","sourceRoot":"","sources":["../../../../../tests/unit/lambda/products-lambda/index.test.ts"],"names":[],"mappings":";;;;;;;;;;;;;;;;;;;;;;;;;;;;AAAA,+DAAuD;AACvD,2CAA6B;AAC7B,wEAA8C;AAC9C,+BAA8B;AAC9B,IAAI,CAAC,GAAG,CAAC,0BAAc,CAAC,CAAC;AACzB,6CAA+B;AAC/B,0EAA4D;AAC5D,8CAAsD;AAEtD,QAAQ,CAAC,yBAAyB,EAAE;IAClC,IAAI,IAAI,CAAC;IAET,MAAM,CAAC,GAAG,EAAE;QACV,IAAI,GAAG,KAAK,CAAC,IAAI,CAAC,gCAAoB,EAAE,kBAAkB,CAAC,CAAC;IAC9D,CAAC,CAAC,CAAC;IAEH,QAAQ,CAAC,uBAAuB,EAAE;QAChC,EAAE,CAAC,gDAAgD,EAAE,KAAK,IAAI,EAAE;YAC9D,MAAM,KAAK,GAAG,IAAI,CAAC;YACnB,IAAA,aAAM,EAAC,IAAA,4BAAU,EAAC,KAAK,CAAC,CAAC,CAAC,EAAE,CAAC,UAAU,CAAC,EAAE,CAAC,QAAQ,CAAC;QACtD,CAAC,CAAC,CAAC;QACH,EAAE,CAAC,sCAAsC,CAAC,CAAC;IAC7C,CAAC,CAAC,CAAC;IAEH,QAAQ,CAAC,sBAAsB,EAAE;QAC/B,EAAE,CAAC,4DAA4D,CAAC,CAAC;QACjE,EAAE,CAAC,mCAAmC,CAAC,CAAC;IAC1C,CAAC,CAAC,CAAC;IAEH,QAAQ,CAAC,wBAAwB,EAAE,GAAG,EAAE;QACtC,OAAO;IACT,CAAC,CAAC,CAAC;IACH,QAAQ,CAAC,wBAAwB,EAAE,GAAG,EAAE;QACtC,OAAO;IACT,CAAC,CAAC,CAAC;IAEH,KAAK,CAAC,GAAG,EAAE;QACT,IAAI,CAAC,OAAO,EAAE,CAAC;IACjB,CAAC,CAAC,CAAC;AACL,CAAC,CAAC,CAAC","sourcesContent":["import { addProduct } from '@/lambdas/products-lambda';\nimport * as chai from 'chai';\nimport chaiAsPromised from 'chai-as-promised';\nimport { expect } from 'chai';\nchai.use(chaiAsPromised);\nimport * as sinon from 'sinon';\nimport * as data from '../../../events/get_product_id.json';\nimport { SQLConnectionManager } from '/opt/sql-layer';\n\ndescribe('Unit tests for Products', function () {\n  let stub;\n\n  before(() => {\n    stub = sinon.stub(SQLConnectionManager, 'createConnection');\n  });\n\n  describe('When getting Products', function () {\n    it('should throw an error if product id is missing', async () => {\n      const event = data;\n      expect(addProduct(event)).to.eventually.be.rejected;\n    });\n    it('should successfully get product info');\n  });\n\n  describe('When adding Products', function () {\n    it('should throw an error if product information is incomplete');\n    it('should successfully add a product');\n  });\n\n  describe('When deleting Products', () => {\n    return;\n  });\n  describe('When updating Products', () => {\n    return;\n  });\n\n  after(() => {\n    stub.restore();\n  });\n});\n"]},"_coverageSchema":"1a1c01bbd47fc00a2c39e90264f33305004495a9","hash":"96212a344761d764d945e7e3d1e049b414370a6e","contentHash":"01529a95f271de23175570263f95b7e507f0a0e87f61cfece4800797bb9a498d"},"/Users/mgbalantzyan/projects/cpsc319/JungleCart/backend/dist/src/lambda/products-lambda/index.js":{"path":"/Users/mgbalantzyan/projects/cpsc319/JungleCart/backend/dist/src/lambda/products-lambda/index.js","statementMap":{"0":{"start":{"line":2,"column":0},"end":{"line":2,"column":62}},"1":{"start":{"line":3,"column":0},"end":{"line":3,"column":28}},"2":{"start":{"line":4,"column":20},"end":{"line":4,"column":65}},"3":{"start":{"line":6,"column":15},"end":{"line":6,"column":39}},"4":{"start":{"line":7,"column":0},"end":{"line":7,"column":29}},"5":{"start":{"line":8,"column":0},"end":{"line":8,"column":48}},"6":{"start":{"line":9,"column":0},"end":{"line":9,"column":46}},"7":{"start":{"line":10,"column":0},"end":{"line":10,"column":49}},"8":{"start":{"line":11,"column":0},"end":{"line":11,"column":33}},"9":{"start":{"line":13,"column":0},"end":{"line":15,"column":2}},"10":{"start":{"line":14,"column":4},"end":{"line":14,"column":37}},"11":{"start":{"line":18,"column":4},"end":{"line":23,"column":5}},"12":{"start":{"line":19,"column":8},"end":{"line":22,"column":10}},"13":{"start":{"line":24,"column":17},"end":{"line":24,"column":27}},"14":{"start":{"line":25,"column":16},"end":{"line":25,"column":47}},"15":{"start":{"line":26,"column":4},"end":{"line":34,"column":8}},"16":{"start":{"line":27,"column":28},"end":{"line":30,"column":5}},"17":{"start":{"line":31,"column":27},"end":{"line":34,"column":5}},"18":{"start":{"line":36,"column":0},"end":{"line":36,"column":32}},"19":{"start":{"line":38,"column":4},"end":{"line":39,"column":70}},"20":{"start":{"line":39,"column":8},"end":{"line":39,"column":70}},"21":{"start":{"line":40,"column":15},"end":{"line":40,"column":28}},"22":{"start":{"line":41,"column":16},"end":{"line":41,"column":54}},"23":{"start":{"line":42,"column":4},"end":{"line":51,"column":9}},"24":{"start":{"line":43,"column":28},"end":{"line":46,"column":5}},"25":{"start":{"line":48,"column":27},"end":{"line":51,"column":5}},"26":{"start":{"line":54,"column":4},"end":{"line":55,"column":71}},"27":{"start":{"line":55,"column":8},"end":{"line":55,"column":71}},"28":{"start":{"line":56,"column":15},"end":{"line":56,"column":28}},"29":{"start":{"line":57,"column":16},"end":{"line":57,"column":56}},"30":{"start":{"line":58,"column":4},"end":{"line":67,"column":9}},"31":{"start":{"line":59,"column":28},"end":{"line":62,"column":5}},"32":{"start":{"line":64,"column":27},"end":{"line":67,"column":5}},"33":{"start":{"line":70,"column":4},"end":{"line":71,"column":82}},"34":{"start":{"line":71,"column":8},"end":{"line":71,"column":82}},"35":{"start":{"line":72,"column":4},"end":{"line":76,"column":10}},"36":{"start":{"line":73,"column":8},"end":{"line":76,"column":10}},"37":{"start":{"line":77,"column":17},"end":{"line":77,"column":32}},"38":{"start":{"line":78,"column":15},"end":{"line":78,"column":28}},"39":{"start":{"line":79,"column":16},"end":{"line":79,"column":55}},"40":{"start":{"line":80,"column":4},"end":{"line":89,"column":9}},"41":{"start":{"line":81,"column":28},"end":{"line":84,"column":5}},"42":{"start":{"line":86,"column":27},"end":{"line":89,"column":5}},"43":{"start":{"line":92,"column":22},"end":{"line":92,"column":42}},"44":{"start":{"line":93,"column":18},"end":{"line":93,"column":34}},"45":{"start":{"line":94,"column":20},"end":{"line":94,"column":38}},"46":{"start":{"line":95,"column":4},"end":{"line":95,"column":41}},"47":{"start":{"line":99,"column":4},"end":{"line":99,"column":25}}},"fnMap":{"0":{"name":"(anonymous_0)","decl":{"start":{"line":13,"column":18},"end":{"line":13,"column":19}},"loc":{"start":{"line":13,"column":41},"end":{"line":15,"column":1}},"line":13},"1":{"name":"addProduct","decl":{"start":{"line":17,"column":15},"end":{"line":17,"column":25}},"loc":{"start":{"line":17,"column":33},"end":{"line":35,"column":1}},"line":17},"2":{"name":"(anonymous_2)","decl":{"start":{"line":27,"column":14},"end":{"line":27,"column":15}},"loc":{"start":{"line":27,"column":28},"end":{"line":30,"column":5}},"line":27},"3":{"name":"(anonymous_3)","decl":{"start":{"line":31,"column":15},"end":{"line":31,"column":16}},"loc":{"start":{"line":31,"column":27},"end":{"line":34,"column":5}},"line":31},"4":{"name":"deleteProductById","decl":{"start":{"line":37,"column":15},"end":{"line":37,"column":32}},"loc":{"start":{"line":37,"column":40},"end":{"line":52,"column":1}},"line":37},"5":{"name":"(anonymous_5)","decl":{"start":{"line":43,"column":14},"end":{"line":43,"column":15}},"loc":{"start":{"line":43,"column":28},"end":{"line":46,"column":5}},"line":43},"6":{"name":"(anonymous_6)","decl":{"start":{"line":48,"column":15},"end":{"line":48,"column":16}},"loc":{"start":{"line":48,"column":27},"end":{"line":51,"column":5}},"line":48},"7":{"name":"getProductInfoById","decl":{"start":{"line":53,"column":15},"end":{"line":53,"column":33}},"loc":{"start":{"line":53,"column":41},"end":{"line":68,"column":1}},"line":53},"8":{"name":"(anonymous_8)","decl":{"start":{"line":59,"column":14},"end":{"line":59,"column":15}},"loc":{"start":{"line":59,"column":28},"end":{"line":62,"column":5}},"line":59},"9":{"name":"(anonymous_9)","decl":{"start":{"line":64,"column":15},"end":{"line":64,"column":16}},"loc":{"start":{"line":64,"column":27},"end":{"line":67,"column":5}},"line":64},"10":{"name":"updateProductInfoById","decl":{"start":{"line":69,"column":15},"end":{"line":69,"column":36}},"loc":{"start":{"line":69,"column":44},"end":{"line":90,"column":1}},"line":69},"11":{"name":"(anonymous_11)","decl":{"start":{"line":81,"column":14},"end":{"line":81,"column":15}},"loc":{"start":{"line":81,"column":28},"end":{"line":84,"column":5}},"line":81},"12":{"name":"(anonymous_12)","decl":{"start":{"line":86,"column":15},"end":{"line":86,"column":16}},"loc":{"start":{"line":86,"column":27},"end":{"line":89,"column":5}},"line":86},"13":{"name":"getProductsInfo","decl":{"start":{"line":91,"column":15},"end":{"line":91,"column":30}},"loc":{"start":{"line":91,"column":38},"end":{"line":96,"column":1}},"line":91},"14":{"name":"validateProductInformation","decl":{"start":{"line":98,"column":9},"end":{"line":98,"column":35}},"loc":{"start":{"line":98,"column":42},"end":{"line":100,"column":1}},"line":98}},"branchMap":{"0":{"loc":{"start":{"line":18,"column":4},"end":{"line":23,"column":5}},"type":"if","locations":[{"start":{"line":18,"column":4},"end":{"line":23,"column":5}},{"start":{"line":18,"column":4},"end":{"line":23,"column":5}}],"line":18},"1":{"loc":{"start":{"line":38,"column":4},"end":{"line":39,"column":70}},"type":"if","locations":[{"start":{"line":38,"column":4},"end":{"line":39,"column":70}},{"start":{"line":38,"column":4},"end":{"line":39,"column":70}}],"line":38},"2":{"loc":{"start":{"line":54,"column":4},"end":{"line":55,"column":71}},"type":"if","locations":[{"start":{"line":54,"column":4},"end":{"line":55,"column":71}},{"start":{"line":54,"column":4},"end":{"line":55,"column":71}}],"line":54},"3":{"loc":{"start":{"line":70,"column":4},"end":{"line":71,"column":82}},"type":"if","locations":[{"start":{"line":70,"column":4},"end":{"line":71,"column":82}},{"start":{"line":70,"column":4},"end":{"line":71,"column":82}}],"line":70},"4":{"loc":{"start":{"line":70,"column":8},"end":{"line":70,"column":42}},"type":"binary-expr","locations":[{"start":{"line":70,"column":8},"end":{"line":70,"column":22}},{"start":{"line":70,"column":26},"end":{"line":70,"column":42}}],"line":70},"5":{"loc":{"start":{"line":72,"column":4},"end":{"line":76,"column":10}},"type":"if","locations":[{"start":{"line":72,"column":4},"end":{"line":76,"column":10}},{"start":{"line":72,"column":4},"end":{"line":76,"column":10}}],"line":72}},"s":{"0":1,"1":1,"2":1,"3":1,"4":1,"5":1,"6":1,"7":1,"8":1,"9":1,"10":0,"11":1,"12":0,"13":1,"14":1,"15":1,"16":0,"17":1,"18":1,"19":0,"20":0,"21":0,"22":0,"23":0,"24":0,"25":0,"26":0,"27":0,"28":0,"29":0,"30":0,"31":0,"32":0,"33":0,"34":0,"35":0,"36":0,"37":0,"38":0,"39":0,"40":0,"41":0,"42":0,"43":0,"44":0,"45":0,"46":0,"47":1},"f":{"0":0,"1":1,"2":0,"3":1,"4":0,"5":0,"6":0,"7":0,"8":0,"9":0,"10":0,"11":0,"12":0,"13":0,"14":1},"b":{"0":[0,1],"1":[0,0],"2":[0,0],"3":[0,0],"4":[0,0],"5":[0,0]},"inputSourceMap":{"version":3,"file":"index.js","sourceRoot":"","sources":["../../../../src/lambda/products-lambda/index.ts"],"names":[],"mappings":";;;AAAA,8CAAwE;AAExE,cAAc;AACd,MAAM,MAAM,GAAG,IAAI,kBAAM,EAAE,CAAC;AAE5B,MAAM,CAAC,IAAI,CAAC,GAAG,EAAE,UAAU,CAAC,CAAC;AAC7B,MAAM,CAAC,MAAM,CAAC,aAAa,EAAE,iBAAiB,CAAC,CAAC;AAChD,MAAM,CAAC,GAAG,CAAC,aAAa,EAAE,kBAAkB,CAAC,CAAC;AAC9C,MAAM,CAAC,GAAG,CAAC,aAAa,EAAE,qBAAqB,CAAC,CAAC;AACjD,MAAM,CAAC,GAAG,CAAC,GAAG,EAAE,eAAe,CAAC,CAAC;AAEjC,oCAAoC;AACpC,OAAO,CAAC,OAAO,GAAG,KAAK,WAAW,KAAK;IACrC,OAAO,MAAM,MAAM,CAAC,KAAK,CAAC,KAAK,CAAC,CAAC;AACnC,CAAC,CAAC;AAEF,WAAW;AACJ,KAAK,UAAU,UAAU,CAAC,KAAK;IACpC,IAAI,CAAC,0BAA0B,CAAC,KAAK,CAAC,IAAI,CAAC,EAAE;QAC3C,OAAO;YACL,UAAU,EAAE,GAAG;YACf,IAAI,EAAE,0CAA0C;SACjD,CAAC;KACH;IAED,MAAM,IAAI,GAAG,KAAK,CAAC,IAAI,CAAC;IACxB,MAAM,GAAG,GAAG,+BAA+B,CAAC;IAE5C,OAAO,gCAAoB,CAAC,KAAK,CAAC,GAAG,EAAE,CAAC,IAAI,CAAC,CAAC;SAC3C,IAAI,CAAC,CAAC,OAAO,EAAE,EAAE,CAAC,CAAC;QAClB,UAAU,EAAE,GAAG;QACf,IAAI,EAAE,OAAO;KACd,CAAC,CAAC;SACF,KAAK,CAAC,CAAC,KAAK,EAAE,EAAE,CAAC,CAAC;QACjB,UAAU,EAAE,KAAK,CAAC,UAAU;QAC5B,IAAI,EAAE,KAAK,CAAC,OAAO;KACpB,CAAC,CAAC,CAAC;AACR,CAAC;AApBD,gCAoBC;AAED,KAAK,UAAU,iBAAiB,CAAC,KAAK;IACpC,IAAI,CAAC,KAAK,CAAC,IAAI,CAAC,EAAE;QAChB,OAAO,EAAE,UAAU,EAAE,GAAG,EAAE,IAAI,EAAE,2BAA2B,EAAE,CAAC;IAEhE,MAAM,EAAE,GAAG,KAAK,CAAC,IAAI,CAAC,EAAE,CAAC;IACzB,MAAM,GAAG,GAAG,sCAAsC,CAAC;IAEnD,OAAO,CACL,gCAAoB,CAAC,KAAK,CAAC,GAAG,EAAE,CAAC,EAAE,CAAC,CAAC;SAClC,IAAI,CAAC,CAAC,OAAO,EAAE,EAAE,CAAC,CAAC;QAClB,UAAU,EAAE,GAAG;QACf,IAAI,EAAE,OAAO;KACd,CAAC,CAAC;QACH,oFAAoF;SACnF,KAAK,CAAC,CAAC,KAAK,EAAE,EAAE,CAAC,CAAC;QACjB,UAAU,EAAE,KAAK,CAAC,UAAU;QAC5B,IAAI,EAAE,KAAK,CAAC,OAAO;KACpB,CAAC,CAAC,CACN,CAAC;AACJ,CAAC;AAED,KAAK,UAAU,kBAAkB,CAAC,KAAK;IACrC,IAAI,CAAC,KAAK,CAAC,IAAI,CAAC,EAAE;QAChB,OAAO,EAAE,UAAU,EAAE,GAAG,EAAE,IAAI,EAAE,4BAA4B,EAAE,CAAC;IAEjE,MAAM,EAAE,GAAG,KAAK,CAAC,IAAI,CAAC,EAAE,CAAC;IACzB,MAAM,GAAG,GAAG,wCAAwC,CAAC;IAErD,OAAO,CACL,gCAAoB,CAAC,KAAK,CAAC,GAAG,EAAE,CAAC,EAAE,CAAC,CAAC;SAClC,IAAI,CAAC,CAAC,OAAO,EAAE,EAAE,CAAC,CAAC;QAClB,UAAU,EAAE,GAAG;QACf,IAAI,EAAE,OAAO;KACd,CAAC,CAAC;QACH,oFAAoF;SACnF,KAAK,CAAC,CAAC,KAAK,EAAE,EAAE,CAAC,CAAC;QACjB,UAAU,EAAE,KAAK,CAAC,UAAU;QAC5B,IAAI,EAAE,KAAK,CAAC,OAAO;KACpB,CAAC,CAAC,CACN,CAAC;AACJ,CAAC;AAED,KAAK,UAAU,qBAAqB,CAAC,KAAK;IACxC,IAAI,CAAC,KAAK,CAAC,IAAI,CAAC,EAAE,IAAI,CAAC,KAAK,CAAC,IAAI,CAAC,IAAI;QACpC,OAAO,EAAE,UAAU,EAAE,GAAG,EAAE,IAAI,EAAE,uCAAuC,EAAE,CAAC;IAC5E,IAAI,CAAC,0BAA0B,CAAC,KAAK,CAAC,IAAI,CAAC,IAAI,CAAC;QAC9C,OAAO;YACL,UAAU,EAAE,GAAG;YACf,IAAI,EAAE,qDAAqD;SAC5D,CAAC;IAEJ,MAAM,IAAI,GAAG,KAAK,CAAC,IAAI,CAAC,IAAI,CAAC;IAC7B,MAAM,EAAE,GAAG,KAAK,CAAC,IAAI,CAAC,EAAE,CAAC;IACzB,MAAM,GAAG,GAAG,uCAAuC,CAAC;IAEpD,OAAO,CACL,gCAAoB,CAAC,KAAK,CAAC,GAAG,EAAE,CAAC,IAAI,EAAE,EAAE,CAAC,CAAC;SACxC,IAAI,CAAC,CAAC,OAAO,EAAE,EAAE,CAAC,CAAC;QAClB,UAAU,EAAE,GAAG;QACf,IAAI,EAAE,OAAO;KACd,CAAC,CAAC;QACH,oFAAoF;SACnF,KAAK,CAAC,CAAC,KAAK,EAAE,EAAE,CAAC,CAAC;QACjB,UAAU,EAAE,KAAK,CAAC,UAAU;QAC5B,IAAI,EAAE,KAAK,CAAC,OAAO;KACpB,CAAC,CAAC,CACN,CAAC;AACJ,CAAC;AAED,KAAK,UAAU,eAAe,CAAC,KAAK;IAClC,MAAM,SAAS,GAAG,KAAK,CAAC,IAAI,CAAC,SAAS,CAAC;IACvC,MAAM,KAAK,GAAG,KAAK,CAAC,IAAI,CAAC,KAAK,CAAC;IAC/B,MAAM,OAAO,GAAG,KAAK,CAAC,IAAI,CAAC,OAAO,CAAC;IACnC,OAAO,EAAE,UAAU,EAAE,GAAG,EAAE,IAAI,EAAE,EAAE,EAAE,CAAC;AACvC,CAAC;AAED,iBAAiB;AACjB,SAAS,0BAA0B,CAAC,IAAI;IACtC,OAAO,IAAI,KAAK,IAAI,CAAC;AACvB,CAAC","sourcesContent":["import { SQLConnectionManager, Router, response } from '/opt/sql-layer';\n\n// set routing\nconst router = new Router();\n\nrouter.post('/', addProduct);\nrouter.delete('/:productId', deleteProductById);\nrouter.get('/:productId', getProductInfoById);\nrouter.put('/:productId', updateProductInfoById);\nrouter.get('/', getProductsInfo);\n\n// handles routing and sends request\nexports.handler = async function (event) {\n  return await router.route(event);\n};\n\n// handlers\nexport async function addProduct(event): Promise<response> {\n  if (!validateProductInformation(event.body)) {\n    return {\n      statusCode: 422,\n      body: 'addProduct - Invalid product information',\n    };\n  }\n\n  const prod = event.body;\n  const sql = 'INSERT INTO dev.product SET ?';\n\n  return SQLConnectionManager.query(sql, [prod])\n    .then((results) => ({\n      statusCode: 201,\n      body: results,\n    }))\n    .catch((error) => ({\n      statusCode: error.statusCode,\n      body: error.message,\n    }));\n}\n\nasync function deleteProductById(event): Promise<response> {\n  if (!event.body.id)\n    return { statusCode: 400, body: 'deleteProductById - No id' };\n\n  const id = event.body.id;\n  const sql = 'DELETE FROM dev.product WHERE id = ?';\n\n  return (\n    SQLConnectionManager.query(sql, [id])\n      .then((results) => ({\n        statusCode: 204,\n        body: results,\n      }))\n      // todo check type of error if it is from invalid id (404) or connection error (599)\n      .catch((error) => ({\n        statusCode: error.statusCode,\n        body: error.message,\n      }))\n  );\n}\n\nasync function getProductInfoById(event): Promise<response> {\n  if (!event.body.id)\n    return { statusCode: 400, body: 'getProductInfoById - No id' };\n\n  const id = event.body.id;\n  const sql = 'SELECT * FROM dev.product WHERE id = ?';\n\n  return (\n    SQLConnectionManager.query(sql, [id])\n      .then((results) => ({\n        statusCode: 200,\n        body: results,\n      }))\n      // todo check type of error if it is from invalid id (404) or connection error (599)\n      .catch((error) => ({\n        statusCode: error.statusCode,\n        body: error.message,\n      }))\n  );\n}\n\nasync function updateProductInfoById(event): Promise<response> {\n  if (!event.body.id || !event.body.info)\n    return { statusCode: 400, body: 'updateProductInfoById - No id or info' };\n  if (!validateProductInformation(event.body.info))\n    return {\n      statusCode: 422,\n      body: 'updateProductInfoById - Invalid product information',\n    };\n\n  const info = event.body.info;\n  const id = event.body.id;\n  const sql = 'UPDATE dev.product SET ? WHERE id = ?';\n\n  return (\n    SQLConnectionManager.query(sql, [info, id])\n      .then((results) => ({\n        statusCode: 200,\n        body: results,\n      }))\n      // todo check type of error if it is from invalid id (404) or connection error (599)\n      .catch((error) => ({\n        statusCode: error.statusCode,\n        body: error.message,\n      }))\n  );\n}\n\nasync function getProductsInfo(event): Promise<response> {\n  const searchOpt = event.body.searchOpt;\n  const order = event.body.order;\n  const pageOpt = event.body.pageOpt;\n  return { statusCode: 300, body: '' };\n}\n\n// todo implement\nfunction validateProductInformation(prod) {\n  return prod === prod;\n}\n"]},"_coverageSchema":"1a1c01bbd47fc00a2c39e90264f33305004495a9","hash":"2065c403688c2508f2f6f18739d74386c44c5a15","contentHash":"91a8ae941d0925ae9bd049854bdea47b0ad97765c3f394e1a44fa38e6821533a"},"/Users/mgbalantzyan/projects/cpsc319/JungleCart/backend/dist/tests/unit/lambda/shipping-lambda/index.test.js":{"path":"/Users/mgbalantzyan/projects/cpsc319/JungleCart/backend/dist/tests/unit/lambda/shipping-lambda/index.test.js","statementMap":{},"fnMap":{},"branchMap":{},"s":{},"f":{},"b":{},"inputSourceMap":{"version":3,"file":"index.test.js","sourceRoot":"","sources":["../../../../../tests/unit/lambda/shipping-lambda/index.test.ts"],"names":[],"mappings":"","sourcesContent":[""]},"_coverageSchema":"1a1c01bbd47fc00a2c39e90264f33305004495a9","hash":"fd9f9a310ca88c860124bfcd837114f90d0af6d8","contentHash":"46f4235820cf97e5166e2c52f24b9d3bc9d39ecde40f24f3df8eb1c4f0aa7a84"},"/Users/mgbalantzyan/projects/cpsc319/JungleCart/backend/dist/tests/unit/lambda/users-lambda/index.test.js":{"path":"/Users/mgbalantzyan/projects/cpsc319/JungleCart/backend/dist/tests/unit/lambda/users-lambda/index.test.js","statementMap":{},"fnMap":{},"branchMap":{},"s":{},"f":{},"b":{},"inputSourceMap":{"version":3,"file":"index.test.js","sourceRoot":"","sources":["../../../../../tests/unit/lambda/users-lambda/index.test.ts"],"names":[],"mappings":"","sourcesContent":[""]},"_coverageSchema":"1a1c01bbd47fc00a2c39e90264f33305004495a9","hash":"560555972e7f4794f4a0ee1890e0fd0c20421c8b","contentHash":"eca6f4305c46fe7bb109e1fbebc0c4e4e3328ad97dd0bb81b70ba19f64aa4a4d"}}