{"/Users/mgbalantzyan/projects/cpsc319/JungleCart/backend/cdk.out/asset.a896c152b95a05adf8e91f5e6e451bf4656d8217bddf83f83f30acda828b76bd/index.js":{"path":"/Users/mgbalantzyan/projects/cpsc319/JungleCart/backend/cdk.out/asset.a896c152b95a05adf8e91f5e6e451bf4656d8217bddf83f83f30acda828b76bd/index.js","statementMap":{"0":{"start":{"line":2,"column":0},"end":{"line":2,"column":62}},"1":{"start":{"line":3,"column":0},"end":{"line":3,"column":28}},"2":{"start":{"line":4,"column":20},"end":{"line":4,"column":65}},"3":{"start":{"line":6,"column":15},"end":{"line":6,"column":39}},"4":{"start":{"line":7,"column":0},"end":{"line":7,"column":29}},"5":{"start":{"line":8,"column":0},"end":{"line":8,"column":48}},"6":{"start":{"line":9,"column":0},"end":{"line":9,"column":46}},"7":{"start":{"line":10,"column":0},"end":{"line":10,"column":49}},"8":{"start":{"line":11,"column":0},"end":{"line":11,"column":33}},"9":{"start":{"line":13,"column":0},"end":{"line":15,"column":2}},"10":{"start":{"line":14,"column":4},"end":{"line":14,"column":37}},"11":{"start":{"line":18,"column":4},"end":{"line":23,"column":5}},"12":{"start":{"line":19,"column":8},"end":{"line":22,"column":10}},"13":{"start":{"line":24,"column":17},"end":{"line":24,"column":27}},"14":{"start":{"line":25,"column":16},"end":{"line":25,"column":47}},"15":{"start":{"line":26,"column":4},"end":{"line":34,"column":8}},"16":{"start":{"line":27,"column":28},"end":{"line":30,"column":5}},"17":{"start":{"line":31,"column":27},"end":{"line":34,"column":5}},"18":{"start":{"line":36,"column":0},"end":{"line":36,"column":32}},"19":{"start":{"line":38,"column":4},"end":{"line":39,"column":70}},"20":{"start":{"line":39,"column":8},"end":{"line":39,"column":70}},"21":{"start":{"line":40,"column":15},"end":{"line":40,"column":28}},"22":{"start":{"line":41,"column":16},"end":{"line":41,"column":54}},"23":{"start":{"line":42,"column":4},"end":{"line":51,"column":9}},"24":{"start":{"line":43,"column":28},"end":{"line":46,"column":5}},"25":{"start":{"line":48,"column":27},"end":{"line":51,"column":5}},"26":{"start":{"line":54,"column":4},"end":{"line":55,"column":71}},"27":{"start":{"line":55,"column":8},"end":{"line":55,"column":71}},"28":{"start":{"line":56,"column":15},"end":{"line":56,"column":28}},"29":{"start":{"line":57,"column":16},"end":{"line":57,"column":56}},"30":{"start":{"line":58,"column":4},"end":{"line":67,"column":9}},"31":{"start":{"line":59,"column":28},"end":{"line":62,"column":5}},"32":{"start":{"line":64,"column":27},"end":{"line":67,"column":5}},"33":{"start":{"line":70,"column":4},"end":{"line":71,"column":82}},"34":{"start":{"line":71,"column":8},"end":{"line":71,"column":82}},"35":{"start":{"line":72,"column":4},"end":{"line":76,"column":10}},"36":{"start":{"line":73,"column":8},"end":{"line":76,"column":10}},"37":{"start":{"line":77,"column":17},"end":{"line":77,"column":32}},"38":{"start":{"line":78,"column":15},"end":{"line":78,"column":28}},"39":{"start":{"line":79,"column":16},"end":{"line":79,"column":55}},"40":{"start":{"line":80,"column":4},"end":{"line":89,"column":9}},"41":{"start":{"line":81,"column":28},"end":{"line":84,"column":5}},"42":{"start":{"line":86,"column":27},"end":{"line":89,"column":5}},"43":{"start":{"line":92,"column":22},"end":{"line":92,"column":42}},"44":{"start":{"line":93,"column":18},"end":{"line":93,"column":34}},"45":{"start":{"line":94,"column":20},"end":{"line":94,"column":38}},"46":{"start":{"line":95,"column":4},"end":{"line":95,"column":41}},"47":{"start":{"line":99,"column":4},"end":{"line":99,"column":25}}},"fnMap":{"0":{"name":"(anonymous_0)","decl":{"start":{"line":13,"column":18},"end":{"line":13,"column":19}},"loc":{"start":{"line":13,"column":41},"end":{"line":15,"column":1}},"line":13},"1":{"name":"addProduct","decl":{"start":{"line":17,"column":15},"end":{"line":17,"column":25}},"loc":{"start":{"line":17,"column":33},"end":{"line":35,"column":1}},"line":17},"2":{"name":"(anonymous_2)","decl":{"start":{"line":27,"column":14},"end":{"line":27,"column":15}},"loc":{"start":{"line":27,"column":28},"end":{"line":30,"column":5}},"line":27},"3":{"name":"(anonymous_3)","decl":{"start":{"line":31,"column":15},"end":{"line":31,"column":16}},"loc":{"start":{"line":31,"column":27},"end":{"line":34,"column":5}},"line":31},"4":{"name":"deleteProductById","decl":{"start":{"line":37,"column":15},"end":{"line":37,"column":32}},"loc":{"start":{"line":37,"column":40},"end":{"line":52,"column":1}},"line":37},"5":{"name":"(anonymous_5)","decl":{"start":{"line":43,"column":14},"end":{"line":43,"column":15}},"loc":{"start":{"line":43,"column":28},"end":{"line":46,"column":5}},"line":43},"6":{"name":"(anonymous_6)","decl":{"start":{"line":48,"column":15},"end":{"line":48,"column":16}},"loc":{"start":{"line":48,"column":27},"end":{"line":51,"column":5}},"line":48},"7":{"name":"getProductInfoById","decl":{"start":{"line":53,"column":15},"end":{"line":53,"column":33}},"loc":{"start":{"line":53,"column":41},"end":{"line":68,"column":1}},"line":53},"8":{"name":"(anonymous_8)","decl":{"start":{"line":59,"column":14},"end":{"line":59,"column":15}},"loc":{"start":{"line":59,"column":28},"end":{"line":62,"column":5}},"line":59},"9":{"name":"(anonymous_9)","decl":{"start":{"line":64,"column":15},"end":{"line":64,"column":16}},"loc":{"start":{"line":64,"column":27},"end":{"line":67,"column":5}},"line":64},"10":{"name":"updateProductInfoById","decl":{"start":{"line":69,"column":15},"end":{"line":69,"column":36}},"loc":{"start":{"line":69,"column":44},"end":{"line":90,"column":1}},"line":69},"11":{"name":"(anonymous_11)","decl":{"start":{"line":81,"column":14},"end":{"line":81,"column":15}},"loc":{"start":{"line":81,"column":28},"end":{"line":84,"column":5}},"line":81},"12":{"name":"(anonymous_12)","decl":{"start":{"line":86,"column":15},"end":{"line":86,"column":16}},"loc":{"start":{"line":86,"column":27},"end":{"line":89,"column":5}},"line":86},"13":{"name":"getProductsInfo","decl":{"start":{"line":91,"column":15},"end":{"line":91,"column":30}},"loc":{"start":{"line":91,"column":38},"end":{"line":96,"column":1}},"line":91},"14":{"name":"validateProductInformation","decl":{"start":{"line":98,"column":9},"end":{"line":98,"column":35}},"loc":{"start":{"line":98,"column":42},"end":{"line":100,"column":1}},"line":98}},"branchMap":{"0":{"loc":{"start":{"line":18,"column":4},"end":{"line":23,"column":5}},"type":"if","locations":[{"start":{"line":18,"column":4},"end":{"line":23,"column":5}},{"start":{"line":18,"column":4},"end":{"line":23,"column":5}}],"line":18},"1":{"loc":{"start":{"line":38,"column":4},"end":{"line":39,"column":70}},"type":"if","locations":[{"start":{"line":38,"column":4},"end":{"line":39,"column":70}},{"start":{"line":38,"column":4},"end":{"line":39,"column":70}}],"line":38},"2":{"loc":{"start":{"line":54,"column":4},"end":{"line":55,"column":71}},"type":"if","locations":[{"start":{"line":54,"column":4},"end":{"line":55,"column":71}},{"start":{"line":54,"column":4},"end":{"line":55,"column":71}}],"line":54},"3":{"loc":{"start":{"line":70,"column":4},"end":{"line":71,"column":82}},"type":"if","locations":[{"start":{"line":70,"column":4},"end":{"line":71,"column":82}},{"start":{"line":70,"column":4},"end":{"line":71,"column":82}}],"line":70},"4":{"loc":{"start":{"line":70,"column":8},"end":{"line":70,"column":42}},"type":"binary-expr","locations":[{"start":{"line":70,"column":8},"end":{"line":70,"column":22}},{"start":{"line":70,"column":26},"end":{"line":70,"column":42}}],"line":70},"5":{"loc":{"start":{"line":72,"column":4},"end":{"line":76,"column":10}},"type":"if","locations":[{"start":{"line":72,"column":4},"end":{"line":76,"column":10}},{"start":{"line":72,"column":4},"end":{"line":76,"column":10}}],"line":72}},"s":{"0":0,"1":0,"2":0,"3":0,"4":0,"5":0,"6":0,"7":0,"8":0,"9":0,"10":0,"11":0,"12":0,"13":0,"14":0,"15":0,"16":0,"17":0,"18":0,"19":0,"20":0,"21":0,"22":0,"23":0,"24":0,"25":0,"26":0,"27":0,"28":0,"29":0,"30":0,"31":0,"32":0,"33":0,"34":0,"35":0,"36":0,"37":0,"38":0,"39":0,"40":0,"41":0,"42":0,"43":0,"44":0,"45":0,"46":0,"47":0},"f":{"0":0,"1":0,"2":0,"3":0,"4":0,"5":0,"6":0,"7":0,"8":0,"9":0,"10":0,"11":0,"12":0,"13":0,"14":0},"b":{"0":[0,0],"1":[0,0],"2":[0,0],"3":[0,0],"4":[0,0],"5":[0,0]},"inputSourceMap":{"version":3,"file":"index.js","sourceRoot":"","sources":["../../../../src/lambda/products-lambda/index.ts"],"names":[],"mappings":";;;AAAA,8CAAwE;AAExE,cAAc;AACd,MAAM,MAAM,GAAG,IAAI,kBAAM,EAAE,CAAC;AAE5B,MAAM,CAAC,IAAI,CAAC,GAAG,EAAE,UAAU,CAAC,CAAC;AAC7B,MAAM,CAAC,MAAM,CAAC,aAAa,EAAE,iBAAiB,CAAC,CAAC;AAChD,MAAM,CAAC,GAAG,CAAC,aAAa,EAAE,kBAAkB,CAAC,CAAC;AAC9C,MAAM,CAAC,GAAG,CAAC,aAAa,EAAE,qBAAqB,CAAC,CAAC;AACjD,MAAM,CAAC,GAAG,CAAC,GAAG,EAAE,eAAe,CAAC,CAAC;AAEjC,oCAAoC;AACpC,OAAO,CAAC,OAAO,GAAG,KAAK,WAAW,KAAK;IACrC,OAAO,MAAM,MAAM,CAAC,KAAK,CAAC,KAAK,CAAC,CAAC;AACnC,CAAC,CAAC;AAEF,WAAW;AACJ,KAAK,UAAU,UAAU,CAAC,KAAK;IACpC,IAAI,CAAC,0BAA0B,CAAC,KAAK,CAAC,IAAI,CAAC,EAAE;QAC3C,OAAO;YACL,UAAU,EAAE,GAAG;YACf,IAAI,EAAE,0CAA0C;SACjD,CAAC;KACH;IAED,MAAM,IAAI,GAAG,KAAK,CAAC,IAAI,CAAC;IACxB,MAAM,GAAG,GAAG,+BAA+B,CAAC;IAE5C,OAAO,gCAAoB,CAAC,KAAK,CAAC,GAAG,EAAE,CAAC,IAAI,CAAC,CAAC;SAC3C,IAAI,CAAC,CAAC,OAAO,EAAE,EAAE,CAAC,CAAC;QAClB,UAAU,EAAE,GAAG;QACf,IAAI,EAAE,OAAO;KACd,CAAC,CAAC;SACF,KAAK,CAAC,CAAC,KAAK,EAAE,EAAE,CAAC,CAAC;QACjB,UAAU,EAAE,KAAK,CAAC,UAAU;QAC5B,IAAI,EAAE,KAAK,CAAC,OAAO;KACpB,CAAC,CAAC,CAAC;AACR,CAAC;AApBD,gCAoBC;AAED,KAAK,UAAU,iBAAiB,CAAC,KAAK;IACpC,IAAI,CAAC,KAAK,CAAC,IAAI,CAAC,EAAE;QAChB,OAAO,EAAE,UAAU,EAAE,GAAG,EAAE,IAAI,EAAE,2BAA2B,EAAE,CAAC;IAEhE,MAAM,EAAE,GAAG,KAAK,CAAC,IAAI,CAAC,EAAE,CAAC;IACzB,MAAM,GAAG,GAAG,sCAAsC,CAAC;IAEnD,OAAO,CACL,gCAAoB,CAAC,KAAK,CAAC,GAAG,EAAE,CAAC,EAAE,CAAC,CAAC;SAClC,IAAI,CAAC,CAAC,OAAO,EAAE,EAAE,CAAC,CAAC;QAClB,UAAU,EAAE,GAAG;QACf,IAAI,EAAE,OAAO;KACd,CAAC,CAAC;QACH,oFAAoF;SACnF,KAAK,CAAC,CAAC,KAAK,EAAE,EAAE,CAAC,CAAC;QACjB,UAAU,EAAE,KAAK,CAAC,UAAU;QAC5B,IAAI,EAAE,KAAK,CAAC,OAAO;KACpB,CAAC,CAAC,CACN,CAAC;AACJ,CAAC;AAED,KAAK,UAAU,kBAAkB,CAAC,KAAK;IACrC,IAAI,CAAC,KAAK,CAAC,IAAI,CAAC,EAAE;QAChB,OAAO,EAAE,UAAU,EAAE,GAAG,EAAE,IAAI,EAAE,4BAA4B,EAAE,CAAC;IAEjE,MAAM,EAAE,GAAG,KAAK,CAAC,IAAI,CAAC,EAAE,CAAC;IACzB,MAAM,GAAG,GAAG,wCAAwC,CAAC;IAErD,OAAO,CACL,gCAAoB,CAAC,KAAK,CAAC,GAAG,EAAE,CAAC,EAAE,CAAC,CAAC;SAClC,IAAI,CAAC,CAAC,OAAO,EAAE,EAAE,CAAC,CAAC;QAClB,UAAU,EAAE,GAAG;QACf,IAAI,EAAE,OAAO;KACd,CAAC,CAAC;QACH,oFAAoF;SACnF,KAAK,CAAC,CAAC,KAAK,EAAE,EAAE,CAAC,CAAC;QACjB,UAAU,EAAE,KAAK,CAAC,UAAU;QAC5B,IAAI,EAAE,KAAK,CAAC,OAAO;KACpB,CAAC,CAAC,CACN,CAAC;AACJ,CAAC;AAED,KAAK,UAAU,qBAAqB,CAAC,KAAK;IACxC,IAAI,CAAC,KAAK,CAAC,IAAI,CAAC,EAAE,IAAI,CAAC,KAAK,CAAC,IAAI,CAAC,IAAI;QACpC,OAAO,EAAE,UAAU,EAAE,GAAG,EAAE,IAAI,EAAE,uCAAuC,EAAE,CAAC;IAC5E,IAAI,CAAC,0BAA0B,CAAC,KAAK,CAAC,IAAI,CAAC,IAAI,CAAC;QAC9C,OAAO;YACL,UAAU,EAAE,GAAG;YACf,IAAI,EAAE,qDAAqD;SAC5D,CAAC;IAEJ,MAAM,IAAI,GAAG,KAAK,CAAC,IAAI,CAAC,IAAI,CAAC;IAC7B,MAAM,EAAE,GAAG,KAAK,CAAC,IAAI,CAAC,EAAE,CAAC;IACzB,MAAM,GAAG,GAAG,uCAAuC,CAAC;IAEpD,OAAO,CACL,gCAAoB,CAAC,KAAK,CAAC,GAAG,EAAE,CAAC,IAAI,EAAE,EAAE,CAAC,CAAC;SACxC,IAAI,CAAC,CAAC,OAAO,EAAE,EAAE,CAAC,CAAC;QAClB,UAAU,EAAE,GAAG;QACf,IAAI,EAAE,OAAO;KACd,CAAC,CAAC;QACH,oFAAoF;SACnF,KAAK,CAAC,CAAC,KAAK,EAAE,EAAE,CAAC,CAAC;QACjB,UAAU,EAAE,KAAK,CAAC,UAAU;QAC5B,IAAI,EAAE,KAAK,CAAC,OAAO;KACpB,CAAC,CAAC,CACN,CAAC;AACJ,CAAC;AAED,KAAK,UAAU,eAAe,CAAC,KAAK;IAClC,MAAM,SAAS,GAAG,KAAK,CAAC,IAAI,CAAC,SAAS,CAAC;IACvC,MAAM,KAAK,GAAG,KAAK,CAAC,IAAI,CAAC,KAAK,CAAC;IAC/B,MAAM,OAAO,GAAG,KAAK,CAAC,IAAI,CAAC,OAAO,CAAC;IACnC,OAAO,EAAE,UAAU,EAAE,GAAG,EAAE,IAAI,EAAE,EAAE,EAAE,CAAC;AACvC,CAAC;AAED,iBAAiB;AACjB,SAAS,0BAA0B,CAAC,IAAI;IACtC,OAAO,IAAI,KAAK,IAAI,CAAC;AACvB,CAAC","sourcesContent":["import { SQLConnectionManager, Router, response } from '/opt/sql-layer';\n\n// set routing\nconst router = new Router();\n\nrouter.post('/', addProduct);\nrouter.delete('/:productId', deleteProductById);\nrouter.get('/:productId', getProductInfoById);\nrouter.put('/:productId', updateProductInfoById);\nrouter.get('/', getProductsInfo);\n\n// handles routing and sends request\nexports.handler = async function (event) {\n  return await router.route(event);\n};\n\n// handlers\nexport async function addProduct(event): Promise<response> {\n  if (!validateProductInformation(event.body)) {\n    return {\n      statusCode: 422,\n      body: 'addProduct - Invalid product information',\n    };\n  }\n\n  const prod = event.body;\n  const sql = 'INSERT INTO dev.product SET ?';\n\n  return SQLConnectionManager.query(sql, [prod])\n    .then((results) => ({\n      statusCode: 201,\n      body: results,\n    }))\n    .catch((error) => ({\n      statusCode: error.statusCode,\n      body: error.message,\n    }));\n}\n\nasync function deleteProductById(event): Promise<response> {\n  if (!event.body.id)\n    return { statusCode: 400, body: 'deleteProductById - No id' };\n\n  const id = event.body.id;\n  const sql = 'DELETE FROM dev.product WHERE id = ?';\n\n  return (\n    SQLConnectionManager.query(sql, [id])\n      .then((results) => ({\n        statusCode: 204,\n        body: results,\n      }))\n      // todo check type of error if it is from invalid id (404) or connection error (599)\n      .catch((error) => ({\n        statusCode: error.statusCode,\n        body: error.message,\n      }))\n  );\n}\n\nasync function getProductInfoById(event): Promise<response> {\n  if (!event.body.id)\n    return { statusCode: 400, body: 'getProductInfoById - No id' };\n\n  const id = event.body.id;\n  const sql = 'SELECT * FROM dev.product WHERE id = ?';\n\n  return (\n    SQLConnectionManager.query(sql, [id])\n      .then((results) => ({\n        statusCode: 200,\n        body: results,\n      }))\n      // todo check type of error if it is from invalid id (404) or connection error (599)\n      .catch((error) => ({\n        statusCode: error.statusCode,\n        body: error.message,\n      }))\n  );\n}\n\nasync function updateProductInfoById(event): Promise<response> {\n  if (!event.body.id || !event.body.info)\n    return { statusCode: 400, body: 'updateProductInfoById - No id or info' };\n  if (!validateProductInformation(event.body.info))\n    return {\n      statusCode: 422,\n      body: 'updateProductInfoById - Invalid product information',\n    };\n\n  const info = event.body.info;\n  const id = event.body.id;\n  const sql = 'UPDATE dev.product SET ? WHERE id = ?';\n\n  return (\n    SQLConnectionManager.query(sql, [info, id])\n      .then((results) => ({\n        statusCode: 200,\n        body: results,\n      }))\n      // todo check type of error if it is from invalid id (404) or connection error (599)\n      .catch((error) => ({\n        statusCode: error.statusCode,\n        body: error.message,\n      }))\n  );\n}\n\nasync function getProductsInfo(event): Promise<response> {\n  const searchOpt = event.body.searchOpt;\n  const order = event.body.order;\n  const pageOpt = event.body.pageOpt;\n  return { statusCode: 300, body: '' };\n}\n\n// todo implement\nfunction validateProductInformation(prod) {\n  return prod === prod;\n}\n"]},"all":true},"/Users/mgbalantzyan/projects/cpsc319/JungleCart/backend/cdk.out/asset.e7bc33709c3a38b194c955f3705abc32dbee9b6903597f4601db0431441a1296/customError-layer.js":{"path":"/Users/mgbalantzyan/projects/cpsc319/JungleCart/backend/cdk.out/asset.e7bc33709c3a38b194c955f3705abc32dbee9b6903597f4601db0431441a1296/customError-layer.js","statementMap":{"0":{"start":{"line":2,"column":0},"end":{"line":2,"column":62}},"1":{"start":{"line":3,"column":0},"end":{"line":3,"column":54}},"2":{"start":{"line":7,"column":8},"end":{"line":7,"column":23}},"3":{"start":{"line":8,"column":8},"end":{"line":8,"column":37}},"4":{"start":{"line":9,"column":8},"end":{"line":9,"column":59}},"5":{"start":{"line":12,"column":8},"end":{"line":12,"column":55}},"6":{"start":{"line":15,"column":0},"end":{"line":15,"column":34}},"7":{"start":{"line":16,"column":23},"end":{"line":20,"column":1}},"8":{"start":{"line":17,"column":18},"end":{"line":17,"column":40}},"9":{"start":{"line":18,"column":4},"end":{"line":18,"column":38}},"10":{"start":{"line":19,"column":4},"end":{"line":19,"column":16}},"11":{"start":{"line":21,"column":0},"end":{"line":21,"column":40}}},"fnMap":{"0":{"name":"(anonymous_0)","decl":{"start":{"line":6,"column":4},"end":{"line":6,"column":5}},"loc":{"start":{"line":6,"column":37},"end":{"line":10,"column":5}},"line":6},"1":{"name":"(anonymous_1)","decl":{"start":{"line":11,"column":4},"end":{"line":11,"column":5}},"loc":{"start":{"line":11,"column":22},"end":{"line":13,"column":5}},"line":11},"2":{"name":"(anonymous_2)","decl":{"start":{"line":16,"column":23},"end":{"line":16,"column":24}},"loc":{"start":{"line":16,"column":32},"end":{"line":20,"column":1}},"line":16}},"branchMap":{},"s":{"0":0,"1":0,"2":0,"3":0,"4":0,"5":0,"6":0,"7":0,"8":0,"9":0,"10":0,"11":0},"f":{"0":0,"1":0,"2":0},"b":{},"inputSourceMap":{"version":3,"file":"customError-layer.js","sourceRoot":"","sources":["../../../../src/layer/customError-layer/customError-layer.ts"],"names":[],"mappings":";;;AAQA,MAAa,WAAY,SAAQ,KAAK;IACpC,UAAU,CAAS;IACnB,YAAY,OAAe,EAAE,UAAkB;QAC7C,KAAK,CAAC,OAAO,CAAC,CAAC;QACf,IAAI,CAAC,UAAU,GAAG,UAAU,CAAC;QAC7B,MAAM,CAAC,cAAc,CAAC,IAAI,EAAE,WAAW,CAAC,SAAS,CAAC,CAAC;IACrD,CAAC;IAED,eAAe;QACb,OAAO,wBAAwB,GAAG,IAAI,CAAC,OAAO,CAAC;IACjD,CAAC;CACF;AAXD,kCAWC;AAEM,MAAM,cAAc,GAAG,CAAC,GAAsB,EAAE,EAAE;IACvD,MAAM,KAAK,GAAiB,IAAI,KAAK,CAAC,GAAG,CAAC,OAAO,CAAC,CAAC;IACnD,KAAK,CAAC,UAAU,GAAG,GAAG,CAAC,UAAU,CAAC;IAClC,MAAM,KAAK,CAAC;AACd,CAAC,CAAC;AAJW,QAAA,cAAc,kBAIzB","sourcesContent":["export interface ICustomErrorSetup {\n  statusCode: number;\n  message: string;\n}\nexport interface ICustomError extends Error {\n  statusCode?: number;\n  message: string;\n}\nexport class CustomError extends Error {\n  statusCode: number;\n  constructor(message: string, statusCode: number) {\n    super(message);\n    this.statusCode = statusCode;\n    Object.setPrototypeOf(this, CustomError.prototype);\n  }\n\n  getErrorMessage() {\n    return 'Something went wrong: ' + this.message;\n  }\n}\n\nexport const errorGenerator = (obj: ICustomErrorSetup) => {\n  const error: ICustomError = new Error(obj.message);\n  error.statusCode = obj.statusCode;\n  throw error;\n};\n"]},"all":true},"/Users/mgbalantzyan/projects/cpsc319/JungleCart/backend/cdk.out/asset.f01289b08a8cf8528b1ad011971b25228fe8a54ab637cca3dafde450b92c7aaf/sql-layer.js":{"path":"/Users/mgbalantzyan/projects/cpsc319/JungleCart/backend/cdk.out/asset.f01289b08a8cf8528b1ad011971b25228fe8a54ab637cca3dafde450b92c7aaf/sql-layer.js","statementMap":{"0":{"start":{"line":2,"column":22},"end":{"line":12,"column":3}},"1":{"start":{"line":3,"column":4},"end":{"line":3,"column":33}},"2":{"start":{"line":3,"column":26},"end":{"line":3,"column":33}},"3":{"start":{"line":4,"column":15},"end":{"line":4,"column":52}},"4":{"start":{"line":5,"column":4},"end":{"line":7,"column":5}},"5":{"start":{"line":6,"column":6},"end":{"line":6,"column":68}},"6":{"start":{"line":6,"column":51},"end":{"line":6,"column":63}},"7":{"start":{"line":8,"column":4},"end":{"line":8,"column":39}},"8":{"start":{"line":10,"column":4},"end":{"line":10,"column":33}},"9":{"start":{"line":10,"column":26},"end":{"line":10,"column":33}},"10":{"start":{"line":11,"column":4},"end":{"line":11,"column":17}},"11":{"start":{"line":13,"column":25},"end":{"line":17,"column":2}},"12":{"start":{"line":14,"column":4},"end":{"line":14,"column":72}},"13":{"start":{"line":16,"column":4},"end":{"line":16,"column":21}},"14":{"start":{"line":18,"column":19},"end":{"line":24,"column":1}},"15":{"start":{"line":19,"column":4},"end":{"line":19,"column":42}},"16":{"start":{"line":19,"column":31},"end":{"line":19,"column":42}},"17":{"start":{"line":20,"column":17},"end":{"line":20,"column":19}},"18":{"start":{"line":21,"column":4},"end":{"line":21,"column":141}},"19":{"start":{"line":21,"column":21},"end":{"line":21,"column":141}},"20":{"start":{"line":21,"column":40},"end":{"line":21,"column":141}},"21":{"start":{"line":21,"column":109},"end":{"line":21,"column":141}},"22":{"start":{"line":22,"column":4},"end":{"line":22,"column":36}},"23":{"start":{"line":23,"column":4},"end":{"line":23,"column":18}},"24":{"start":{"line":25,"column":0},"end":{"line":25,"column":62}},"25":{"start":{"line":26,"column":0},"end":{"line":26,"column":144}},"26":{"start":{"line":27,"column":14},"end":{"line":27,"column":44}},"27":{"start":{"line":28,"column":28},"end":{"line":28,"column":80}},"28":{"start":{"line":33,"column":8},"end":{"line":33,"column":122}},"29":{"start":{"line":36,"column":8},"end":{"line":38,"column":9}},"30":{"start":{"line":37,"column":12},"end":{"line":37,"column":19}},"31":{"start":{"line":39,"column":8},"end":{"line":48,"column":11}},"32":{"start":{"line":51,"column":8},"end":{"line":61,"column":11}},"33":{"start":{"line":64,"column":8},"end":{"line":74,"column":9}},"34":{"start":{"line":65,"column":12},"end":{"line":70,"column":13}},"35":{"start":{"line":66,"column":16},"end":{"line":66,"column":112}},"36":{"start":{"line":69,"column":16},"end":{"line":69,"column":65}},"37":{"start":{"line":73,"column":12},"end":{"line":73,"column":20}},"38":{"start":{"line":77,"column":8},"end":{"line":93,"column":11}},"39":{"start":{"line":78,"column":12},"end":{"line":80,"column":13}},"40":{"start":{"line":79,"column":16},"end":{"line":79,"column":76}},"41":{"start":{"line":89,"column":12},"end":{"line":92,"column":15}},"42":{"start":{"line":91,"column":16},"end":{"line":91,"column":78}},"43":{"start":{"line":96,"column":8},"end":{"line":120,"column":11}},"44":{"start":{"line":97,"column":12},"end":{"line":100,"column":13}},"45":{"start":{"line":98,"column":16},"end":{"line":98,"column":69}},"46":{"start":{"line":99,"column":16},"end":{"line":99,"column":23}},"47":{"start":{"line":101,"column":12},"end":{"line":101,"column":40}},"48":{"start":{"line":102,"column":12},"end":{"line":119,"column":15}},"49":{"start":{"line":103,"column":16},"end":{"line":108,"column":17}},"50":{"start":{"line":105,"column":20},"end":{"line":105,"column":47}},"51":{"start":{"line":106,"column":20},"end":{"line":106,"column":71}},"52":{"start":{"line":107,"column":20},"end":{"line":107,"column":27}},"53":{"start":{"line":109,"column":16},"end":{"line":118,"column":19}},"54":{"start":{"line":111,"column":20},"end":{"line":111,"column":56}},"55":{"start":{"line":112,"column":20},"end":{"line":115,"column":21}},"56":{"start":{"line":113,"column":24},"end":{"line":113,"column":62}},"57":{"start":{"line":114,"column":24},"end":{"line":114,"column":31}},"58":{"start":{"line":116,"column":20},"end":{"line":116,"column":35}},"59":{"start":{"line":117,"column":20},"end":{"line":117,"column":37}},"60":{"start":{"line":123,"column":8},"end":{"line":125,"column":9}},"61":{"start":{"line":124,"column":12},"end":{"line":124,"column":34}},"62":{"start":{"line":128,"column":0},"end":{"line":128,"column":32}},"63":{"start":{"line":131,"column":18},"end":{"line":131,"column":20}},"64":{"start":{"line":133,"column":8},"end":{"line":133,"column":52}},"65":{"start":{"line":136,"column":8},"end":{"line":136,"column":49}},"66":{"start":{"line":139,"column":8},"end":{"line":139,"column":50}},"67":{"start":{"line":142,"column":8},"end":{"line":142,"column":49}},"68":{"start":{"line":145,"column":8},"end":{"line":145,"column":38}},"69":{"start":{"line":146,"column":8},"end":{"line":148,"column":9}},"70":{"start":{"line":147,"column":12},"end":{"line":147,"column":80}},"71":{"start":{"line":149,"column":21},"end":{"line":149,"column":54}},"72":{"start":{"line":150,"column":23},"end":{"line":150,"column":54}},"73":{"start":{"line":151,"column":8},"end":{"line":156,"column":9}},"74":{"start":{"line":152,"column":12},"end":{"line":155,"column":14}},"75":{"start":{"line":158,"column":8},"end":{"line":158,"column":107}},"76":{"start":{"line":161,"column":8},"end":{"line":161,"column":38}},"77":{"start":{"line":162,"column":18},"end":{"line":162,"column":20}},"78":{"start":{"line":163,"column":8},"end":{"line":166,"column":9}},"79":{"start":{"line":164,"column":12},"end":{"line":164,"column":52}},"80":{"start":{"line":165,"column":12},"end":{"line":165,"column":87}},"81":{"start":{"line":167,"column":21},"end":{"line":167,"column":54}},"82":{"start":{"line":168,"column":23},"end":{"line":168,"column":54}},"83":{"start":{"line":169,"column":8},"end":{"line":171,"column":9}},"84":{"start":{"line":170,"column":12},"end":{"line":170,"column":60}},"85":{"start":{"line":172,"column":8},"end":{"line":173,"column":87}},"86":{"start":{"line":173,"column":12},"end":{"line":173,"column":87}},"87":{"start":{"line":175,"column":8},"end":{"line":175,"column":107}},"88":{"start":{"line":178,"column":8},"end":{"line":180,"column":9}},"89":{"start":{"line":179,"column":12},"end":{"line":179,"column":48}},"90":{"start":{"line":181,"column":8},"end":{"line":181,"column":58}},"91":{"start":{"line":184,"column":0},"end":{"line":184,"column":24}},"92":{"start":{"line":188,"column":8},"end":{"line":188,"column":19}},"93":{"start":{"line":191,"column":0},"end":{"line":191,"column":36}},"94":{"start":{"line":193,"column":17},"end":{"line":193,"column":20}},"95":{"start":{"line":195,"column":0},"end":{"line":195,"column":38}},"96":{"start":{"line":197,"column":17},"end":{"line":197,"column":20}},"97":{"start":{"line":199,"column":0},"end":{"line":199,"column":32}},"98":{"start":{"line":201,"column":17},"end":{"line":201,"column":20}},"99":{"start":{"line":204,"column":17},"end":{"line":204,"column":20}},"100":{"start":{"line":206,"column":0},"end":{"line":206,"column":48}}},"fnMap":{"0":{"name":"(anonymous_0)","decl":{"start":{"line":2,"column":74},"end":{"line":2,"column":75}},"loc":{"start":{"line":2,"column":96},"end":{"line":9,"column":1}},"line":2},"1":{"name":"(anonymous_1)","decl":{"start":{"line":6,"column":38},"end":{"line":6,"column":39}},"loc":{"start":{"line":6,"column":49},"end":{"line":6,"column":65}},"line":6},"2":{"name":"(anonymous_2)","decl":{"start":{"line":9,"column":6},"end":{"line":9,"column":7}},"loc":{"start":{"line":9,"column":28},"end":{"line":12,"column":1}},"line":9},"3":{"name":"(anonymous_3)","decl":{"start":{"line":13,"column":80},"end":{"line":13,"column":81}},"loc":{"start":{"line":13,"column":95},"end":{"line":15,"column":1}},"line":13},"4":{"name":"(anonymous_4)","decl":{"start":{"line":15,"column":5},"end":{"line":15,"column":6}},"loc":{"start":{"line":15,"column":20},"end":{"line":17,"column":1}},"line":15},"5":{"name":"(anonymous_5)","decl":{"start":{"line":18,"column":50},"end":{"line":18,"column":51}},"loc":{"start":{"line":18,"column":65},"end":{"line":24,"column":1}},"line":18},"6":{"name":"(anonymous_6)","decl":{"start":{"line":32,"column":4},"end":{"line":32,"column":5}},"loc":{"start":{"line":32,"column":18},"end":{"line":34,"column":5}},"line":32},"7":{"name":"(anonymous_7)","decl":{"start":{"line":35,"column":4},"end":{"line":35,"column":5}},"loc":{"start":{"line":35,"column":48},"end":{"line":49,"column":5}},"line":35},"8":{"name":"(anonymous_8)","decl":{"start":{"line":50,"column":4},"end":{"line":50,"column":5}},"loc":{"start":{"line":50,"column":67},"end":{"line":62,"column":5}},"line":50},"9":{"name":"(anonymous_9)","decl":{"start":{"line":63,"column":4},"end":{"line":63,"column":5}},"loc":{"start":{"line":63,"column":73},"end":{"line":75,"column":5}},"line":63},"10":{"name":"(anonymous_10)","decl":{"start":{"line":76,"column":4},"end":{"line":76,"column":5}},"loc":{"start":{"line":76,"column":22},"end":{"line":94,"column":5}},"line":76},"11":{"name":"(anonymous_11)","decl":{"start":{"line":77,"column":27},"end":{"line":77,"column":28}},"loc":{"start":{"line":77,"column":48},"end":{"line":93,"column":9}},"line":77},"12":{"name":"(anonymous_12)","decl":{"start":{"line":89,"column":46},"end":{"line":89,"column":47}},"loc":{"start":{"line":89,"column":66},"end":{"line":92,"column":13}},"line":89},"13":{"name":"(anonymous_13)","decl":{"start":{"line":95,"column":4},"end":{"line":95,"column":5}},"loc":{"start":{"line":95,"column":26},"end":{"line":121,"column":5}},"line":95},"14":{"name":"(anonymous_14)","decl":{"start":{"line":96,"column":27},"end":{"line":96,"column":28}},"loc":{"start":{"line":96,"column":48},"end":{"line":120,"column":9}},"line":96},"15":{"name":"(anonymous_15)","decl":{"start":{"line":102,"column":36},"end":{"line":102,"column":37}},"loc":{"start":{"line":102,"column":53},"end":{"line":119,"column":13}},"line":102},"16":{"name":"(anonymous_16)","decl":{"start":{"line":109,"column":39},"end":{"line":109,"column":40}},"loc":{"start":{"line":109,"column":59},"end":{"line":118,"column":17}},"line":109},"17":{"name":"(anonymous_17)","decl":{"start":{"line":122,"column":4},"end":{"line":122,"column":5}},"loc":{"start":{"line":122,"column":22},"end":{"line":126,"column":5}},"line":122},"18":{"name":"(anonymous_18)","decl":{"start":{"line":132,"column":4},"end":{"line":132,"column":5}},"loc":{"start":{"line":132,"column":31},"end":{"line":134,"column":5}},"line":132},"19":{"name":"(anonymous_19)","decl":{"start":{"line":135,"column":4},"end":{"line":135,"column":5}},"loc":{"start":{"line":135,"column":28},"end":{"line":137,"column":5}},"line":135},"20":{"name":"(anonymous_20)","decl":{"start":{"line":138,"column":4},"end":{"line":138,"column":5}},"loc":{"start":{"line":138,"column":29},"end":{"line":140,"column":5}},"line":138},"21":{"name":"(anonymous_21)","decl":{"start":{"line":141,"column":4},"end":{"line":141,"column":5}},"loc":{"start":{"line":141,"column":28},"end":{"line":143,"column":5}},"line":141},"22":{"name":"(anonymous_22)","decl":{"start":{"line":144,"column":4},"end":{"line":144,"column":5}},"loc":{"start":{"line":144,"column":23},"end":{"line":159,"column":5}},"line":144},"23":{"name":"(anonymous_23)","decl":{"start":{"line":160,"column":4},"end":{"line":160,"column":5}},"loc":{"start":{"line":160,"column":33},"end":{"line":176,"column":5}},"line":160},"24":{"name":"(anonymous_24)","decl":{"start":{"line":177,"column":4},"end":{"line":177,"column":5}},"loc":{"start":{"line":177,"column":45},"end":{"line":182,"column":5}},"line":177},"25":{"name":"(anonymous_25)","decl":{"start":{"line":187,"column":4},"end":{"line":187,"column":5}},"loc":{"start":{"line":187,"column":21},"end":{"line":189,"column":5}},"line":187}},"branchMap":{"0":{"loc":{"start":{"line":2,"column":22},"end":{"line":12,"column":3}},"type":"binary-expr","locations":[{"start":{"line":2,"column":23},"end":{"line":2,"column":27}},{"start":{"line":2,"column":31},"end":{"line":2,"column":51}},{"start":{"line":2,"column":57},"end":{"line":12,"column":2}}],"line":2},"1":{"loc":{"start":{"line":2,"column":57},"end":{"line":12,"column":2}},"type":"cond-expr","locations":[{"start":{"line":2,"column":74},"end":{"line":9,"column":1}},{"start":{"line":9,"column":6},"end":{"line":12,"column":1}}],"line":2},"2":{"loc":{"start":{"line":3,"column":4},"end":{"line":3,"column":33}},"type":"if","locations":[{"start":{"line":3,"column":4},"end":{"line":3,"column":33}},{"start":{"line":3,"column":4},"end":{"line":3,"column":33}}],"line":3},"3":{"loc":{"start":{"line":5,"column":4},"end":{"line":7,"column":5}},"type":"if","locations":[{"start":{"line":5,"column":4},"end":{"line":7,"column":5}},{"start":{"line":5,"column":4},"end":{"line":7,"column":5}}],"line":5},"4":{"loc":{"start":{"line":5,"column":8},"end":{"line":5,"column":85}},"type":"binary-expr","locations":[{"start":{"line":5,"column":8},"end":{"line":5,"column":13}},{"start":{"line":5,"column":18},"end":{"line":5,"column":84}}],"line":5},"5":{"loc":{"start":{"line":5,"column":18},"end":{"line":5,"column":84}},"type":"cond-expr","locations":[{"start":{"line":5,"column":34},"end":{"line":5,"column":47}},{"start":{"line":5,"column":50},"end":{"line":5,"column":84}}],"line":5},"6":{"loc":{"start":{"line":5,"column":50},"end":{"line":5,"column":84}},"type":"binary-expr","locations":[{"start":{"line":5,"column":50},"end":{"line":5,"column":63}},{"start":{"line":5,"column":67},"end":{"line":5,"column":84}}],"line":5},"7":{"loc":{"start":{"line":10,"column":4},"end":{"line":10,"column":33}},"type":"if","locations":[{"start":{"line":10,"column":4},"end":{"line":10,"column":33}},{"start":{"line":10,"column":4},"end":{"line":10,"column":33}}],"line":10},"8":{"loc":{"start":{"line":13,"column":25},"end":{"line":17,"column":2}},"type":"binary-expr","locations":[{"start":{"line":13,"column":26},"end":{"line":13,"column":30}},{"start":{"line":13,"column":34},"end":{"line":13,"column":57}},{"start":{"line":13,"column":63},"end":{"line":17,"column":1}}],"line":13},"9":{"loc":{"start":{"line":13,"column":63},"end":{"line":17,"column":1}},"type":"cond-expr","locations":[{"start":{"line":13,"column":80},"end":{"line":15,"column":1}},{"start":{"line":15,"column":5},"end":{"line":17,"column":1}}],"line":13},"10":{"loc":{"start":{"line":18,"column":19},"end":{"line":24,"column":1}},"type":"binary-expr","locations":[{"start":{"line":18,"column":20},"end":{"line":18,"column":24}},{"start":{"line":18,"column":28},"end":{"line":18,"column":45}},{"start":{"line":18,"column":50},"end":{"line":24,"column":1}}],"line":18},"11":{"loc":{"start":{"line":19,"column":4},"end":{"line":19,"column":42}},"type":"if","locations":[{"start":{"line":19,"column":4},"end":{"line":19,"column":42}},{"start":{"line":19,"column":4},"end":{"line":19,"column":42}}],"line":19},"12":{"loc":{"start":{"line":19,"column":8},"end":{"line":19,"column":29}},"type":"binary-expr","locations":[{"start":{"line":19,"column":8},"end":{"line":19,"column":11}},{"start":{"line":19,"column":15},"end":{"line":19,"column":29}}],"line":19},"13":{"loc":{"start":{"line":21,"column":4},"end":{"line":21,"column":141}},"type":"if","locations":[{"start":{"line":21,"column":4},"end":{"line":21,"column":141}},{"start":{"line":21,"column":4},"end":{"line":21,"column":141}}],"line":21},"14":{"loc":{"start":{"line":21,"column":40},"end":{"line":21,"column":141}},"type":"if","locations":[{"start":{"line":21,"column":40},"end":{"line":21,"column":141}},{"start":{"line":21,"column":40},"end":{"line":21,"column":141}}],"line":21},"15":{"loc":{"start":{"line":21,"column":44},"end":{"line":21,"column":107}},"type":"binary-expr","locations":[{"start":{"line":21,"column":44},"end":{"line":21,"column":59}},{"start":{"line":21,"column":63},"end":{"line":21,"column":107}}],"line":21},"16":{"loc":{"start":{"line":36,"column":8},"end":{"line":38,"column":9}},"type":"if","locations":[{"start":{"line":36,"column":8},"end":{"line":38,"column":9}},{"start":{"line":36,"column":8},"end":{"line":38,"column":9}}],"line":36},"17":{"loc":{"start":{"line":63,"column":21},"end":{"line":63,"column":39}},"type":"default-arg","locations":[{"start":{"line":63,"column":34},"end":{"line":63,"column":39}}],"line":63},"18":{"loc":{"start":{"line":65,"column":12},"end":{"line":70,"column":13}},"type":"if","locations":[{"start":{"line":65,"column":12},"end":{"line":70,"column":13}},{"start":{"line":65,"column":12},"end":{"line":70,"column":13}}],"line":65},"19":{"loc":{"start":{"line":78,"column":12},"end":{"line":80,"column":13}},"type":"if","locations":[{"start":{"line":78,"column":12},"end":{"line":80,"column":13}},{"start":{"line":78,"column":12},"end":{"line":80,"column":13}}],"line":78},"20":{"loc":{"start":{"line":91,"column":16},"end":{"line":91,"column":77}},"type":"cond-expr","locations":[{"start":{"line":91,"column":24},"end":{"line":91,"column":58}},{"start":{"line":91,"column":61},"end":{"line":91,"column":77}}],"line":91},"21":{"loc":{"start":{"line":97,"column":12},"end":{"line":100,"column":13}},"type":"if","locations":[{"start":{"line":97,"column":12},"end":{"line":100,"column":13}},{"start":{"line":97,"column":12},"end":{"line":100,"column":13}}],"line":97},"22":{"loc":{"start":{"line":103,"column":16},"end":{"line":108,"column":17}},"type":"if","locations":[{"start":{"line":103,"column":16},"end":{"line":108,"column":17}},{"start":{"line":103,"column":16},"end":{"line":108,"column":17}}],"line":103},"23":{"loc":{"start":{"line":112,"column":20},"end":{"line":115,"column":21}},"type":"if","locations":[{"start":{"line":112,"column":20},"end":{"line":115,"column":21}},{"start":{"line":112,"column":20},"end":{"line":115,"column":21}}],"line":112},"24":{"loc":{"start":{"line":123,"column":8},"end":{"line":125,"column":9}},"type":"if","locations":[{"start":{"line":123,"column":8},"end":{"line":125,"column":9}},{"start":{"line":123,"column":8},"end":{"line":125,"column":9}}],"line":123},"25":{"loc":{"start":{"line":146,"column":8},"end":{"line":148,"column":9}},"type":"if","locations":[{"start":{"line":146,"column":8},"end":{"line":148,"column":9}},{"start":{"line":146,"column":8},"end":{"line":148,"column":9}}],"line":146},"26":{"loc":{"start":{"line":151,"column":8},"end":{"line":156,"column":9}},"type":"if","locations":[{"start":{"line":151,"column":8},"end":{"line":156,"column":9}},{"start":{"line":151,"column":8},"end":{"line":156,"column":9}}],"line":151},"27":{"loc":{"start":{"line":151,"column":12},"end":{"line":151,"column":70}},"type":"binary-expr","locations":[{"start":{"line":151,"column":12},"end":{"line":151,"column":35}},{"start":{"line":151,"column":39},"end":{"line":151,"column":70}}],"line":151},"28":{"loc":{"start":{"line":163,"column":8},"end":{"line":166,"column":9}},"type":"if","locations":[{"start":{"line":163,"column":8},"end":{"line":166,"column":9}},{"start":{"line":163,"column":8},"end":{"line":166,"column":9}}],"line":163},"29":{"loc":{"start":{"line":169,"column":8},"end":{"line":171,"column":9}},"type":"if","locations":[{"start":{"line":169,"column":8},"end":{"line":171,"column":9}},{"start":{"line":169,"column":8},"end":{"line":171,"column":9}}],"line":169},"30":{"loc":{"start":{"line":169,"column":12},"end":{"line":169,"column":70}},"type":"binary-expr","locations":[{"start":{"line":169,"column":12},"end":{"line":169,"column":35}},{"start":{"line":169,"column":39},"end":{"line":169,"column":70}}],"line":169},"31":{"loc":{"start":{"line":172,"column":8},"end":{"line":173,"column":87}},"type":"if","locations":[{"start":{"line":172,"column":8},"end":{"line":173,"column":87}},{"start":{"line":172,"column":8},"end":{"line":173,"column":87}}],"line":172},"32":{"loc":{"start":{"line":178,"column":8},"end":{"line":180,"column":9}},"type":"if","locations":[{"start":{"line":178,"column":8},"end":{"line":180,"column":9}},{"start":{"line":178,"column":8},"end":{"line":180,"column":9}}],"line":178}},"s":{"0":0,"1":0,"2":0,"3":0,"4":0,"5":0,"6":0,"7":0,"8":0,"9":0,"10":0,"11":0,"12":0,"13":0,"14":0,"15":0,"16":0,"17":0,"18":0,"19":0,"20":0,"21":0,"22":0,"23":0,"24":0,"25":0,"26":0,"27":0,"28":0,"29":0,"30":0,"31":0,"32":0,"33":0,"34":0,"35":0,"36":0,"37":0,"38":0,"39":0,"40":0,"41":0,"42":0,"43":0,"44":0,"45":0,"46":0,"47":0,"48":0,"49":0,"50":0,"51":0,"52":0,"53":0,"54":0,"55":0,"56":0,"57":0,"58":0,"59":0,"60":0,"61":0,"62":0,"63":0,"64":0,"65":0,"66":0,"67":0,"68":0,"69":0,"70":0,"71":0,"72":0,"73":0,"74":0,"75":0,"76":0,"77":0,"78":0,"79":0,"80":0,"81":0,"82":0,"83":0,"84":0,"85":0,"86":0,"87":0,"88":0,"89":0,"90":0,"91":0,"92":0,"93":0,"94":0,"95":0,"96":0,"97":0,"98":0,"99":0,"100":0},"f":{"0":0,"1":0,"2":0,"3":0,"4":0,"5":0,"6":0,"7":0,"8":0,"9":0,"10":0,"11":0,"12":0,"13":0,"14":0,"15":0,"16":0,"17":0,"18":0,"19":0,"20":0,"21":0,"22":0,"23":0,"24":0,"25":0},"b":{"0":[0,0,0],"1":[0,0],"2":[0,0],"3":[0,0],"4":[0,0],"5":[0,0],"6":[0,0],"7":[0,0],"8":[0,0,0],"9":[0,0],"10":[0,0,0],"11":[0,0],"12":[0,0],"13":[0,0],"14":[0,0],"15":[0,0],"16":[0,0],"17":[0],"18":[0,0],"19":[0,0],"20":[0,0],"21":[0,0],"22":[0,0],"23":[0,0],"24":[0,0],"25":[0,0],"26":[0,0],"27":[0,0],"28":[0,0],"29":[0,0],"30":[0,0],"31":[0,0],"32":[0,0]},"inputSourceMap":{"version":3,"file":"sql-layer.js","sourceRoot":"","sources":["../../../../src/layer/sql-layer/sql-layer.ts"],"names":[],"mappings":";;;;;;;;;;;;;;;;;;;;;;;;;;AAAA,6CAA+B;AAE/B,8DAAwD;AAExD,MAAa,UAAU;IACb,UAAU,CAA0B;IACpC,IAAI,CAAoB;IAChC;QACE,IAAI,CAAC,oBAAoB,CACvB,gDAAgD,EAChD,OAAO,EACP,UAAU,EACV,MAAM,EACN,OAAO,CACR,CAAC;IACJ,CAAC;IAEO,WAAW,CACjB,QAAgB,EAChB,IAAY,EACZ,QAAgB,EAChB,IAAY;QAEZ,IAAI,IAAI,CAAC,UAAU,EAAE,KAAK,KAAK,WAAW,EAAE;YAC1C,OAAO;SACR;QACD,IAAI,CAAC,UAAU,GAAG,KAAK,CAAC,gBAAgB,CAAC;YACvC,IAAI,EAAE,QAAQ;YACd,IAAI,EAAE,IAAI;YACV,QAAQ,EAAE,QAAQ;YAClB,IAAI,EAAE,MAAM,CAAC,IAAI,CAAC;YAClB,kBAAkB,EAAE,IAAI;YACxB,cAAc,EAAE,EAAE,GAAG,EAAE,GAAG,IAAI;YAC9B,OAAO,EAAE,EAAE,GAAG,EAAE,GAAG,IAAI;YACvB,KAAK,EAAE,KAAK;SACb,CAAC,CAAC;IACL,CAAC;IAED,oBAAoB,CAClB,QAAgB,EAChB,IAAY,EACZ,QAAgB,EAChB,IAAY,EACZ,QAAgB;QAEhB,IAAI,CAAC,IAAI,GAAG,KAAK,CAAC,UAAU,CAAC;YAC3B,IAAI,EAAE,QAAQ;YACd,IAAI,EAAE,IAAI;YACV,QAAQ,EAAE,QAAQ;YAClB,QAAQ,EAAE,QAAQ;YAClB,IAAI,EAAE,MAAM,CAAC,IAAI,CAAC;YAClB,kBAAkB,EAAE,IAAI;YACxB,eAAe,EAAE,EAAE;YACnB,UAAU,EAAE,CAAC;YACb,KAAK,EAAE,IAAI;SACZ,CAAC,CAAC;IACL,CAAC;IAED,gBAAgB,CACd,UAAU,GAAG,KAAK,EAClB,QAAiB,EACjB,IAAa,EACb,QAAiB,EACjB,IAAa;QAEb,IAAI;YACF,IAAI,UAAU,EAAE;gBACd,IAAI,CAAC,WAAW,CACd,gDAAgD,EAChD,OAAO,EACP,UAAU,EACV,MAAM,CACP,CAAC;aACH;iBAAM;gBACL,IAAI,CAAC,WAAW,CAAC,QAAS,EAAE,IAAK,EAAE,QAAS,EAAE,IAAK,CAAC,CAAC;aACtD;SACF;QAAC,OAAO,CAAC,EAAE;YACV,MAAM,CAAU,CAAC;SAClB;IACH,CAAC;IAED,KAAK,CAAC,KAAa,EAAE,GAAI;QACvB,OAAO,IAAI,OAAO,CAAC,CAAC,OAAO,EAAE,MAAM,EAAE,EAAE;YACrC,IAAI,CAAC,IAAI,CAAC,UAAU,EAAE;gBACpB,OAAO,MAAM,CAAC,IAAI,qBAAqB,CAAC,iBAAiB,CAAC,CAAC,CAAC;aAC7D;YACD,+CAA+C;YAC/C,qDAAqD;YACrD,mBAAmB;YACnB,eAAe;YACf,4DAA4D;YAC5D,QAAQ;YACR,QAAQ;YACR,IAAI;YAEJ,IAAI,CAAC,UAAU,CAAC,KAAK,CAAC,KAAK,EAAE,GAAG,EAAE,CAAC,KAAK,EAAE,OAAO,EAAE,EAAE;gBACnD,gEAAgE;gBAChE,KAAK,CAAC,CAAC,CAAC,MAAM,CAAC,IAAI,UAAU,CAAC,KAAK,CAAC,IAAI,CAAC,CAAC,CAAC,CAAC,CAAC,OAAO,CAAC,OAAO,CAAC,CAAC;YAChE,CAAC,CAAC,CAAC;QACL,CAAC,CAAC,CAAC;IACL,CAAC;IAED,SAAS,CAAC,KAAa,EAAE,GAAI;QAC3B,OAAO,IAAI,OAAO,CAAC,CAAC,OAAO,EAAE,MAAM,EAAE,EAAE;YACrC,IAAI,CAAC,IAAI,CAAC,IAAI,EAAE;gBACd,MAAM,CAAC,IAAI,qBAAqB,CAAC,iBAAiB,CAAC,CAAC,CAAC;gBACrD,OAAO;aACR;YACD,OAAO,CAAC,GAAG,CAAC,cAAc,CAAC,CAAC;YAE5B,IAAI,CAAC,IAAI,CAAC,aAAa,CAAC,CAAC,KAAiB,EAAE,IAAI,EAAE,EAAE;gBAClD,IAAI,KAAK,EAAE;oBACT,MAAM;oBACN,OAAO,CAAC,GAAG,CAAC,MAAM,EAAE,KAAK,CAAC,CAAC;oBAC3B,MAAM,CAAC,IAAI,0BAA0B,CAAC,KAAK,CAAC,IAAI,CAAC,CAAC,CAAC;oBACnD,OAAO;iBACR;gBACD,IAAI,CAAC,KAAK,CAAC,KAAK,EAAE,GAAG,EAAE,CAAC,KAAK,EAAE,OAAO,EAAE,EAAE;oBACxC,gEAAgE;oBAChE,OAAO,CAAC,GAAG,CAAC,eAAe,EAAE,KAAK,CAAC,CAAC;oBAEpC,IAAI,KAAK,EAAE;wBACT,MAAM,CAAC,IAAI,UAAU,CAAC,aAAa,CAAC,CAAC,CAAC;wBACtC,OAAO;qBACR;oBACD,IAAI,CAAC,OAAO,EAAE,CAAC;oBACf,OAAO,CAAC,OAAO,CAAC,CAAC;gBACnB,CAAC,CAAC,CAAC;YACL,CAAC,CAAC,CAAC;QACL,CAAC,CAAC,CAAC;IACL,CAAC;IAED,eAAe;QACb,IAAI,IAAI,CAAC,UAAU,EAAE;YACnB,IAAI,CAAC,UAAU,CAAC,GAAG,EAAE,CAAC;SACvB;IACH,CAAC;CACF;AArID,gCAqIC;AAOD,oDAAoD;AACpD,MAAa,MAAM;IACT,WAAW,GAAwB,EAAE,CAAC;IAEvC,MAAM,CAAC,YAAoB,EAAE,IAAa;QAC/C,IAAI,CAAC,QAAQ,CAAC,YAAY,EAAE,QAAQ,EAAE,IAAI,CAAC,CAAC;IAC9C,CAAC;IAEM,GAAG,CAAC,YAAoB,EAAE,IAAa;QAC5C,IAAI,CAAC,QAAQ,CAAC,YAAY,EAAE,KAAK,EAAE,IAAI,CAAC,CAAC;IAC3C,CAAC;IAEM,IAAI,CAAC,YAAoB,EAAE,IAAa;QAC7C,IAAI,CAAC,QAAQ,CAAC,YAAY,EAAE,MAAM,EAAE,IAAI,CAAC,CAAC;IAC5C,CAAC;IAEM,GAAG,CAAC,YAAoB,EAAE,IAAa;QAC5C,IAAI,CAAC,QAAQ,CAAC,YAAY,EAAE,KAAK,EAAE,IAAI,CAAC,CAAC;IAC3C,CAAC;IAEM,KAAK,CAAC,KAAK,CAAC,KAAK;QACtB,OAAO,CAAC,GAAG,CAAC,IAAI,CAAC,WAAW,CAAC,CAAC;QAC9B,IAAI,CAAC,KAAK,CAAC,cAAc,EAAE;YACzB,OAAO,EAAE,UAAU,EAAE,GAAG,EAAE,IAAI,EAAE,iCAAiC,EAAE,CAAC;SACrE;QAED,MAAM,IAAI,GAAG,KAAK,CAAC,cAAc,CAAC,YAAY,CAAC;QAC/C,MAAM,MAAM,GAAG,KAAK,CAAC,cAAc,CAAC,UAAU,CAAC;QAE/C,IAAI,CAAC,IAAI,CAAC,WAAW,CAAC,IAAI,CAAC,IAAI,CAAC,IAAI,CAAC,WAAW,CAAC,IAAI,CAAC,CAAC,MAAM,CAAC,EAAE;YAC9D,OAAO;gBACL,UAAU,EAAE,GAAG;gBACf,IAAI,EAAE,yBAAyB,GAAG,IAAI,GAAG,MAAM;aAChD,CAAC;SACH;QAED,2DAA2D;QAC3D,OAAO,IAAI,CAAC,WAAW,CAAC,KAAK,CAAC,cAAc,CAAC,YAAY,CAAC,CACxD,KAAK,CAAC,cAAc,CAAC,UAAU,CAChC,CAAC,KAAK,CAAC,CAAC;IACX,CAAC;IAEM,KAAK,CAAC,eAAe,CAC1B,KAAK;QAEL,OAAO,CAAC,GAAG,CAAC,IAAI,CAAC,WAAW,CAAC,CAAC;QAC9B,IAAI,GAAG,GAAG,EAAE,CAAC;QACb,IAAI,CAAC,KAAK,CAAC,cAAc,EAAE;YACzB,GAAG,GAAG,iCAAiC,CAAC;YACxC,IAAA,kCAAc,EAAC,EAAE,UAAU,EAAE,GAAG,EAAE,OAAO,EAAE,GAAG,EAAE,CAAC,CAAC;SACnD;QAED,MAAM,IAAI,GAAG,KAAK,CAAC,cAAc,CAAC,YAAY,CAAC;QAC/C,MAAM,MAAM,GAAG,KAAK,CAAC,cAAc,CAAC,UAAU,CAAC;QAE/C,IAAI,CAAC,IAAI,CAAC,WAAW,CAAC,IAAI,CAAC,IAAI,CAAC,IAAI,CAAC,WAAW,CAAC,IAAI,CAAC,CAAC,MAAM,CAAC,EAAE;YAC9D,GAAG,GAAG,yBAAyB,GAAG,IAAI,GAAG,MAAM,CAAC;SACjD;QACD,IAAI,GAAG,IAAI,EAAE;YAAE,IAAA,kCAAc,EAAC,EAAE,UAAU,EAAE,GAAG,EAAE,OAAO,EAAE,GAAG,EAAE,CAAC,CAAC;QAEjE,2DAA2D;QAC3D,OAAO,IAAI,CAAC,WAAW,CAAC,KAAK,CAAC,cAAc,CAAC,YAAY,CAAC,CACxD,KAAK,CAAC,cAAc,CAAC,UAAU,CAChC,CAAC,KAAK,CAAC,CAAC;IACX,CAAC;IAEO,QAAQ,CAAC,YAAoB,EAAE,UAAkB,EAAE,IAAa;QACtE,IAAI,CAAC,IAAI,CAAC,WAAW,CAAC,YAAY,CAAC,EAAE;YACnC,IAAI,CAAC,WAAW,CAAC,YAAY,CAAC,GAAG,EAAE,CAAC;SACrC;QAED,IAAI,CAAC,WAAW,CAAC,YAAY,CAAC,CAAC,UAAU,CAAC,GAAG,IAAI,CAAC;IACpD,CAAC;CACF;AAxED,wBAwEC;AAED,MAAa,YAAa,SAAQ,KAAK;IACrC,UAAU,CAAS;IAEnB,YAAY,GAAW;QACrB,KAAK,CAAC,GAAG,CAAC,CAAC;IACb,CAAC;CACF;AAND,oCAMC;AAED,MAAa,aAAc,SAAQ,YAAY;IAC7C,UAAU,GAAG,GAAG,CAAC;CAClB;AAFD,sCAEC;AAED,MAAa,UAAW,SAAQ,YAAY;IAC1C,UAAU,GAAG,GAAG,CAAC;CAClB;AAFD,gCAEC;AAED,MAAM,0BAA2B,SAAQ,YAAY;IACnD,UAAU,GAAG,GAAG,CAAC;CAClB;AAED,MAAM,qBAAsB,SAAQ,YAAY;IAC9C,UAAU,GAAG,GAAG,CAAC;CAClB;AAEY,QAAA,oBAAoB,GAAG,IAAI,UAAU,EAAE,CAAC","sourcesContent":["import * as mysql from 'mysql';\nimport { MysqlError, Query } from 'mysql';\nimport { errorGenerator } from '/opt/customError-layer';\n\nexport class SQLManager {\n  private connection: null | mysql.Connection;\n  private pool: null | mysql.Pool;\n  constructor() {\n    this.createConnectionPool(\n      'sqldb.cyg4txabxn5r.us-west-2.rds.amazonaws.com',\n      'admin',\n      'password',\n      '3306',\n      'sqlDB'\n    );\n  }\n\n  private connectToDB(\n    hostname: string,\n    user: string,\n    password: string,\n    port: string\n  ): void {\n    if (this.connection?.state === 'connected') {\n      return;\n    }\n    this.connection = mysql.createConnection({\n      host: hostname,\n      user: user,\n      password: password,\n      port: Number(port),\n      multipleStatements: true,\n      connectTimeout: 60 * 60 * 1000,\n      timeout: 60 * 60 * 1000,\n      debug: false,\n    });\n  }\n\n  createConnectionPool(\n    hostname: string,\n    user: string,\n    password: string,\n    port: string,\n    database: string\n  ): void {\n    this.pool = mysql.createPool({\n      host: hostname,\n      user: user,\n      database: database,\n      password: password,\n      port: Number(port),\n      waitForConnections: true,\n      connectionLimit: 10,\n      queueLimit: 0,\n      debug: true,\n    });\n  }\n\n  createConnection(\n    useDefault = false,\n    hostname?: string,\n    user?: string,\n    password?: string,\n    port?: string\n  ): void {\n    try {\n      if (useDefault) {\n        this.connectToDB(\n          'sqldb.cyg4txabxn5r.us-west-2.rds.amazonaws.com',\n          'admin',\n          'password',\n          '3306'\n        );\n      } else {\n        this.connectToDB(hostname!, user!, password!, port!);\n      }\n    } catch (e) {\n      throw e as Error;\n    }\n  }\n\n  query(query: string, set?): Promise<Query | any[]> {\n    return new Promise((resolve, reject) => {\n      if (!this.connection) {\n        return reject(new FailedDependencyError('Connection Null'));\n      }\n      // if (this.connection.state !== 'connected') {\n      //   this.connection.connect((error: MysqlError) => {\n      //     if (error) {\n      //       // 599\n      //       reject(new NetworkConnectTimeoutError(error.code));\n      //     }\n      //   });\n      // }\n\n      this.connection.query(query, set, (error, results) => {\n        // todo find types of query errors to return correct status code\n        error ? reject(new BadRequest(error.code)) : resolve(results);\n      });\n    });\n  }\n\n  queryPool(query: string, set?): Promise<Query> {\n    return new Promise((resolve, reject) => {\n      if (!this.pool) {\n        reject(new FailedDependencyError('Connection Null'));\n        return;\n      }\n      console.log('in queryPool');\n\n      this.pool.getConnection((error: MysqlError, conn) => {\n        if (error) {\n          // 599\n          console.log('err1', error);\n          reject(new NetworkConnectTimeoutError(error.code));\n          return;\n        }\n        conn.query(query, set, (error, results) => {\n          // todo find types of query errors to return correct status code\n          console.log('<<query :::: ', query);\n\n          if (error) {\n            reject(new BadRequest('Bad Request'));\n            return;\n          }\n          conn.release();\n          resolve(results);\n        });\n      });\n    });\n  }\n\n  closeConnection(): void {\n    if (this.connection) {\n      this.connection.end();\n    }\n  }\n}\n\n// Promise<{ statusCode: number; body: string } |\nexport type handler = (event?) => Promise<any>;\nexport type response = Promise<any>;\ntype Dict<T> = { [key: string]: T };\n\n// A router to manage routes in the style of express\nexport class Router {\n  private route_table: Dict<Dict<handler>> = {};\n\n  public delete(resourcePath: string, func: handler) {\n    this.addRoute(resourcePath, 'DELETE', func);\n  }\n\n  public get(resourcePath: string, func: handler) {\n    this.addRoute(resourcePath, 'GET', func);\n  }\n\n  public post(resourcePath: string, func: handler) {\n    this.addRoute(resourcePath, 'POST', func);\n  }\n\n  public put(resourcePath: string, func: handler) {\n    this.addRoute(resourcePath, 'PUT', func);\n  }\n\n  public async route(event): Promise<{ statusCode: number; body: string }> {\n    console.log(this.route_table);\n    if (!event.requestContext) {\n      return { statusCode: 407, body: 'ROUTE - expected requestContext' };\n    }\n\n    const path = event.requestContext.resourcePath;\n    const method = event.requestContext.httpMethod;\n\n    if (!this.route_table[path] || !this.route_table[path][method]) {\n      return {\n        statusCode: 405,\n        body: 'ROUTE - Invalid route: ' + path + method,\n      };\n    }\n\n    // calls the function assigned based on the path and method\n    return this.route_table[event.requestContext.resourcePath][\n      event.requestContext.httpMethod\n    ](event);\n  }\n\n  public async routeThrowError(\n    event\n  ): Promise<{ statusCode: number; body: string }> {\n    console.log(this.route_table);\n    let msg = '';\n    if (!event.requestContext) {\n      msg = 'ROUTE - expected requestContext';\n      errorGenerator({ statusCode: 406, message: msg });\n    }\n\n    const path = event.requestContext.resourcePath;\n    const method = event.requestContext.httpMethod;\n\n    if (!this.route_table[path] || !this.route_table[path][method]) {\n      msg = 'ROUTE - Invalid route: ' + path + method;\n    }\n    if (msg != '') errorGenerator({ statusCode: 405, message: msg });\n\n    // calls the function assigned based on the path and method\n    return this.route_table[event.requestContext.resourcePath][\n      event.requestContext.httpMethod\n    ](event);\n  }\n\n  private addRoute(resourcePath: string, httpMethod: string, func: handler) {\n    if (!this.route_table[resourcePath]) {\n      this.route_table[resourcePath] = {};\n    }\n\n    this.route_table[resourcePath][httpMethod] = func;\n  }\n}\n\nexport class NetworkError extends Error {\n  statusCode: number;\n\n  constructor(msg: string) {\n    super(msg);\n  }\n}\n\nexport class NotFoundError extends NetworkError {\n  statusCode = 404;\n}\n\nexport class BadRequest extends NetworkError {\n  statusCode = 400;\n}\n\nclass NetworkConnectTimeoutError extends NetworkError {\n  statusCode = 599;\n}\n\nclass FailedDependencyError extends NetworkError {\n  statusCode = 424;\n}\n\nexport const SQLConnectionManager = new SQLManager();\n"]},"all":true},"/Users/mgbalantzyan/projects/cpsc319/JungleCart/backend/dist/src/database/mock/data.js":{"path":"/Users/mgbalantzyan/projects/cpsc319/JungleCart/backend/dist/src/database/mock/data.js","statementMap":{"0":{"start":{"line":3,"column":0},"end":{"line":3,"column":62}},"1":{"start":{"line":4,"column":0},"end":{"line":4,"column":109}},"2":{"start":{"line":5,"column":0},"end":{"line":40,"column":2}},"3":{"start":{"line":41,"column":0},"end":{"line":109,"column":2}},"4":{"start":{"line":110,"column":0},"end":{"line":172,"column":2}},"5":{"start":{"line":173,"column":0},"end":{"line":272,"column":2}},"6":{"start":{"line":273,"column":0},"end":{"line":589,"column":2}},"7":{"start":{"line":590,"column":0},"end":{"line":831,"column":2}}},"fnMap":{},"branchMap":{},"s":{"0":0,"1":0,"2":0,"3":0,"4":0,"5":0,"6":0,"7":0},"f":{},"b":{},"inputSourceMap":{"version":3,"file":"data.js","sourceRoot":"","sources":["../../../../src/database/mock/data.ts"],"names":[],"mappings":";AAAA,+BAA+B;;;AAElB,QAAA,IAAI,GAAG;IAClB,KAAK,EAAE;QACL;YACE,EAAE,EAAE,CAAC;YACL,UAAU,EAAE,QAAQ;YACpB,SAAS,EAAE,OAAO;YAClB,KAAK,EAAE,kBAAkB;SAC1B;QACD;YACE,EAAE,EAAE,CAAC;YACL,UAAU,EAAE,QAAQ;YACpB,SAAS,EAAE,OAAO;YAClB,KAAK,EAAE,kBAAkB;SAC1B;KACF;IACD,KAAK,EAAE;QACL;YACE,EAAE,EAAE,CAAC;YACL,UAAU,EAAE,OAAO;YACnB,SAAS,EAAE,KAAK;YAChB,KAAK,EAAE,oBAAoB;SAC5B;QACD;YACE,EAAE,EAAE,CAAC;YACL,UAAU,EAAE,OAAO;YACnB,SAAS,EAAE,SAAS;YACpB,KAAK,EAAE,wBAAwB;SAChC;QACD;YACE,EAAE,EAAE,CAAC;YACL,UAAU,EAAE,OAAO;YACnB,SAAS,EAAE,MAAM;YACjB,KAAK,EAAE,qBAAqB;SAC7B;KACF;CACF,CAAC;AAEW,QAAA,KAAK,GAAG;IACnB;QACE,OAAO,EAAE,kDAAkD;QAC3D,MAAM,EAAE;YACN;gBACE,EAAE,EAAE,CAAC;gBACL,MAAM,EAAE,YAAY;gBACpB,QAAQ,EAAE;oBACR;wBACE,EAAE,EAAE,CAAC;wBACL,WAAW,EAAE,aAAa;wBAC1B,IAAI,EAAE,wKAAwK;wBAC9K,KAAK,EAAE,IAAI;wBACX,WAAW,EACT,2PAA2P;wBAC7P,GAAG,EAAE;4BACH,iEAAiE;yBAClE;wBACD,QAAQ,EAAE,CAAC;wBACX,eAAe,EAAE,WAAW;qBAC7B;oBACD;wBACE,EAAE,EAAE,CAAC;wBACL,WAAW,EAAE,aAAa;wBAC1B,IAAI,EAAE,8EAA8E;wBACpF,KAAK,EAAE,KAAK;wBACZ,WAAW,EACT,yoBAAyoB;wBAC3oB,GAAG,EAAE;4BACH,iEAAiE;yBAClE;wBACD,QAAQ,EAAE,CAAC;wBACX,eAAe,EAAE,WAAW;qBAC7B;iBACF;gBACD,UAAU,EAAE,YAAY;aACzB;YACD;gBACE,EAAE,EAAE,CAAC;gBACL,MAAM,EAAE,SAAS;gBACjB,QAAQ,EAAE;oBACR;wBACE,EAAE,EAAE,CAAC;wBACL,WAAW,EAAE,aAAa;wBAC1B,IAAI,EAAE,6EAA6E;wBACnF,KAAK,EAAE,IAAI;wBACX,WAAW,EACT,mWAAmW;wBACrW,GAAG,EAAE;4BACH,iEAAiE;yBAClE;wBACD,QAAQ,EAAE,CAAC;wBACX,eAAe,EAAE,SAAS;qBAC3B;oBACD;wBACE,EAAE,EAAE,CAAC;wBACL,WAAW,EAAE,aAAa;wBAC1B,IAAI,EAAE,mIAAmI;wBACzI,KAAK,EAAE,IAAI;wBACX,WAAW,EACT,iQAAiQ;wBACnQ,GAAG,EAAE;4BACH,iEAAiE;yBAClE;wBACD,QAAQ,EAAE,CAAC;wBACX,eAAe,EAAE,SAAS;qBAC3B;iBACF;gBACD,UAAU,EAAE,YAAY;aACzB;SACF;KACF;CACF,CAAC;AAEW,QAAA,MAAM,GAAG;IACpB,iHAAiH;IACjH;QACE,QAAQ,EAAE;YACR;gBACE,WAAW,EAAE,aAAa;gBAC1B,EAAE,EAAE,CAAC;gBACL,IAAI,EAAE,wKAAwK;gBAC9K,KAAK,EAAE,IAAI;gBACX,QAAQ,EAAE,EAAE;gBACZ,WAAW,EACT,2PAA2P;gBAC7P,MAAM,EAAE,SAAS;gBACjB,OAAO,EAAE,4BAA4B;gBACrC,GAAG,EAAE,iEAAiE;gBACtE,WAAW,EAAE,CAAC;gBACd,cAAc,EAAE,EAAE;gBAClB,IAAI,EAAE,CAAC;aACR;YACD;gBACE,WAAW,EAAE,aAAa;gBAC1B,EAAE,EAAE,CAAC;gBACL,IAAI,EAAE,8EAA8E;gBACpF,KAAK,EAAE,KAAK;gBACZ,QAAQ,EAAE,CAAC;gBACX,WAAW,EACT,yoBAAyoB;gBAC3oB,MAAM,EAAE,SAAS;gBACjB,OAAO,EAAE,4BAA4B;gBACrC,WAAW,EAAE,CAAC;gBACd,GAAG,EAAE,iEAAiE;gBACtE,cAAc,EAAE,GAAG;gBACnB,IAAI,EAAE,CAAC;aACR;YACD;gBACE,WAAW,EAAE,aAAa;gBAC1B,EAAE,EAAE,CAAC;gBACL,IAAI,EAAE,6EAA6E;gBACnF,KAAK,EAAE,IAAI;gBACX,QAAQ,EAAE,CAAC;gBACX,WAAW,EACT,mWAAmW;gBACrW,MAAM,EAAE,SAAS;gBACjB,OAAO,EAAE,4BAA4B;gBACrC,WAAW,EAAE,CAAC;gBACd,GAAG,EAAE,iEAAiE;gBACtE,cAAc,EAAE,EAAE;gBAClB,IAAI,EAAE,CAAC;aACR;YACD;gBACE,WAAW,EAAE,aAAa;gBAC1B,EAAE,EAAE,CAAC;gBACL,IAAI,EAAE,mIAAmI;gBACzI,KAAK,EAAE,IAAI;gBACX,QAAQ,EAAE,CAAC;gBACX,WAAW,EACT,iQAAiQ;gBACnQ,MAAM,EAAE,SAAS;gBACjB,OAAO,EAAE,4BAA4B;gBACrC,WAAW,EAAE,CAAC;gBACd,GAAG,EAAE,iEAAiE;gBACtE,cAAc,EAAE,EAAE;gBAClB,IAAI,EAAE,CAAC;aACR;SACF;KACF;CACF,CAAC;AAEW,QAAA,MAAM,GAAG;IACpB;QACE,EAAE,EAAE,CAAC;QACL,MAAM,EAAE,aAAa;QACrB,QAAQ,EAAE;YACR;gBACE,EAAE,EAAE,CAAC;gBACL,WAAW,EAAE,YAAY;gBACzB,IAAI,EAAE,uBAAuB;gBAC7B,KAAK,EAAE,KAAK;gBACZ,WAAW,EACT,4VAA4V;gBAC9V,GAAG,EAAE,0HAA0H;gBAC/H,QAAQ,EAAE,CAAC;gBACX,eAAe,EAAE,SAAS;aAC3B;YACD;gBACE,EAAE,EAAE,CAAC;gBACL,WAAW,EAAE,YAAY;gBACzB,IAAI,EAAE,0DAA0D;gBAChE,KAAK,EAAE,IAAI;gBACX,WAAW,EACT,kSAAkS;gBACpS,GAAG,EAAE,iEAAiE;gBACtE,QAAQ,EAAE,CAAC;gBACX,eAAe,EAAE,UAAU;aAC5B;SACF;QACD,UAAU,EAAE,YAAY;KACzB;IACD;QACE,EAAE,EAAE,CAAC;QACL,MAAM,EAAE,SAAS;QACjB,QAAQ,EAAE;YACR;gBACE,EAAE,EAAE,CAAC;gBACL,WAAW,EAAE,YAAY;gBACzB,IAAI,EAAE,sEAAsE;gBAC5E,KAAK,EAAE,KAAK;gBACZ,WAAW,EACT,gTAAgT;gBAClT,GAAG,EAAE,iEAAiE;gBACtE,QAAQ,EAAE,GAAG;gBACb,eAAe,EAAE,aAAa;aAC/B;YACD;gBACE,EAAE,EAAE,EAAE;gBACN,WAAW,EAAE,aAAa;gBAC1B,IAAI,EAAE,iCAAiC;gBACvC,KAAK,EAAE,KAAK;gBACZ,WAAW,EACT,6KAA6K;gBAC/K,GAAG,EAAE,gEAAgE;gBACrE,QAAQ,EAAE,CAAC;gBACX,eAAe,EAAE,SAAS;aAC3B;SACF;QACD,UAAU,EAAE,YAAY;KACzB;IACD;QACE,EAAE,EAAE,CAAC;QACL,MAAM,EAAE,WAAW;QACnB,QAAQ,EAAE;YACR;gBACE,EAAE,EAAE,CAAC;gBACL,WAAW,EAAE,YAAY;gBACzB,IAAI,EAAE,6EAA6E;gBACnF,KAAK,EAAE,MAAM;gBACb,WAAW,EACT,oJAAoJ;gBACtJ,GAAG,EAAE,iEAAiE;gBACtE,QAAQ,EAAE,CAAC;gBACX,eAAe,EAAE,SAAS;aAC3B;SACF;QACD,UAAU,EAAE,YAAY;KACzB;IACD;QACE,EAAE,EAAE,CAAC;QACL,MAAM,EAAE,WAAW;QACnB,QAAQ,EAAE;YACR;gBACE,EAAE,EAAE,EAAE;gBACN,WAAW,EAAE,aAAa;gBAC1B,IAAI,EAAE,6EAA6E;gBACnF,KAAK,EAAE,IAAI;gBACX,WAAW,EACT,mZAAmZ;gBACrZ,GAAG,EAAE,iEAAiE;gBACtE,QAAQ,EAAE,CAAC;gBACX,eAAe,EAAE,WAAW;aAC7B;YACD;gBACE,EAAE,EAAE,EAAE;gBACN,WAAW,EAAE,aAAa;gBAC1B,IAAI,EAAE,qGAAqG;gBAC3G,KAAK,EAAE,KAAK;gBACZ,WAAW,EACT,8RAA8R;gBAChS,GAAG,EAAE,iEAAiE;gBACtE,QAAQ,EAAE,CAAC;gBACX,eAAe,EAAE,WAAW;aAC7B;SACF;QACD,UAAU,EAAE,YAAY;KACzB;CACF,CAAC;AAEW,QAAA,OAAO,GAAG;IACrB;QACE,EAAE,EAAE,CAAC;QACL,SAAS,EAAE,CAAC;QACZ,IAAI,EAAE,wKAAwK;QAC9K,KAAK,EAAE,IAAI;QACX,QAAQ,EAAE,EAAE;QACZ,WAAW,EACT,2PAA2P;QAC7P,cAAc,EAAE,EAAE;QAClB,MAAM,EAAE,SAAS;QACjB,OAAO,EAAE,4BAA4B;QACrC,mBAAmB,EAAE;YACnB;gBACE,MAAM,EAAE,IAAI;gBACZ,QAAQ,EAAE,IAAI,EAAE,mBAAmB;aACpC;SACF;QACD,GAAG,EAAE,iEAAiE;QACtE,WAAW,EAAE,CAAC;KACf;IACD;QACE,EAAE,EAAE,CAAC;QACL,SAAS,EAAE,CAAC;QACZ,IAAI,EAAE,8EAA8E;QACpF,KAAK,EAAE,KAAK;QACZ,QAAQ,EAAE,CAAC;QACX,WAAW,EACT,yoBAAyoB;QAC3oB,cAAc,EAAE,GAAG;QACnB,MAAM,EAAE,SAAS;QACjB,OAAO,EAAE,4BAA4B;QACrC,mBAAmB,EAAE;YACnB;gBACE,MAAM,EAAE,IAAI;gBACZ,QAAQ,EAAE,IAAI,EAAE,mBAAmB;aACpC;SACF;QACD,GAAG,EAAE,iEAAiE;QACtE,WAAW,EAAE,CAAC;KACf;IACD;QACE,EAAE,EAAE,CAAC;QACL,SAAS,EAAE,CAAC;QACZ,IAAI,EAAE,6EAA6E;QACnF,KAAK,EAAE,IAAI;QACX,QAAQ,EAAE,CAAC;QACX,WAAW,EACT,mWAAmW;QACrW,cAAc,EAAE,EAAE;QAClB,MAAM,EAAE,SAAS;QACjB,OAAO,EAAE,4BAA4B;QACrC,mBAAmB,EAAE;YACnB;gBACE,MAAM,EAAE,IAAI;gBACZ,QAAQ,EAAE,IAAI,EAAE,mBAAmB;aACpC;SACF;QACD,GAAG,EAAE,iEAAiE;QACtE,WAAW,EAAE,CAAC;KACf;IACD;QACE,EAAE,EAAE,CAAC;QACL,SAAS,EAAE,CAAC;QACZ,IAAI,EAAE,mIAAmI;QACzI,KAAK,EAAE,IAAI;QACX,QAAQ,EAAE,CAAC;QACX,WAAW,EACT,iQAAiQ;QACnQ,cAAc,EAAE,EAAE;QAClB,MAAM,EAAE,SAAS;QACjB,OAAO,EAAE,4BAA4B;QACrC,mBAAmB,EAAE;YACnB,MAAM,EAAE,IAAI;YACZ,QAAQ,EAAE,IAAI,EAAE,mBAAmB;SACpC;QACD,GAAG,EAAE,iEAAiE;QACtE,WAAW,EAAE,CAAC;KACf;IACD;QACE,EAAE,EAAE,CAAC;QACL,SAAS,EAAE,CAAC;QACZ,IAAI,EAAE,oIAAoI;QAC1I,KAAK,EAAE,MAAM;QACb,QAAQ,EAAE,CAAC;QACX,WAAW,EACT,iXAAiX;QACnX,cAAc,EAAE,EAAE;QAClB,MAAM,EAAE,SAAS;QACjB,OAAO,EAAE,4BAA4B;QACrC,mBAAmB,EAAE;YACnB,MAAM,EAAE,IAAI;YACZ,QAAQ,EAAE,IAAI,EAAE,mBAAmB;SACpC;QACD,GAAG,EAAE,iEAAiE;QACtE,WAAW,EAAE,CAAC;KACf;IACD;QACE,EAAE,EAAE,CAAC;QACL,SAAS,EAAE,CAAC;QACZ,IAAI,EAAE,uBAAuB;QAC7B,KAAK,EAAE,KAAK;QACZ,WAAW,EACT,4VAA4V;QAC9V,MAAM,EAAE,UAAU;QAClB,QAAQ,EAAE,IAAI;QACd,cAAc,EAAE,CAAC;QACjB,OAAO,EAAE,8BAA8B;QACvC,sBAAsB,EAAE,YAAY;QACpC,mBAAmB,EAAE;YACnB,MAAM,EAAE,IAAI;SACb;QACD,GAAG,EAAE,iEAAiE;QACtE,WAAW,EAAE,CAAC;KACf;IACD;QACE,EAAE,EAAE,CAAC;QACL,SAAS,EAAE,CAAC;QACZ,IAAI,EAAE,0DAA0D;QAChE,KAAK,EAAE,IAAI;QACX,QAAQ,EAAE,IAAI;QACd,WAAW,EACT,kSAAkS;QACpS,cAAc,EAAE,CAAC;QACjB,MAAM,EAAE,UAAU;QAClB,OAAO,EAAE,wBAAwB;QACjC,sBAAsB,EAAE,YAAY;QACpC,mBAAmB,EAAE;YACnB,MAAM,EAAE,IAAI;YACZ,QAAQ,EAAE,EAAE;SACb;QACD,GAAG,EAAE,iEAAiE;QACtE,WAAW,EAAE,CAAC;KACf;IACD;QACE,EAAE,EAAE,CAAC;QACL,SAAS,EAAE,CAAC;QACZ,IAAI,EAAE,6EAA6E;QACnF,KAAK,EAAE,MAAM;QACb,QAAQ,EAAE,EAAE;QACZ,WAAW,EACT,oJAAoJ;QACtJ,cAAc,EAAE,CAAC;QACjB,MAAM,EAAE,cAAc;QACtB,OAAO,EAAE,wBAAwB;QACjC,sBAAsB,EAAE,YAAY;QACpC,mBAAmB,EAAE;YACnB,MAAM,EAAE,QAAQ;YAChB,QAAQ,EAAE,EAAE;SACb;QACD,GAAG,EAAE,iEAAiE;QACtE,WAAW,EAAE,CAAC;KACf;IACD;QACE,EAAE,EAAE,CAAC;QACL,SAAS,EAAE,GAAG;QACd,IAAI,EAAE,sBAAsB;QAC5B,KAAK,EAAE,MAAM;QACb,SAAS,EAAE,IAAI;QACf,WAAW,EACT,6LAA6L;QAC/L,OAAO,EAAE,4BAA4B;QACrC,MAAM,EAAE,WAAW;QACnB,GAAG,EAAE,iFAAiF;QACtF,UAAU,EAAE,qBAAqB;QACjC,UAAU,EAAE,qBAAqB;QACjC,mBAAmB,EAAE;YACnB,MAAM,EAAE,QAAQ;YAChB,QAAQ,EAAE,EAAE;SACb;QACD,cAAc,EAAE,EAAE;QAClB,WAAW,EAAE,CAAC;KACf;IACD;QACE,EAAE,EAAE,EAAE;QACN,SAAS,EAAE,GAAG;QACd,IAAI,EAAE,iCAAiC;QACvC,KAAK,EAAE,OAAO;QACd,SAAS,EAAE,KAAK;QAChB,WAAW,EACT,wIAAwI;QAC1I,OAAO,EAAE,2BAA2B;QACpC,MAAM,EAAE,WAAW;QACnB,GAAG,EAAE,kGAAkG;QACvG,mBAAmB,EAAE;YACnB,MAAM,EAAE,QAAQ;YAChB,QAAQ,EAAE,EAAE;SACb;QACD,UAAU,EAAE,qBAAqB;QACjC,UAAU,EAAE,qBAAqB;QACjC,cAAc,EAAE,GAAG;QACnB,WAAW,EAAE,CAAC;KACf;IAED;QACE,EAAE,EAAE,EAAE;QACN,SAAS,EAAE,GAAG;QACd,IAAI,EAAE,sCAAsC;QAC5C,KAAK,EAAE,MAAM;QACb,SAAS,EAAE,KAAK;QAChB,WAAW,EACT,6IAA6I;QAC/I,OAAO,EAAE,2BAA2B;QACpC,MAAM,EAAE,WAAW;QACnB,GAAG,EAAE,oNAAoN;QACzN,mBAAmB,EAAE;YACnB,MAAM,EAAE,QAAQ;YAChB,QAAQ,EAAE,EAAE;SACb;QACD,UAAU,EAAE,qBAAqB;QACjC,UAAU,EAAE,qBAAqB;QACjC,cAAc,EAAE,EAAE;QAClB,WAAW,EAAE,CAAC;KACf;IAED;QACE,EAAE,EAAE,EAAE;QACN,SAAS,EAAE,GAAG;QACd,IAAI,EAAE,iBAAiB;QACvB,KAAK,EAAE,OAAO;QACd,SAAS,EAAE,IAAI;QACf,WAAW,EACT,+HAA+H;QACjI,OAAO,EAAE,4BAA4B;QACrC,MAAM,EAAE,WAAW;QACnB,GAAG,EAAE,iEAAiE;QACtE,mBAAmB,EAAE;YACnB,MAAM,EAAE,QAAQ;YAChB,QAAQ,EAAE,EAAE;SACb;QACD,UAAU,EAAE,qBAAqB;QACjC,UAAU,EAAE,qBAAqB;QACjC,cAAc,EAAE,EAAE;QAClB,WAAW,EAAE,CAAC;KACf;IACD;QACE,EAAE,EAAE,EAAE;QACN,SAAS,EAAE,GAAG;QACd,IAAI,EAAE,iBAAiB;QACvB,KAAK,EAAE,IAAI;QACX,SAAS,EAAE,IAAI;QACf,WAAW,EAAE,mDAAmD;QAChE,OAAO,EAAE,0BAA0B;QACnC,MAAM,EAAE,WAAW;QACnB,GAAG,EAAE,2IAA2I;QAChJ,mBAAmB,EAAE;YACnB,MAAM,EAAE,QAAQ;YAChB,QAAQ,EAAE,EAAE;SACb;QACD,UAAU,EAAE,qBAAqB;QACjC,UAAU,EAAE,qBAAqB;QACjC,cAAc,EAAE,GAAG;QACnB,WAAW,EAAE,CAAC;KACf;IACD;QACE,EAAE,EAAE,EAAE;QACN,SAAS,EAAE,GAAG;QACd,IAAI,EAAE,gBAAgB;QACtB,KAAK,EAAE,IAAI;QACX,SAAS,EAAE,KAAK;QAChB,WAAW,EAAE,wDAAwD;QACrE,OAAO,EAAE,yBAAyB;QAClC,MAAM,EAAE,WAAW;QACnB,GAAG,EAAE,iEAAiE;QACtE,mBAAmB,EAAE;YACnB,MAAM,EAAE,QAAQ;YAChB,QAAQ,EAAE,EAAE;SACb;QACD,UAAU,EAAE,qBAAqB;QACjC,UAAU,EAAE,qBAAqB;QACjC,cAAc,EAAE,EAAE;QAClB,WAAW,EAAE,CAAC;KACf;IACD;QACE,EAAE,EAAE,EAAE;QACN,SAAS,EAAE,GAAG;QACd,IAAI,EAAE,sBAAsB;QAC5B,KAAK,EAAE,IAAI;QACX,SAAS,EAAE,IAAI;QACf,WAAW,EACT,kEAAkE;QACpE,OAAO,EAAE,yBAAyB;QAClC,MAAM,EAAE,WAAW;QACnB,GAAG,EAAE,8FAA8F;QACnG,mBAAmB,EAAE;YACnB,MAAM,EAAE,QAAQ;YAChB,QAAQ,EAAE,EAAE;SACb;QACD,UAAU,EAAE,qBAAqB;QACjC,UAAU,EAAE,qBAAqB;QACjC,cAAc,EAAE,GAAG;QACnB,WAAW,EAAE,CAAC;KACf;IACD;QACE,EAAE,EAAE,EAAE;QACN,SAAS,EAAE,GAAG;QACd,IAAI,EAAE,yBAAyB;QAC/B,KAAK,EAAE,IAAI;QACX,SAAS,EAAE,KAAK;QAChB,WAAW,EAAE,6DAA6D;QAC1E,OAAO,EAAE,2BAA2B;QACpC,MAAM,EAAE,WAAW;QACnB,GAAG,EAAE,gGAAgG;QACrG,mBAAmB,EAAE;YACnB,MAAM,EAAE,QAAQ;YAChB,QAAQ,EAAE,EAAE;SACb;QACD,UAAU,EAAE,qBAAqB;QACjC,UAAU,EAAE,qBAAqB;QACjC,cAAc,EAAE,GAAG;QACnB,WAAW,EAAE,CAAC;KACf;IACD;QACE,EAAE,EAAE,EAAE;QACN,SAAS,EAAE,GAAG;QACd,IAAI,EAAE,oBAAoB;QAC1B,KAAK,EAAE,KAAK;QACZ,SAAS,EAAE,IAAI;QACf,WAAW,EAAE,4DAA4D;QACzE,OAAO,EAAE,0BAA0B;QACnC,MAAM,EAAE,WAAW;QACnB,GAAG,EAAE,oIAAoI;QACzI,mBAAmB,EAAE;YACnB,MAAM,EAAE,QAAQ;YAChB,QAAQ,EAAE,EAAE;SACb;QACD,UAAU,EAAE,qBAAqB;QACjC,UAAU,EAAE,qBAAqB;QACjC,cAAc,EAAE,EAAE;QAClB,WAAW,EAAE,CAAC;KACf;CACF,CAAC;AAEW,QAAA,QAAQ,GAAG;IACtB;QACE,WAAW,EAAE,aAAa;QAC1B,EAAE,EAAE,CAAC;QACL,IAAI,EAAE,wKAAwK;QAC9K,KAAK,EAAE,IAAI;QACX,QAAQ,EAAE,EAAE;QACZ,WAAW,EACT,2PAA2P;QAC7P,MAAM,EAAE,SAAS;QACjB,OAAO,EAAE,4BAA4B;QACrC,GAAG,EAAE,iEAAiE;QACtE,WAAW,EAAE,CAAC;QACd,cAAc,EAAE,EAAE;KACnB;IACD;QACE,WAAW,EAAE,YAAY;QACzB,EAAE,EAAE,CAAC;QACL,SAAS,EAAE,CAAC;QACZ,IAAI,EAAE,8EAA8E;QACpF,KAAK,EAAE,KAAK;QACZ,QAAQ,EAAE,CAAC;QACX,WAAW,EACT,yoBAAyoB;QAC3oB,MAAM,EAAE,SAAS;QACjB,OAAO,EAAE,4BAA4B;QACrC,WAAW,EAAE,CAAC;QACd,GAAG,EAAE,iEAAiE;QACtE,cAAc,EAAE,GAAG;KACpB;IACD;QACE,WAAW,EAAE,YAAY;QACzB,EAAE,EAAE,CAAC;QACL,SAAS,EAAE,CAAC;QACZ,IAAI,EAAE,6EAA6E;QACnF,KAAK,EAAE,IAAI;QACX,QAAQ,EAAE,CAAC;QACX,WAAW,EACT,mWAAmW;QACrW,MAAM,EAAE,SAAS;QACjB,OAAO,EAAE,4BAA4B;QACrC,WAAW,EAAE,CAAC;QACd,GAAG,EAAE,iEAAiE;QACtE,cAAc,EAAE,EAAE;KACnB;IACD;QACE,WAAW,EAAE,YAAY;QACzB,EAAE,EAAE,CAAC;QACL,SAAS,EAAE,CAAC;QACZ,IAAI,EAAE,mIAAmI;QACzI,KAAK,EAAE,IAAI;QACX,QAAQ,EAAE,CAAC;QACX,WAAW,EACT,iQAAiQ;QACnQ,MAAM,EAAE,SAAS;QACjB,OAAO,EAAE,4BAA4B;QACrC,WAAW,EAAE,CAAC;QACd,GAAG,EAAE,iEAAiE;QACtE,cAAc,EAAE,EAAE;KACnB;IACD;QACE,WAAW,EAAE,YAAY;QACzB,EAAE,EAAE,CAAC;QACL,SAAS,EAAE,CAAC;QACZ,IAAI,EAAE,oIAAoI;QAC1I,KAAK,EAAE,MAAM;QACb,QAAQ,EAAE,CAAC;QACX,WAAW,EACT,iXAAiX;QACnX,cAAc,EAAE,EAAE;QAClB,MAAM,EAAE,SAAS;QACjB,OAAO,EAAE,4BAA4B;QACrC,GAAG,EAAE,iEAAiE;QACtE,WAAW,EAAE,CAAC;KACf;IACD;QACE,WAAW,EAAE,YAAY;QACzB,EAAE,EAAE,CAAC;QACL,SAAS,EAAE,CAAC;QACZ,IAAI,EAAE,uBAAuB;QAC7B,KAAK,EAAE,KAAK;QACZ,WAAW,EACT,4VAA4V;QAC9V,MAAM,EAAE,UAAU;QAClB,QAAQ,EAAE,IAAI;QACd,cAAc,EAAE,CAAC;QACjB,OAAO,EAAE,8BAA8B;QACvC,sBAAsB,EAAE,YAAY;QACpC,GAAG,EAAE,iEAAiE;QACtE,WAAW,EAAE,CAAC;KACf;IACD;QACE,WAAW,EAAE,YAAY;QACzB,EAAE,EAAE,CAAC;QACL,SAAS,EAAE,CAAC;QACZ,IAAI,EAAE,0DAA0D;QAChE,KAAK,EAAE,IAAI;QACX,QAAQ,EAAE,IAAI;QACd,WAAW,EACT,kSAAkS;QACpS,cAAc,EAAE,CAAC;QACjB,MAAM,EAAE,UAAU;QAClB,OAAO,EAAE,wBAAwB;QACjC,sBAAsB,EAAE,YAAY;QACpC,GAAG,EAAE,iEAAiE;QACtE,WAAW,EAAE,CAAC;KACf;IACD;QACE,WAAW,EAAE,YAAY;QACzB,EAAE,EAAE,CAAC;QACL,SAAS,EAAE,CAAC;QACZ,IAAI,EAAE,6EAA6E;QACnF,KAAK,EAAE,MAAM;QACb,QAAQ,EAAE,EAAE;QACZ,WAAW,EACT,oJAAoJ;QACtJ,cAAc,EAAE,CAAC;QACjB,MAAM,EAAE,cAAc;QACtB,OAAO,EAAE,wBAAwB;QACjC,sBAAsB,EAAE,YAAY;QACpC,GAAG,EAAE,iEAAiE;QACtE,WAAW,EAAE,CAAC;KACf;IACD;QACE,WAAW,EAAE,YAAY;QACzB,EAAE,EAAE,CAAC;QACL,SAAS,EAAE,GAAG;QACd,IAAI,EAAE,sBAAsB;QAC5B,KAAK,EAAE,MAAM;QACb,SAAS,EAAE,IAAI;QACf,WAAW,EACT,6LAA6L;QAC/L,OAAO,EAAE,4BAA4B;QACrC,MAAM,EAAE,WAAW;QACnB,GAAG,EAAE,iFAAiF;QACtF,cAAc,EAAE,EAAE;QAClB,WAAW,EAAE,CAAC;KACf;IACD;QACE,WAAW,EAAE,aAAa;QAC1B,EAAE,EAAE,EAAE;QACN,SAAS,EAAE,GAAG;QACd,IAAI,EAAE,iCAAiC;QACvC,KAAK,EAAE,OAAO;QACd,SAAS,EAAE,KAAK;QAChB,WAAW,EACT,wIAAwI;QAC1I,OAAO,EAAE,2BAA2B;QACpC,MAAM,EAAE,WAAW;QACnB,GAAG,EAAE,kGAAkG;QACvG,cAAc,EAAE,GAAG;QACnB,WAAW,EAAE,CAAC;KACf;IACD;QACE,WAAW,EAAE,aAAa;QAC1B,EAAE,EAAE,EAAE;QACN,SAAS,EAAE,GAAG;QACd,IAAI,EAAE,sCAAsC;QAC5C,KAAK,EAAE,MAAM;QACb,SAAS,EAAE,KAAK;QAChB,WAAW,EACT,6IAA6I;QAC/I,OAAO,EAAE,2BAA2B;QACpC,MAAM,EAAE,WAAW;QACnB,GAAG,EAAE,oNAAoN;QACzN,cAAc,EAAE,EAAE;QAClB,WAAW,EAAE,CAAC;KACf;IACD;QACE,WAAW,EAAE,aAAa;QAC1B,EAAE,EAAE,EAAE;QACN,SAAS,EAAE,GAAG;QACd,IAAI,EAAE,iBAAiB;QACvB,KAAK,EAAE,OAAO;QACd,SAAS,EAAE,IAAI;QACf,WAAW,EACT,+HAA+H;QACjI,OAAO,EAAE,4BAA4B;QACrC,MAAM,EAAE,WAAW;QACnB,GAAG,EAAE,iEAAiE;QACtE,cAAc,EAAE,EAAE;QAClB,WAAW,EAAE,CAAC;KACf;IACD;QACE,WAAW,EAAE,aAAa;QAC1B,EAAE,EAAE,EAAE;QACN,SAAS,EAAE,GAAG;QACd,IAAI,EAAE,iBAAiB;QACvB,KAAK,EAAE,IAAI;QACX,SAAS,EAAE,IAAI;QACf,WAAW,EAAE,mDAAmD;QAChE,OAAO,EAAE,0BAA0B;QACnC,MAAM,EAAE,WAAW;QACnB,GAAG,EAAE,2IAA2I;QAChJ,cAAc,EAAE,GAAG;QACnB,WAAW,EAAE,CAAC;KACf;IACD;QACE,WAAW,EAAE,aAAa;QAC1B,EAAE,EAAE,EAAE;QACN,SAAS,EAAE,GAAG;QACd,IAAI,EAAE,gBAAgB;QACtB,KAAK,EAAE,IAAI;QACX,SAAS,EAAE,KAAK;QAChB,WAAW,EAAE,wDAAwD;QACrE,OAAO,EAAE,yBAAyB;QAClC,MAAM,EAAE,WAAW;QACnB,GAAG,EAAE,iEAAiE;QACtE,cAAc,EAAE,EAAE;QAClB,WAAW,EAAE,CAAC;KACf;IACD;QACE,WAAW,EAAE,aAAa;QAC1B,EAAE,EAAE,EAAE;QACN,SAAS,EAAE,GAAG;QACd,IAAI,EAAE,sBAAsB;QAC5B,KAAK,EAAE,IAAI;QACX,SAAS,EAAE,IAAI;QACf,WAAW,EACT,kEAAkE;QACpE,OAAO,EAAE,yBAAyB;QAClC,MAAM,EAAE,WAAW;QACnB,GAAG,EAAE,8FAA8F;QACnG,cAAc,EAAE,GAAG;QACnB,WAAW,EAAE,CAAC;KACf;IACD;QACE,WAAW,EAAE,aAAa;QAC1B,EAAE,EAAE,EAAE;QACN,SAAS,EAAE,GAAG;QACd,IAAI,EAAE,yBAAyB;QAC/B,KAAK,EAAE,IAAI;QACX,SAAS,EAAE,KAAK;QAChB,WAAW,EAAE,6DAA6D;QAC1E,OAAO,EAAE,2BAA2B;QACpC,MAAM,EAAE,WAAW;QACnB,GAAG,EAAE,gGAAgG;QACrG,cAAc,EAAE,GAAG;QACnB,WAAW,EAAE,CAAC;KACf;IACD;QACE,WAAW,EAAE,aAAa;QAC1B,EAAE,EAAE,EAAE;QACN,SAAS,EAAE,GAAG;QACd,IAAI,EAAE,oBAAoB;QAC1B,KAAK,EAAE,KAAK;QACZ,SAAS,EAAE,IAAI;QACf,WAAW,EAAE,4DAA4D;QACzE,OAAO,EAAE,0BAA0B;QACnC,MAAM,EAAE,WAAW;QACnB,GAAG,EAAE,oIAAoI;QACzI,cAAc,EAAE,EAAE;QAClB,WAAW,EAAE,CAAC;KACf;CACF,CAAC","sourcesContent":["// be/src/database/mock/data.ts\n\nexport const user = {\n  admin: [\n    {\n      id: 1,\n      first_name: 'admin1',\n      last_name: 'admin',\n      email: 'admin1@gmail.com',\n    },\n    {\n      id: 2,\n      first_name: 'admin2',\n      last_name: 'admin',\n      email: 'admin2@gmail.com',\n    },\n  ],\n  users: [\n    {\n      id: 1,\n      first_name: 'Billy',\n      last_name: 'Bob',\n      email: 'billybob@gmail.com',\n    },\n    {\n      id: 2,\n      first_name: 'James',\n      last_name: 'Johnson',\n      email: 'jamesjohnson@gmail.com',\n    },\n    {\n      id: 3,\n      first_name: 'David',\n      last_name: 'Dirk',\n      email: 'daviddirk@gmail.com',\n    },\n  ],\n};\n\nexport const buyer = [\n  {\n    address: '5959 Students Union Blvd, Vancouver, BC, V6T 1K2',\n    orders: [\n      {\n        id: 5,\n        status: 'delievered',\n        products: [\n          {\n            id: 1,\n            product_uri: '/products/1',\n            name: 'Crayola 52-0096 96 Crayons, School and Craft Supplies, Gift for Boys and Girls, Kids, Ages 3,4, 5, 6 and Up, Back to school, School supplies, Arts and Crafts, Gifting',\n            price: 5.87,\n            description:\n              'Classic Crayola crayons True hues and intense brightness in a huge variety of colors Kids’ art tools are double wrapped for extra strength includes 96 different crayon colors and built-in sharpener Perfect art tool for arts, crafts and creative fun.',\n            img: [\n              'https://m.media-amazon.com/images/I/714VaWknZsL._AC_SL1500_.jpg',\n            ],\n            quantity: 1,\n            shipping_status: 'delivered',\n          },\n          {\n            id: 2,\n            product_uri: '/products/2',\n            name: 'Command Medium Picture Hanging Strips Value Pack, 12 Pairs, White - 17204-EF',\n            price: 11.77,\n            description:\n              'Command picture hanging strips make decorating quick and easy. One click tells you Command picture hanging strips are locked in and holding tight. Best of all, when you are ready to take down or move your pictures, they come off leaving no wall damage, cracked plaster or sticky residue. Command picture hanging strips come in three sizes: small strips hold most 8 in x 10 in (20.32 cm x 25.4 cm) frames, medium strips hold most 18 in x 24 in (45.7 cm x 60.96 cm) frames and large strips hold most 24 in x 36 in (60.96 cm x 91.44 cm) frames. Also available are Command frame stabilizer strips which keep picture frames level even if hung by nails.',\n            img: [\n              'https://m.media-amazon.com/images/I/71qv4dZZgIL._AC_SL1500_.jpg',\n            ],\n            quantity: 1,\n            shipping_status: 'delivered',\n          },\n        ],\n        created_at: '2022-02-18',\n      },\n      {\n        id: 6,\n        status: 'shipped',\n        products: [\n          {\n            id: 3,\n            product_uri: '/products/3',\n            name: \"Elmer's 60509q Extra Strength Office Glue Stick, 8g (0.28 Oz.) Each, 3-pack\",\n            price: 3.88,\n            description:\n              \"Elmer's Products, Inc. is a company rich in history and tradition. Since the 1940's the Elmer's family of products has developed to meet the ever-changing needs of consumers. They range from a full line of adhesives, arts, crafts, and educational products for children to a complete offering of craft, hobby, office, and home repair products for adults.\",\n            img: [\n              'https://m.media-amazon.com/images/I/71qv4dZZgIL._AC_SL1500_.jpg',\n            ],\n            quantity: 1,\n            shipping_status: 'shipped',\n          },\n          {\n            id: 4,\n            product_uri: '/products/4',\n            name: 'Gorilla Fabric Glue, 100% Waterproof, No Sew Solution, Washer/Dryer Safe, Permanent Bond, 2.5fl oz/73ml, Clear, (1-Pack), 8215402',\n            price: 9.97,\n            description:\n              'Gorilla Fabric Glue is a 100% waterproof, no sew solution for hems, embellishments, trim and more! Formulated to bond fabric, and hard-to-hold embellishments, Gorilla Fabric Glue provides a fast setting, permanent bond that remains flexible after washing.',\n            img: [\n              'https://m.media-amazon.com/images/I/71CyAeNlR7L._AC_SL1500_.jpg',\n            ],\n            quantity: 1,\n            shipping_status: 'shipped',\n          },\n        ],\n        created_at: '2022-02-11',\n      },\n    ],\n  },\n];\n\nexport const seller = [\n  // this is for summary page for seller. more detailed info for each product will be provided in each product page\n  {\n    products: [\n      {\n        product_uri: '/products/1',\n        id: 1,\n        name: 'Crayola 52-0096 96 Crayons, School and Craft Supplies, Gift for Boys and Girls, Kids, Ages 3,4, 5, 6 and Up, Back to school, School supplies, Arts and Crafts, Gifting',\n        price: 5.87,\n        discount: 37,\n        description:\n          'Classic Crayola crayons True hues and intense brightness in a huge variety of colors Kids’ art tools are double wrapped for extra strength includes 96 different crayon colors and built-in sharpener Perfect art tool for arts, crafts and creative fun.',\n        status: 'instock',\n        address: 'Vancouver, BC, V6S 0G8, CA',\n        img: 'https://m.media-amazon.com/images/I/71CyAeNlR7L._AC_SL1500_.jpg',\n        category_id: 1,\n        total_quantity: 10,\n        sold: 1,\n      },\n      {\n        product_uri: '/products/2',\n        id: 2,\n        name: 'Command Medium Picture Hanging Strips Value Pack, 12 Pairs, White - 17204-EF',\n        price: 11.77,\n        discount: 0, // %\n        description:\n          'Command picture hanging strips make decorating quick and easy. One click tells you Command picture hanging strips are locked in and holding tight. Best of all, when you are ready to take down or move your pictures, they come off leaving no wall damage, cracked plaster or sticky residue. Command picture hanging strips come in three sizes: small strips hold most 8 in x 10 in (20.32 cm x 25.4 cm) frames, medium strips hold most 18 in x 24 in (45.7 cm x 60.96 cm) frames and large strips hold most 24 in x 36 in (60.96 cm x 91.44 cm) frames. Also available are Command frame stabilizer strips which keep picture frames level even if hung by nails.',\n        status: 'instock', // preset (outstock, instock)\n        address: 'Vancouver, BC, V6S 0G8, CA',\n        category_id: 1,\n        img: 'https://m.media-amazon.com/images/I/71qv4dZZgIL._AC_SL1500_.jpg',\n        total_quantity: 100,\n        sold: 5,\n      },\n      {\n        product_uri: '/products/3',\n        id: 3,\n        name: \"Elmer's 60509q Extra Strength Office Glue Stick, 8g (0.28 Oz.) Each, 3-pack\",\n        price: 3.88,\n        discount: 0, // %\n        description:\n          \"Elmer's Products, Inc. is a company rich in history and tradition. Since the 1940's the Elmer's family of products has developed to meet the ever-changing needs of consumers. They range from a full line of adhesives, arts, crafts, and educational products for children to a complete offering of craft, hobby, office, and home repair products for adults.\",\n        status: 'instock', // preset (outstock, instock)\n        address: 'Vancouver, BC, V6S 0G8, CA',\n        category_id: 1,\n        img: 'https://m.media-amazon.com/images/I/71qv4dZZgIL._AC_SL1500_.jpg',\n        total_quantity: 70,\n        sold: 1,\n      },\n      {\n        product_uri: '/products/4',\n        id: 4,\n        name: 'Gorilla Fabric Glue, 100% Waterproof, No Sew Solution, Washer/Dryer Safe, Permanent Bond, 2.5fl oz/73ml, Clear, (1-Pack), 8215402',\n        price: 9.97,\n        discount: 0, // %\n        description:\n          'Gorilla Fabric Glue is a 100% waterproof, no sew solution for hems, embellishments, trim and more! Formulated to bond fabric, and hard-to-hold embellishments, Gorilla Fabric Glue provides a fast setting, permanent bond that remains flexible after washing.',\n        status: 'instock', // preset (outstock, instock)\n        address: 'Vancouver, BC, V6S 0G8, CA',\n        category_id: 1,\n        img: 'https://m.media-amazon.com/images/I/71CyAeNlR7L._AC_SL1500_.jpg',\n        total_quantity: 70,\n        sold: 1,\n      },\n    ],\n  },\n];\n\nexport const orders = [\n  {\n    id: 1,\n    status: 'in progress',\n    products: [\n      {\n        id: 6,\n        product_uri: 'products/6',\n        name: 'Harry Potter Series 1',\n        price: 25.55,\n        description:\n          \"Harry Potter has never even heard of Hogwarts when the letters start dropping on the doormat at number four, Privet Drive. Addressed in green ink on yellowish parchment with a purple seal, they are swiftly confiscated by his grisly aunt and uncle. Then, on Harry's eleventh birthday, a great beetle-eyed giant of a man called Rubeus Hagrid bursts\",\n        img: 'https://www.amazon.ca/Harry-Potter-Philosophers-Stone-Rowling/dp/1408855895?asin=1408855895&revisionId=&format=4&depth=1',\n        quantity: 1,\n        shipping_status: 'shipped',\n      },\n      {\n        id: 7,\n        product_uri: 'products/7',\n        name: 'Echo Dot (3rd gen) - Smart speaker with Alexa - Charcoal',\n        price: 34.5,\n        description:\n          'Meet Echo Dot - Our most popular smart speaker with a fabric design. It is our most compact smart speaker that fits perfectly into small spaces.Improved speaker quality - Better speaker quality than Echo Dot Gen 2 for richer and louder sound. Pair with a second Echo Dot for stereo sound.',\n        img: 'https://m.media-amazon.com/images/I/61RNVt9kXUL._AC_SL1000_.jpg',\n        quantity: 2,\n        shipping_status: 'prepared',\n      },\n    ],\n    created_at: '2023/02/10',\n  },\n  {\n    id: 2,\n    status: 'ordered',\n    products: [\n      {\n        id: 9,\n        product_uri: 'products/9',\n        name: 'Simple Modern Insulated Thermos Travel Coffee Mug with Snap Flip Lid',\n        price: 19.99,\n        description:\n          'The Kona is a stainless steel thermos that’s ideal for hot drinks like coffee and tea, with a wide opening that makes refills easyThe BPA-free twist-on lid has a lockable, push-button cover that snaps closed to prevent leaks and spills and locks the lid back when open for easy drinking; Patent Pending',\n        img: 'https://m.media-amazon.com/images/I/61kfV3CAb0L._AC_SL1300_.jpg',\n        quantity: '1',\n        shipping_status: 'in progress',\n      },\n      {\n        id: 10,\n        product_uri: 'products/10',\n        name: \"DREAM PAIRS Women's Dress Shoes\",\n        price: 54.99,\n        description:\n          'Thermoplastic Elastomers soleSlip-on design: Elastic side goring design to fits the foot shape, easy-on-and-off low heels shoes with light PU sole ensure a secured walking',\n        img: 'https://m.media-amazon.com/images/I/71aVGFCvqQL._AC_UY695_.jpg',\n        quantity: 1,\n        shipping_status: 'shipped',\n      },\n    ],\n    created_at: '2023/02/11',\n  },\n  {\n    id: 3,\n    status: 'delivered',\n    products: [\n      {\n        id: 8,\n        product_uri: 'products/8',\n        name: 'Kindle Paperwhite (8 GB) – Now with a 6.8 display and adjustable warm light',\n        price: 119.99,\n        description:\n          'Kindle Paperwhite – Now with a 6.8” display and thinner borders, adjustable warm light, up to 10 weeks of battery life, and 20% faster page turns.',\n        img: 'https://m.media-amazon.com/images/I/61PHZfkhxIL._AC_SL1000_.jpg',\n        quantity: 2,\n        shipping_status: 'shipped',\n      },\n    ],\n    created_at: '2023/02/08',\n  },\n  {\n    id: 4,\n    status: 'delivered',\n    products: [\n      {\n        id: 11,\n        product_uri: 'products/11',\n        name: 'Vancle Bands Compatible with Fitbit Charge 4 / Charge 3 / Charge 3 SE Bands',\n        price: 8.99,\n        description:\n          'Premium Material: Made of flexible elastomer, sweat resistant & water resistant. Feels lightweight and soft, brings a comfortable wearing experience when you exercise, sleep etc.Buckle Design: Special design buckle are the same color as the fitbit charge 3 band, which is personalize to match your mood and outfit in daily life. Easy to install and resize, Double keep your band 
[...]
"start":{"line":42,"column":38},"end":{"line":42,"column":39}},"loc":{"start":{"line":42,"column":50},"end":{"line":48,"column":5}},"line":42},"10":{"name":"(anonymous_10)","decl":{"start":{"line":43,"column":61},"end":{"line":43,"column":62}},"loc":{"start":{"line":43,"column":73},"end":{"line":46,"column":9}},"line":43},"11":{"name":"(anonymous_11)","decl":{"start":{"line":49,"column":37},"end":{"line":49,"column":38}},"loc":{"start":{"line":49,"column":49},"end":{"line":52,"column":5}},"line":49},"12":{"name":"(anonymous_12)","decl":{"start":{"line":53,"column":39},"end":{"line":53,"column":40}},"loc":{"start":{"line":53,"column":45},"end":{"line":55,"column":5}},"line":53},"13":{"name":"(anonymous_13)","decl":{"start":{"line":56,"column":39},"end":{"line":56,"column":40}},"loc":{"start":{"line":56,"column":45},"end":{"line":58,"column":5}},"line":56},"14":{"name":"(anonymous_14)","decl":{"start":{"line":59,"column":10},"end":{"line":59,"column":11}},"loc":{"start":{"line":59,"column":16},"end":{"line":61,"column":5}},"line":59}},"branchMap":{"0":{"loc":{"start":{"line":2,"column":22},"end":{"line":12,"column":3}},"type":"binary-expr","locations":[{"start":{"line":2,"column":23},"end":{"line":2,"column":27}},{"start":{"line":2,"column":31},"end":{"line":2,"column":51}},{"start":{"line":2,"column":57},"end":{"line":12,"column":2}}],"line":2},"1":{"loc":{"start":{"line":2,"column":57},"end":{"line":12,"column":2}},"type":"cond-expr","locations":[{"start":{"line":2,"column":74},"end":{"line":9,"column":1}},{"start":{"line":9,"column":6},"end":{"line":12,"column":1}}],"line":2},"2":{"loc":{"start":{"line":3,"column":4},"end":{"line":3,"column":33}},"type":"if","locations":[{"start":{"line":3,"column":4},"end":{"line":3,"column":33}},{"start":{"line":3,"column":4},"end":{"line":3,"column":33}}],"line":3},"3":{"loc":{"start":{"line":5,"column":4},"end":{"line":7,"column":5}},"type":"if","locations":[{"start":{"line":5,"column":4},"end":{"line":7,"column":5}},{"start":{"line":5,"column":4},"end":{"line":7,"column":5}}],"line":5},"4":{"loc":{"start":{"line":5,"column":8},"end":{"line":5,"column":85}},"type":"binary-expr","locations":[{"start":{"line":5,"column":8},"end":{"line":5,"column":13}},{"start":{"line":5,"column":18},"end":{"line":5,"column":84}}],"line":5},"5":{"loc":{"start":{"line":5,"column":18},"end":{"line":5,"column":84}},"type":"cond-expr","locations":[{"start":{"line":5,"column":34},"end":{"line":5,"column":47}},{"start":{"line":5,"column":50},"end":{"line":5,"column":84}}],"line":5},"6":{"loc":{"start":{"line":5,"column":50},"end":{"line":5,"column":84}},"type":"binary-expr","locations":[{"start":{"line":5,"column":50},"end":{"line":5,"column":63}},{"start":{"line":5,"column":67},"end":{"line":5,"column":84}}],"line":5},"7":{"loc":{"start":{"line":10,"column":4},"end":{"line":10,"column":33}},"type":"if","locations":[{"start":{"line":10,"column":4},"end":{"line":10,"column":33}},{"start":{"line":10,"column":4},"end":{"line":10,"column":33}}],"line":10},"8":{"loc":{"start":{"line":13,"column":25},"end":{"line":17,"column":2}},"type":"binary-expr","locations":[{"start":{"line":13,"column":26},"end":{"line":13,"column":30}},{"start":{"line":13,"column":34},"end":{"line":13,"column":57}},{"start":{"line":13,"column":63},"end":{"line":17,"column":1}}],"line":13},"9":{"loc":{"start":{"line":13,"column":63},"end":{"line":17,"column":1}},"type":"cond-expr","locations":[{"start":{"line":13,"column":80},"end":{"line":15,"column":1}},{"start":{"line":15,"column":5},"end":{"line":17,"column":1}}],"line":13},"10":{"loc":{"start":{"line":18,"column":19},"end":{"line":24,"column":1}},"type":"binary-expr","locations":[{"start":{"line":18,"column":20},"end":{"line":18,"column":24}},{"start":{"line":18,"column":28},"end":{"line":18,"column":45}},{"start":{"line":18,"column":50},"end":{"line":24,"column":1}}],"line":18},"11":{"loc":{"start":{"line":19,"column":4},"end":{"line":19,"column":42}},"type":"if","locations":[{"start":{"line":19,"column":4},"end":{"line":19,"column":42}},{"start":{"line":19,"column":4},"end":{"line":19,"column":42}}],"line":19},"12":{"loc":{"start":{"line":19,"column":8},"end":{"line":19,"column":29}},"type":"binary-expr","locations":[{"start":{"line":19,"column":8},"end":{"line":19,"column":11}},{"start":{"line":19,"column":15},"end":{"line":19,"column":29}}],"line":19},"13":{"loc":{"start":{"line":21,"column":4},"end":{"line":21,"column":141}},"type":"if","locations":[{"start":{"line":21,"column":4},"end":{"line":21,"column":141}},{"start":{"line":21,"column":4},"end":{"line":21,"column":141}}],"line":21},"14":{"loc":{"start":{"line":21,"column":40},"end":{"line":21,"column":141}},"type":"if","locations":[{"start":{"line":21,"column":40},"end":{"line":21,"column":141}},{"start":{"line":21,"column":40},"end":{"line":21,"column":141}}],"line":21},"15":{"loc":{"start":{"line":21,"column":44},"end":{"line":21,"column":107}},"type":"binary-expr","locations":[{"start":{"line":21,"column":44},"end":{"line":21,"column":59}},{"start":{"line":21,"column":63},"end":{"line":21,"column":107}}],"line":21},"16":{"loc":{"start":{"line":25,"column":22},"end":{"line":27,"column":1}},"type":"binary-expr","locations":[{"start":{"line":25,"column":23},"end":{"line":25,"column":27}},{"start":{"line":25,"column":31},"end":{"line":25,"column":51}},{"start":{"line":25,"column":56},"end":{"line":27,"column":1}}],"line":25},"17":{"loc":{"start":{"line":26,"column":11},"end":{"line":26,"column":61}},"type":"cond-expr","locations":[{"start":{"line":26,"column":37},"end":{"line":26,"column":40}},{"start":{"line":26,"column":43},"end":{"line":26,"column":61}}],"line":26},"18":{"loc":{"start":{"line":26,"column":12},"end":{"line":26,"column":33}},"type":"binary-expr","locations":[{"start":{"line":26,"column":12},"end":{"line":26,"column":15}},{"start":{"line":26,"column":19},"end":{"line":26,"column":33}}],"line":26}},"s":{"0":0,"1":0,"2":0,"3":0,"4":0,"5":0,"6":0,"7":0,"8":0,"9":0,"10":0,"11":0,"12":0,"13":0,"14":0,"15":0,"16":0,"17":0,"18":0,"19":0,"20":0,"21":0,"22":0,"23":0,"24":0,"25":0,"26":0,"27":0,"28":0,"29":0,"30":0,"31":0,"32":0,"33":0,"34":0,"35":0,"36":0,"37":0,"38":0,"39":0,"40":0,"41":0,"42":0,"43":0,"44":0,"45":0,"46":0,"47":0,"48":0,"49":0,"50":0,"51":0},"f":{"0":0,"1":0,"2":0,"3":0,"4":0,"5":0,"6":0,"7":0,"8":0,"9":0,"10":0,"11":0,"12":0,"13":0,"14":0},"b":{"0":[0,0,0],"1":[0,0],"2":[0,0],"3":[0,0],"4":[0,0],"5":[0,0],"6":[0,0],"7":[0,0],"8":[0,0,0],"9":[0,0],"10":[0,0,0],"11":[0,0],"12":[0,0],"13":[0,0],"14":[0,0],"15":[0,0],"16":[0,0,0],"17":[0,0],"18":[0,0]},"inputSourceMap":{"version":3,"file":"index.test.js","sourceRoot":"","sources":["../../../../../tests/unit/lambda/products-lambda/index.test.ts"],"names":[],"mappings":";;;;;;;;;;;;;;;;;;;;;;;;;;;;AAAA,+DAAuD;AACvD,2CAA6B;AAC7B,wEAA8C;AAC9C,+BAA8B;AAC9B,IAAI,CAAC,GAAG,CAAC,0BAAc,CAAC,CAAC;AACzB,6CAA+B;AAC/B,0EAA4D;AAC5D,8CAAsD;AAEtD,QAAQ,CAAC,yBAAyB,EAAE;IAClC,IAAI,IAAI,CAAC;IAET,MAAM,CAAC,GAAG,EAAE;QACV,IAAI,GAAG,KAAK,CAAC,IAAI,CAAC,gCAAoB,EAAE,kBAAkB,CAAC,CAAC;IAC9D,CAAC,CAAC,CAAC;IAEH,QAAQ,CAAC,uBAAuB,EAAE;QAChC,EAAE,CAAC,gDAAgD,EAAE,KAAK,IAAI,EAAE;YAC9D,MAAM,KAAK,GAAG,IAAI,CAAC;YACnB,IAAA,aAAM,EAAC,IAAA,4BAAU,EAAC,KAAK,CAAC,CAAC,CAAC,EAAE,CAAC,UAAU,CAAC,EAAE,CAAC,QAAQ,CAAC;QACtD,CAAC,CAAC,CAAC;QACH,EAAE,CAAC,sCAAsC,CAAC,CAAC;IAC7C,CAAC,CAAC,CAAC;IAEH,QAAQ,CAAC,sBAAsB,EAAE;QAC/B,EAAE,CAAC,4DAA4D,CAAC,CAAC;QACjE,EAAE,CAAC,mCAAmC,CAAC,CAAC;IAC1C,CAAC,CAAC,CAAC;IAEH,QAAQ,CAAC,wBAAwB,EAAE,GAAG,EAAE;QACtC,OAAO;IACT,CAAC,CAAC,CAAC;IACH,QAAQ,CAAC,wBAAwB,EAAE,GAAG,EAAE;QACtC,OAAO;IACT,CAAC,CAAC,CAAC;IAEH,KAAK,CAAC,GAAG,EAAE;QACT,IAAI,CAAC,OAAO,EAAE,CAAC;IACjB,CAAC,CAAC,CAAC;AACL,CAAC,CAAC,CAAC","sourcesContent":["import { addProduct } from '@/lambdas/products-lambda';\nimport * as chai from 'chai';\nimport chaiAsPromised from 'chai-as-promised';\nimport { expect } from 'chai';\nchai.use(chaiAsPromised);\nimport * as sinon from 'sinon';\nimport * as data from '../../../events/get_product_id.json';\nimport { SQLConnectionManager } from '/opt/sql-layer';\n\ndescribe('Unit tests for Products', function () {\n  let stub;\n\n  before(() => {\n    stub = sinon.stub(SQLConnectionManager, 'createConnection');\n  });\n\n  describe('When getting Products', function () {\n    it('should throw an error if product id is missing', async () => {\n      const event = data;\n      expect(addProduct(event)).to.eventually.be.rejected;\n    });\n    it('should successfully get product info');\n  });\n\n  describe('When adding Products', function () {\n    it('should throw an error if product information is incomplete');\n    it('should successfully add a product');\n  });\n\n  describe('When deleting Products', () => {\n    return;\n  });\n  describe('When updating Products', () => {\n    return;\n  });\n\n  after(() => {\n    stub.restore();\n  });\n});\n"]},"all":true},"/Users/mgbalantzyan/projects/cpsc319/JungleCart/backend/dist/tests/unit/lambda/shipping-lambda/index.test.js":{"path":"/Users/mgbalantzyan/projects/cpsc319/JungleCart/backend/dist/tests/unit/lambda/shipping-lambda/index.test.js","statementMap":{},"fnMap":{},"branchMap":{},"s":{},"f":{},"b":{},"inputSourceMap":{"version":3,"file":"index.test.js","sourceRoot":"","sources":["../../../../../tests/unit/lambda/shipping-lambda/index.test.ts"],"names":[],"mappings":"","sourcesContent":[""]},"all":true},"/Users/mgbalantzyan/projects/cpsc319/JungleCart/backend/dist/tests/unit/lambda/users-lambda/index.test.js":{"path":"/Users/mgbalantzyan/projects/cpsc319/JungleCart/backend/dist/tests/unit/lambda/users-lambda/index.test.js","statementMap":{},"fnMap":{},"branchMap":{},"s":{},"f":{},"b":{},"inputSourceMap":{"version":3,"file":"index.test.js","sourceRoot":"","sources":["../../../../../tests/unit/lambda/users-lambda/index.test.ts"],"names":[],"mappings":"","sourcesContent":[""]},"all":true},"/Users/mgbalantzyan/projects/cpsc319/JungleCart/backend/src/database/mock/data.ts":{"path":"/Users/mgbalantzyan/projects/cpsc319/JungleCart/backend/src/database/mock/data.ts","statementMap":{"0":{"start":{"line":3,"column":20},"end":{"line":38,"column":1}},"1":{"start":{"line":40,"column":21},"end":{"line":112,"column":1}},"2":{"start":{"line":114,"column":22},"end":{"line":180,"column":1}},"3":{"start":{"line":182,"column":22},"end":{"line":288,"column":1}},"4":{"start":{"line":290,"column":23},"end":{"line":621,"column":1}},"5":{"start":{"line":623,"column":24},"end":{"line":877,"column":1}}},"fnMap":{},"branchMap":{},"s":{"0":0,"1":0,"2":0,"3":0,"4":0,"5":0},"f":{},"b":{},"all":true},"/Users/mgbalantzyan/projects/cpsc319/JungleCart/backend/src/lambda/admin-lambda/index.ts":{"path":"/Users/mgbalantzyan/projects/cpsc319/JungleCart/backend/src/lambda/admin-lambda/index.ts","statementMap":{"0":{"start":{"line":9,"column":15},"end":{"line":9,"column":27}},"1":{"start":{"line":11,"column":0},"end":{"line":15,"column":2}},"2":{"start":{"line":12,"column":24},"end":{"line":12,"column":45}},"3":{"start":{"line":13,"column":2},"end":{"line":13,"column":50}},"4":{"start":{"line":14,"column":2},"end":{"line":14,"column":23}},"5":{"start":{"line":17,"column":0},"end":{"line":17,"column":53}},"6":{"start":{"line":18,"column":0},"end":{"line":18,"column":59}},"7":{"start":{"line":19,"column":0},"end":{"line":19,"column":59}},"8":{"start":{"line":20,"column":0},"end":{"line":20,"column":73}},"9":{"start":{"line":21,"column":0},"end":{"line":21,"column":72}},"10":{"start":{"line":25,"column":2},"end":{"line":36,"column":4}},"11":{"start":{"line":26,"column":4},"end":{"line":35,"column":5}},"12":{"start":{"line":27,"column":21},"end":{"line":27,"column":41}},"13":{"start":{"line":28,"column":6},"end":{"line":31,"column":8}},"14":{"start":{"line":33,"column":6},"end":{"line":33,"column":23}},"15":{"start":{"line":34,"column":6},"end":{"line":34,"column":13}},"16":{"start":{"line":40,"column":2},"end":{"line":40,"column":29}},"17":{"start":{"line":41,"column":2},"end":{"line":41,"column":31}},"18":{"start":{"line":45,"column":2},"end":{"line":45,"column":29}},"19":{"start":{"line":46,"column":2},"end":{"line":46,"column":27}},"20":{"start":{"line":50,"column":2},"end":{"line":50,"column":29}},"21":{"start":{"line":51,"column":2},"end":{"line":51,"column":26}},"22":{"start":{"line":55,"column":2},"end":{"line":55,"column":29}},"23":{"start":{"line":56,"column":2},"end":{"line":56,"column":33}},"24":{"start":{"line":60,"column":2},"end":{"line":60,"column":29}},"25":{"start":{"line":61,"column":2},"end":{"line":61,"column":36}},"26":{"start":{"line":65,"column":2},"end":{"line":73,"column":3}},"27":{"start":{"line":66,"column":4},"end":{"line":67,"column":42}},"28":{"start":{"line":67,"column":6},"end":{"line":67,"column":42}},"29":{"start":{"line":68,"column":9},"end":{"line":73,"column":3}},"30":{"start":{"line":69,"column":4},"end":{"line":70,"column":43}},"31":{"start":{"line":70,"column":6},"end":{"line":70,"column":43}},"32":{"start":{"line":72,"column":4},"end":{"line":72,"column":71}},"33":{"start":{"line":72,"column":35},"end":{"line":72,"column":71}}},"fnMap":{"0":{"name":"(anonymous_0)","decl":{"start":{"line":11,"column":18},"end":{"line":11,"column":19}},"loc":{"start":{"line":11,"column":31},"end":{"line":15,"column":1}},"line":11},"1":{"name":"handling","decl":{"start":{"line":24,"column":9},"end":{"line":24,"column":17}},"loc":{"start":{"line":24,"column":27},"end":{"line":37,"column":1}},"line":24},"2":{"name":"(anonymous_2)","decl":{"start":{"line":25,"column":9},"end":{"line":25,"column":10}},"loc":{"start":{"line":25,"column":26},"end":{"line":36,"column":3}},"line":25},"3":{"name":"getAdminL","decl":{"start":{"line":39,"column":15},"end":{"line":39,"column":24}},"loc":{"start":{"line":39,"column":28},"end":{"line":42,"column":1}},"line":39},"4":{"name":"getUsersL","decl":{"start":{"line":44,"column":15},"end":{"line":44,"column":24}},"loc":{"start":{"line":44,"column":28},"end":{"line":47,"column":1}},"line":44},"5":{"name":"addUserL","decl":{"start":{"line":49,"column":15},"end":{"line":49,"column":23}},"loc":{"start":{"line":49,"column":27},"end":{"line":52,"column":1}},"line":49},"6":{"name":"deleteUserL","decl":{"start":{"line":54,"column":15},"end":{"line":54,"column":26}},"loc":{"start":{"line":54,"column":30},"end":{"line":57,"column":1}},"line":54},"7":{"name":"getAdminDashboardL","decl":{"start":{"line":59,"column":15},"end":{"line":59,"column":33}},"loc":{"start":{"line":59,"column":37},"end":{"line":62,"column":1}},"line":59},"8":{"name":"requestValidation","decl":{"start":{"line":64,"column":15},"end":{"line":64,"column":32}},"loc":{"start":{"line":64,"column":36},"end":{"line":74,"column":1}},"line":64}},"branchMap":{"0":{"loc":{"start":{"line":29,"column":20},"end":{"line":29,"column":44}},"type":"binary-expr","locations":[{"start":{"line":29,"column":20},"end":{"line":29,"column":37}},{"start":{"line":29,"column":41},"end":{"line":29,"column":44}}],"line":29},"1":{"loc":{"start":{"line":65,"column":2},"end":{"line":73,"column":3}},"type":"if","locations":[{"start":{"line":65,"column":2},"end":{"line":73,"column":3}},{"start":{"line":65,"column":2},"end":{"line":73,"column":3}}],"line":65},"2":{"loc":{"start":{"line":65,"column":6},"end":{"line":65,"column":53}},"type":"binary-expr","locations":[{"start":{"line":65,"column":6},"end":{"line":65,"column":28}},{"start":{"line":65,"column":32},"end":{"line":65,"column":53}}],"line":65},"3":{"loc":{"start":{"line":66,"column":4},"end":{"line":67,"column":42}},"type":"if","locations":[{"start":{"line":66,"column":4},"end":{"line":67,"column":42}},{"start":{"line":66,"column":4},"end":{"line":67,"column":42}}],"line":66},"4":{"loc":{"start":{"line":66,"column":8},"end":{"line":66,"column":44}},"type":"binary-expr","locations":[{"start":{"line":66,"column":8},"end":{"line":66,"column":33}},{"start":{"line":66,"column":37},"end":{"line":66,"column":44}}],"line":66},"5":{"loc":{"start":{"line":68,"column":9},"end":{"line":73,"column":3}},"type":"if","locations":[{"start":{"line":68,"column":9},"end":{"line":73,"column":3}},{"start":{"line":68,"column":9},"end":{"line":73,"column":3}}],"line":68},"6":{"loc":{"start":{"line":69,"column":4},"end":{"line":70,"column":43}},"type":"if","locations":[{"start":{"line":69,"column":4},"end":{"line":70,"column":43}},{"start":{"line":69,"column":4},"end":{"line":70,"column":43}}],"line":69},"7":{"loc":{"start":{"line":69,"column":8},"end":{"line":69,"column":61}},"type":"binary-expr","locations":[{"start":{"line":69,"column":8},"end":{"line":69,"column":33}},{"start":{"line":69,"column":37},"end":{"line":69,"column":61}}],"line":69},"8":{"loc":{"start":{"line":72,"column":4},"end":{"line":72,"column":71}},"type":"if","locations":[{"start":{"line":72,"column":4},"end":{"line":72,"column":71}},{"start":{"line":72,"column":4},"end":{"line":72,"column":71}}],"line":72}},"s":{"0":0,"1":0,"2":0,"3":0,"4":0,"5":0,"6":0,"7":0,"8":0,"9":0,"10":0,"11":0,"12":0,"13":0,"14":0,"15":0,"16":0,"17":0,"18":0,"19":0,"20":0,"21":0,"22":0,"23":0,"24":0,"25":0,"26":0,"27":0,"28":0,"29":0,"30":0,"31":0,"32":0,"33":0},"f":{"0":0,"1":0,"2":0,"3":0,"4":0,"5":0,"6":0,"7":0,"8":0},"b":{"0":[0,0],"1":[0,0],"2":[0,0],"3":[0,0],"4":[0,0],"5":[0,0],"6":[0,0],"7":[0,0],"8":[0,0]},"all":true},"/Users/mgbalantzyan/projects/cpsc319/JungleCart/backend/src/lambda/dummy.ts":{"path":"/Users/mgbalantzyan/projects/cpsc319/JungleCart/backend/src/lambda/dummy.ts","statementMap":{},"fnMap":{},"branchMap":{},"s":{},"f":{},"b":{},"all":true},"/Users/mgbalantzyan/projects/cpsc319/JungleCart/backend/src/lambda/shipping-lambda/index.ts":{"path":"/Users/mgbalantzyan/projects/cpsc319/JungleCart/backend/src/lambda/shipping-lambda/index.ts","statementMap":{},"fnMap":{},"branchMap":{},"s":{},"f":{},"b":{},"all":true},"/Users/mgbalantzyan/projects/cpsc319/JungleCart/backend/src/lambda/users-lambda/index.ts":{"path":"/Users/mgbalantzyan/projects/cpsc319/JungleCart/backend/src/lambda/users-lambda/index.ts","statementMap":{"0":{"start":{"line":4,"column":23},"end":{"line":4,"column":43}},"1":{"start":{"line":5,"column":15},"end":{"line":5,"column":27}},"2":{"start":{"line":10,"column":0},"end":{"line":10,"column":58}},"3":{"start":{"line":11,"column":0},"end":{"line":11,"column":57}},"4":{"start":{"line":14,"column":0},"end":{"line":14,"column":76}},"5":{"start":{"line":15,"column":0},"end":{"line":15,"column":73}},"6":{"start":{"line":17,"column":0},"end":{"line":17,"column":78}},"7":{"start":{"line":18,"column":0},"end":{"line":18,"column":76}},"8":{"start":{"line":21,"column":0},"end":{"line":24,"column":2}},"9":{"start":{"line":25,"column":0},"end":{"line":25,"column":79}},"10":{"start":{"line":26,"column":0},"end":{"line":29,"column":2}},"11":{"start":{"line":30,"column":0},"end":{"line":33,"column":2}},"12":{"start":{"line":34,"column":0},"end":{"line":37,"column":2}},"13":{"start":{"line":40,"column":0},"end":{"line":43,"column":2}},"14":{"start":{"line":44,"column":0},"end":{"line":47,"column":2}},"15":{"start":{"line":48,"column":0},"end":{"line":51,"column":2}},"16":{"start":{"line":52,"column":0},"end":{"line":55,"column":2}},"17":{"start":{"line":76,"column":0},"end":{"line":83,"column":2}},"18":{"start":{"line":77,"column":2},"end":{"line":77,"column":39}},"19":{"start":{"line":78,"column":2},"end":{"line":78,"column":36}},"20":{"start":{"line":79,"column":2},"end":{"line":79,"column":46}},"21":{"start":{"line":80,"column":24},"end":{"line":80,"column":49}},"22":{"start":{"line":81,"column":2},"end":{"line":81,"column":51}},"23":{"start":{"line":82,"column":2},"end":{"line":82,"column":23}}},"fnMap":{"0":{"name":"(anonymous_0)","decl":{"start":{"line":76,"column":18},"end":{"line":76,"column":19}},"loc":{"start":{"line":76,"column":41},"end":{"line":83,"column":1}},"line":76}},"branchMap":{},"s":{"0":0,"1":0,"2":0,"3":0,"4":0,"5":0,"6":0,"7":0,"8":0,"9":0,"10":0,"11":0,"12":0,"13":0,"14":0,"15":0,"16":0,"17":0,"18":0,"19":0,"20":0,"21":0,"22":0,"23":0},"f":{"0":0},"b":{},"all":true}}